[DEBUG] 2018-02-13 09:51:18.593 [main] IntegratorServiceImpl - Adding Integrator [org.hibernate.cfg.beanvalidation.BeanValidationIntegrator].
[DEBUG] 2018-02-13 09:51:18.623 [main] IntegratorServiceImpl - Adding Integrator [org.hibernate.secure.spi.JaccIntegrator].
[DEBUG] 2018-02-13 09:51:18.653 [main] IntegratorServiceImpl - Adding Integrator [org.hibernate.cache.internal.CollectionCacheInvalidator].
[INFO ] 2018-02-13 09:51:18.851 [main] Version - HHH000412: Hibernate Core {5.2.12.Final}
[INFO ] 2018-02-13 09:51:18.852 [main] Environment - HHH000206: hibernate.properties not found
[DEBUG] 2018-02-13 09:51:18.940 [main] LocalXmlResourceResolver - Interpreting public/system identifier : [-//Hibernate/Hibernate Configuration DTD//EN] - [http://www.hibernate.org/dtd/hibernate-configuration-3.0.dtd]
[DEBUG] 2018-02-13 09:51:18.941 [main] LocalXmlResourceResolver - Recognized hibernate-configuration identifier; attempting to resolve on classpath under org/hibernate/
[DEBUG] 2018-02-13 09:51:18.947 [main] JaxbCfgProcessor - cfg.xml document did not define namespaces; wrapping in custom event reader to introduce namespace information
[DEBUG] 2018-02-13 09:51:19.723 [main] ServiceBinding - Overriding existing service binding [org.hibernate.secure.spi.JaccService]
[DEBUG] 2018-02-13 09:51:19.790 [main] RegionFactoryInitiator - Cache region factory : org.hibernate.cache.internal.NoCachingRegionFactory
[INFO ] 2018-02-13 09:51:19.806 [main] Version - HCANN000001: Hibernate Commons Annotations {5.0.1.Final}
[DEBUG] 2018-02-13 09:51:19.849 [main] BasicTypeRegistry - Adding type registration boolean -> org.hibernate.type.BooleanType@7d7758be
[DEBUG] 2018-02-13 09:51:19.849 [main] BasicTypeRegistry - Adding type registration boolean -> org.hibernate.type.BooleanType@7d7758be
[DEBUG] 2018-02-13 09:51:19.854 [main] BasicTypeRegistry - Adding type registration java.lang.Boolean -> org.hibernate.type.BooleanType@7d7758be
[DEBUG] 2018-02-13 09:51:19.855 [main] BasicTypeRegistry - Adding type registration numeric_boolean -> org.hibernate.type.NumericBooleanType@68878f6d
[DEBUG] 2018-02-13 09:51:19.855 [main] BasicTypeRegistry - Adding type registration true_false -> org.hibernate.type.TrueFalseType@78fa769e
[DEBUG] 2018-02-13 09:51:19.856 [main] BasicTypeRegistry - Adding type registration yes_no -> org.hibernate.type.YesNoType@2c78324b
[DEBUG] 2018-02-13 09:51:19.858 [main] BasicTypeRegistry - Adding type registration byte -> org.hibernate.type.ByteType@4149c063
[DEBUG] 2018-02-13 09:51:19.858 [main] BasicTypeRegistry - Adding type registration byte -> org.hibernate.type.ByteType@4149c063
[DEBUG] 2018-02-13 09:51:19.859 [main] BasicTypeRegistry - Adding type registration java.lang.Byte -> org.hibernate.type.ByteType@4149c063
[DEBUG] 2018-02-13 09:51:19.860 [main] BasicTypeRegistry - Adding type registration character -> org.hibernate.type.CharacterType@62656be4
[DEBUG] 2018-02-13 09:51:19.860 [main] BasicTypeRegistry - Adding type registration char -> org.hibernate.type.CharacterType@62656be4
[DEBUG] 2018-02-13 09:51:19.861 [main] BasicTypeRegistry - Adding type registration java.lang.Character -> org.hibernate.type.CharacterType@62656be4
[DEBUG] 2018-02-13 09:51:19.862 [main] BasicTypeRegistry - Adding type registration short -> org.hibernate.type.ShortType@4c2bb6e0
[DEBUG] 2018-02-13 09:51:19.863 [main] BasicTypeRegistry - Adding type registration short -> org.hibernate.type.ShortType@4c2bb6e0
[DEBUG] 2018-02-13 09:51:19.866 [main] BasicTypeRegistry - Adding type registration java.lang.Short -> org.hibernate.type.ShortType@4c2bb6e0
[DEBUG] 2018-02-13 09:51:19.867 [main] BasicTypeRegistry - Adding type registration integer -> org.hibernate.type.IntegerType@4bff7da0
[DEBUG] 2018-02-13 09:51:19.867 [main] BasicTypeRegistry - Adding type registration int -> org.hibernate.type.IntegerType@4bff7da0
[DEBUG] 2018-02-13 09:51:19.867 [main] BasicTypeRegistry - Adding type registration java.lang.Integer -> org.hibernate.type.IntegerType@4bff7da0
[DEBUG] 2018-02-13 09:51:19.869 [main] BasicTypeRegistry - Adding type registration long -> org.hibernate.type.LongType@18ece7f4
[DEBUG] 2018-02-13 09:51:19.869 [main] BasicTypeRegistry - Adding type registration long -> org.hibernate.type.LongType@18ece7f4
[DEBUG] 2018-02-13 09:51:19.869 [main] BasicTypeRegistry - Adding type registration java.lang.Long -> org.hibernate.type.LongType@18ece7f4
[DEBUG] 2018-02-13 09:51:19.870 [main] BasicTypeRegistry - Adding type registration float -> org.hibernate.type.FloatType@b86de0d
[DEBUG] 2018-02-13 09:51:19.874 [main] BasicTypeRegistry - Adding type registration float -> org.hibernate.type.FloatType@b86de0d
[DEBUG] 2018-02-13 09:51:19.874 [main] BasicTypeRegistry - Adding type registration java.lang.Float -> org.hibernate.type.FloatType@b86de0d
[DEBUG] 2018-02-13 09:51:19.875 [main] BasicTypeRegistry - Adding type registration double -> org.hibernate.type.DoubleType@2ca923bb
[DEBUG] 2018-02-13 09:51:19.875 [main] BasicTypeRegistry - Adding type registration double -> org.hibernate.type.DoubleType@2ca923bb
[DEBUG] 2018-02-13 09:51:19.875 [main] BasicTypeRegistry - Adding type registration java.lang.Double -> org.hibernate.type.DoubleType@2ca923bb
[DEBUG] 2018-02-13 09:51:19.876 [main] BasicTypeRegistry - Adding type registration big_decimal -> org.hibernate.type.BigDecimalType@35a3d49f
[DEBUG] 2018-02-13 09:51:19.876 [main] BasicTypeRegistry - Adding type registration java.math.BigDecimal -> org.hibernate.type.BigDecimalType@35a3d49f
[DEBUG] 2018-02-13 09:51:19.878 [main] BasicTypeRegistry - Adding type registration big_integer -> org.hibernate.type.BigIntegerType@c667f46
[DEBUG] 2018-02-13 09:51:19.879 [main] BasicTypeRegistry - Adding type registration java.math.BigInteger -> org.hibernate.type.BigIntegerType@c667f46
[DEBUG] 2018-02-13 09:51:19.884 [main] BasicTypeRegistry - Adding type registration string -> org.hibernate.type.StringType@19b843ba
[DEBUG] 2018-02-13 09:51:19.884 [main] BasicTypeRegistry - Adding type registration java.lang.String -> org.hibernate.type.StringType@19b843ba
[DEBUG] 2018-02-13 09:51:19.885 [main] BasicTypeRegistry - Adding type registration nstring -> org.hibernate.type.StringNVarcharType@1ec9bd38
[DEBUG] 2018-02-13 09:51:19.885 [main] BasicTypeRegistry - Adding type registration ncharacter -> org.hibernate.type.CharacterNCharType@928763c
[DEBUG] 2018-02-13 09:51:19.886 [main] BasicTypeRegistry - Adding type registration url -> org.hibernate.type.UrlType@2f666ebb
[DEBUG] 2018-02-13 09:51:19.886 [main] BasicTypeRegistry - Adding type registration java.net.URL -> org.hibernate.type.UrlType@2f666ebb
[DEBUG] 2018-02-13 09:51:19.906 [main] BasicTypeRegistry - Adding type registration Duration -> org.hibernate.type.DurationType@75c56eb9
[DEBUG] 2018-02-13 09:51:19.906 [main] BasicTypeRegistry - Adding type registration java.time.Duration -> org.hibernate.type.DurationType@75c56eb9
[DEBUG] 2018-02-13 09:51:19.958 [main] BasicTypeRegistry - Adding type registration Instant -> org.hibernate.type.InstantType@26adfd2d
[DEBUG] 2018-02-13 09:51:19.958 [main] BasicTypeRegistry - Adding type registration java.time.Instant -> org.hibernate.type.InstantType@26adfd2d
[DEBUG] 2018-02-13 09:51:19.959 [main] BasicTypeRegistry - Adding type registration LocalDateTime -> org.hibernate.type.LocalDateTimeType@6dd7b5a3
[DEBUG] 2018-02-13 09:51:19.959 [main] BasicTypeRegistry - Adding type registration java.time.LocalDateTime -> org.hibernate.type.LocalDateTimeType@6dd7b5a3
[DEBUG] 2018-02-13 09:51:19.964 [main] BasicTypeRegistry - Adding type registration LocalDate -> org.hibernate.type.LocalDateType@39b43d60
[DEBUG] 2018-02-13 09:51:19.964 [main] BasicTypeRegistry - Adding type registration java.time.LocalDate -> org.hibernate.type.LocalDateType@39b43d60
[DEBUG] 2018-02-13 09:51:19.971 [main] BasicTypeRegistry - Adding type registration LocalTime -> org.hibernate.type.LocalTimeType@5f20155b
[DEBUG] 2018-02-13 09:51:19.971 [main] BasicTypeRegistry - Adding type registration java.time.LocalTime -> org.hibernate.type.LocalTimeType@5f20155b
[DEBUG] 2018-02-13 09:51:19.979 [main] BasicTypeRegistry - Adding type registration OffsetDateTime -> org.hibernate.type.OffsetDateTimeType@7d94beb9
[DEBUG] 2018-02-13 09:51:19.979 [main] BasicTypeRegistry - Adding type registration java.time.OffsetDateTime -> org.hibernate.type.OffsetDateTimeType@7d94beb9
[DEBUG] 2018-02-13 09:51:19.980 [main] BasicTypeRegistry - Adding type registration OffsetTime -> org.hibernate.type.OffsetTimeType@37911f88
[DEBUG] 2018-02-13 09:51:19.980 [main] BasicTypeRegistry - Adding type registration java.time.OffsetTime -> org.hibernate.type.OffsetTimeType@37911f88
[DEBUG] 2018-02-13 09:51:19.983 [main] BasicTypeRegistry - Adding type registration ZonedDateTime -> org.hibernate.type.ZonedDateTimeType@4e928fbf
[DEBUG] 2018-02-13 09:51:19.983 [main] BasicTypeRegistry - Adding type registration java.time.ZonedDateTime -> org.hibernate.type.ZonedDateTimeType@4e928fbf
[DEBUG] 2018-02-13 09:51:19.988 [main] BasicTypeRegistry - Adding type registration date -> org.hibernate.type.DateType@1130520d
[DEBUG] 2018-02-13 09:51:19.988 [main] BasicTypeRegistry - Adding type registration java.sql.Date -> org.hibernate.type.DateType@1130520d
[DEBUG] 2018-02-13 09:51:19.989 [main] BasicTypeRegistry - Adding type registration time -> org.hibernate.type.TimeType@7a3793c7
[DEBUG] 2018-02-13 09:51:19.989 [main] BasicTypeRegistry - Adding type registration java.sql.Time -> org.hibernate.type.TimeType@7a3793c7
[DEBUG] 2018-02-13 09:51:19.991 [main] BasicTypeRegistry - Adding type registration timestamp -> org.hibernate.type.TimestampType@5456afaa
[DEBUG] 2018-02-13 09:51:19.991 [main] BasicTypeRegistry - Adding type registration java.sql.Timestamp -> org.hibernate.type.TimestampType@5456afaa
[DEBUG] 2018-02-13 09:51:19.991 [main] BasicTypeRegistry - Adding type registration java.util.Date -> org.hibernate.type.TimestampType@5456afaa
[DEBUG] 2018-02-13 09:51:20.005 [main] BasicTypeRegistry - Adding type registration dbtimestamp -> org.hibernate.type.DbTimestampType@589da3f3
[DEBUG] 2018-02-13 09:51:20.005 [main] BasicTypeRegistry - Adding type registration calendar -> org.hibernate.type.CalendarType@50313382
[DEBUG] 2018-02-13 09:51:20.009 [main] BasicTypeRegistry - Adding type registration java.util.Calendar -> org.hibernate.type.CalendarType@50313382
[DEBUG] 2018-02-13 09:51:20.009 [main] BasicTypeRegistry - Adding type registration java.util.GregorianCalendar -> org.hibernate.type.CalendarType@50313382
[DEBUG] 2018-02-13 09:51:20.009 [main] BasicTypeRegistry - Adding type registration calendar_date -> org.hibernate.type.CalendarDateType@14a50707
[DEBUG] 2018-02-13 09:51:20.015 [main] BasicTypeRegistry - Adding type registration locale -> org.hibernate.type.LocaleType@7354b8c5
[DEBUG] 2018-02-13 09:51:20.016 [main] BasicTypeRegistry - Adding type registration java.util.Locale -> org.hibernate.type.LocaleType@7354b8c5
[DEBUG] 2018-02-13 09:51:20.017 [main] BasicTypeRegistry - Adding type registration currency -> org.hibernate.type.CurrencyType@59e2d8e3
[DEBUG] 2018-02-13 09:51:20.017 [main] BasicTypeRegistry - Adding type registration java.util.Currency -> org.hibernate.type.CurrencyType@59e2d8e3
[DEBUG] 2018-02-13 09:51:20.017 [main] BasicTypeRegistry - Adding type registration timezone -> org.hibernate.type.TimeZoneType@2fba3fc4
[DEBUG] 2018-02-13 09:51:20.018 [main] BasicTypeRegistry - Adding type registration java.util.TimeZone -> org.hibernate.type.TimeZoneType@2fba3fc4
[DEBUG] 2018-02-13 09:51:20.021 [main] BasicTypeRegistry - Adding type registration class -> org.hibernate.type.ClassType@1c852c0f
[DEBUG] 2018-02-13 09:51:20.021 [main] BasicTypeRegistry - Adding type registration java.lang.Class -> org.hibernate.type.ClassType@1c852c0f
[DEBUG] 2018-02-13 09:51:20.022 [main] BasicTypeRegistry - Adding type registration uuid-binary -> org.hibernate.type.UUIDBinaryType@51c693d
[DEBUG] 2018-02-13 09:51:20.022 [main] BasicTypeRegistry - Adding type registration java.util.UUID -> org.hibernate.type.UUIDBinaryType@51c693d
[DEBUG] 2018-02-13 09:51:20.023 [main] BasicTypeRegistry - Adding type registration uuid-char -> org.hibernate.type.UUIDCharType@4e07b95f
[DEBUG] 2018-02-13 09:51:20.024 [main] BasicTypeRegistry - Adding type registration binary -> org.hibernate.type.BinaryType@43599640
[DEBUG] 2018-02-13 09:51:20.024 [main] BasicTypeRegistry - Adding type registration byte[] -> org.hibernate.type.BinaryType@43599640
[DEBUG] 2018-02-13 09:51:20.024 [main] BasicTypeRegistry - Adding type registration [B -> org.hibernate.type.BinaryType@43599640
[DEBUG] 2018-02-13 09:51:20.025 [main] BasicTypeRegistry - Adding type registration wrapper-binary -> org.hibernate.type.WrapperBinaryType@544d57e
[DEBUG] 2018-02-13 09:51:20.025 [main] BasicTypeRegistry - Adding type registration Byte[] -> org.hibernate.type.WrapperBinaryType@544d57e
[DEBUG] 2018-02-13 09:51:20.025 [main] BasicTypeRegistry - Adding type registration [Ljava.lang.Byte; -> org.hibernate.type.WrapperBinaryType@544d57e
[DEBUG] 2018-02-13 09:51:20.025 [main] BasicTypeRegistry - Adding type registration row_version -> org.hibernate.type.RowVersionType@26df6e3a
[DEBUG] 2018-02-13 09:51:20.026 [main] BasicTypeRegistry - Adding type registration image -> org.hibernate.type.ImageType@29a5f4e7
[DEBUG] 2018-02-13 09:51:20.027 [main] BasicTypeRegistry - Adding type registration characters -> org.hibernate.type.CharArrayType@27e47833
[DEBUG] 2018-02-13 09:51:20.027 [main] BasicTypeRegistry - Adding type registration char[] -> org.hibernate.type.CharArrayType@27e47833
[DEBUG] 2018-02-13 09:51:20.027 [main] BasicTypeRegistry - Adding type registration [C -> org.hibernate.type.CharArrayType@27e47833
[DEBUG] 2018-02-13 09:51:20.028 [main] BasicTypeRegistry - Adding type registration wrapper-characters -> org.hibernate.type.CharacterArrayType@1e4d3ce5
[DEBUG] 2018-02-13 09:51:20.028 [main] BasicTypeRegistry - Adding type registration [Ljava.lang.Character; -> org.hibernate.type.CharacterArrayType@1e4d3ce5
[DEBUG] 2018-02-13 09:51:20.028 [main] BasicTypeRegistry - Adding type registration Character[] -> org.hibernate.type.CharacterArrayType@1e4d3ce5
[DEBUG] 2018-02-13 09:51:20.030 [main] BasicTypeRegistry - Adding type registration text -> org.hibernate.type.TextType@1e81f160
[DEBUG] 2018-02-13 09:51:20.031 [main] BasicTypeRegistry - Adding type registration ntext -> org.hibernate.type.NTextType@6e01f9b0
[DEBUG] 2018-02-13 09:51:20.033 [main] BasicTypeRegistry - Adding type registration blob -> org.hibernate.type.BlobType@6e15fe2
[DEBUG] 2018-02-13 09:51:20.033 [main] BasicTypeRegistry - Adding type registration java.sql.Blob -> org.hibernate.type.BlobType@6e15fe2
[DEBUG] 2018-02-13 09:51:20.034 [main] BasicTypeRegistry - Adding type registration materialized_blob -> org.hibernate.type.MaterializedBlobType@57ad2aa7
[DEBUG] 2018-02-13 09:51:20.062 [main] BasicTypeRegistry - Adding type registration clob -> org.hibernate.type.ClobType@490caf5f
[DEBUG] 2018-02-13 09:51:20.062 [main] BasicTypeRegistry - Adding type registration java.sql.Clob -> org.hibernate.type.ClobType@490caf5f
[DEBUG] 2018-02-13 09:51:20.065 [main] BasicTypeRegistry - Adding type registration nclob -> org.hibernate.type.NClobType@30c8681
[DEBUG] 2018-02-13 09:51:20.065 [main] BasicTypeRegistry - Adding type registration java.sql.NClob -> org.hibernate.type.NClobType@30c8681
[DEBUG] 2018-02-13 09:51:20.065 [main] BasicTypeRegistry - Adding type registration materialized_clob -> org.hibernate.type.MaterializedClobType@78aa1f72
[DEBUG] 2018-02-13 09:51:20.065 [main] BasicTypeRegistry - Adding type registration materialized_nclob -> org.hibernate.type.MaterializedNClobType@4b7dc788
[DEBUG] 2018-02-13 09:51:20.066 [main] BasicTypeRegistry - Adding type registration serializable -> org.hibernate.type.SerializableType@27d5a580
[DEBUG] 2018-02-13 09:51:20.074 [main] BasicTypeRegistry - Adding type registration object -> org.hibernate.type.ObjectType@6aa61224
[DEBUG] 2018-02-13 09:51:20.074 [main] BasicTypeRegistry - Adding type registration java.lang.Object -> org.hibernate.type.ObjectType@6aa61224
[DEBUG] 2018-02-13 09:51:20.075 [main] BasicTypeRegistry - Adding type registration imm_date -> org.hibernate.type.AdaptedImmutableType@7e19ebf0
[DEBUG] 2018-02-13 09:51:20.075 [main] BasicTypeRegistry - Adding type registration imm_time -> org.hibernate.type.AdaptedImmutableType@2474f125
[DEBUG] 2018-02-13 09:51:20.075 [main] BasicTypeRegistry - Adding type registration imm_timestamp -> org.hibernate.type.AdaptedImmutableType@7357a011
[DEBUG] 2018-02-13 09:51:20.075 [main] BasicTypeRegistry - Adding type registration imm_dbtimestamp -> org.hibernate.type.AdaptedImmutableType@3406472c
[DEBUG] 2018-02-13 09:51:20.077 [main] BasicTypeRegistry - Adding type registration imm_calendar -> org.hibernate.type.AdaptedImmutableType@5717c37
[DEBUG] 2018-02-13 09:51:20.077 [main] BasicTypeRegistry - Adding type registration imm_calendar_date -> org.hibernate.type.AdaptedImmutableType@68f4865
[DEBUG] 2018-02-13 09:51:20.078 [main] BasicTypeRegistry - Adding type registration imm_binary -> org.hibernate.type.AdaptedImmutableType@4816278d
[DEBUG] 2018-02-13 09:51:20.078 [main] BasicTypeRegistry - Adding type registration imm_serializable -> org.hibernate.type.AdaptedImmutableType@4eaf3684
[INFO ] 2018-02-13 09:51:20.097 [main] C3P0ConnectionProvider - HHH010002: C3P0 using driver: com.mysql.jdbc.Driver at URL: jdbc:mysql://localhost:3306/test_iBookTracker
[INFO ] 2018-02-13 09:51:20.097 [main] C3P0ConnectionProvider - HHH10001001: Connection properties: {user=root, password=****}
[INFO ] 2018-02-13 09:51:20.107 [main] C3P0ConnectionProvider - HHH10001003: Autocommit mode: false
[INFO ] 2018-02-13 09:51:20.630 [main] C3P0ConnectionProvider - HHH10001007: JDBC isolation level: <unknown>
[DEBUG] 2018-02-13 09:51:21.372 [main] JdbcEnvironmentInitiator - Database ->
       name : MySQL
    version : 5.7.21-0ubuntu0.16.04.1
      major : 5
      minor : 7
[DEBUG] 2018-02-13 09:51:21.375 [main] JdbcEnvironmentInitiator - Driver ->
       name : MySQL Connector Java
    version : mysql-connector-java-5.1.39 ( Revision: 3289a357af6d09ecc1a10fd3c26e95183e5790ad )
      major : 5
      minor : 1
[DEBUG] 2018-02-13 09:51:21.375 [main] JdbcEnvironmentInitiator - JDBC version : 4.0
[INFO ] 2018-02-13 09:51:21.427 [main] Dialect - HHH000400: Using dialect: org.hibernate.dialect.MySQL5Dialect
[DEBUG] 2018-02-13 09:51:21.508 [main] IdentifierHelperBuilder - JDBC driver metadata reported database stores quoted identifiers in more than one case
[DEBUG] 2018-02-13 09:51:21.510 [main] IdentifierHelperBuilder - IdentifierCaseStrategy for both quoted and unquoted identifiers was set to the same strategy [MIXED]; that will likely lead to problems in schema update and validation if using quoted identifiers
[DEBUG] 2018-02-13 09:51:21.639 [main] DefaultIdentifierGeneratorFactory - Registering IdentifierGenerator strategy [uuid2] -> [org.hibernate.id.UUIDGenerator]
[DEBUG] 2018-02-13 09:51:21.639 [main] DefaultIdentifierGeneratorFactory - Registering IdentifierGenerator strategy [guid] -> [org.hibernate.id.GUIDGenerator]
[DEBUG] 2018-02-13 09:51:21.640 [main] DefaultIdentifierGeneratorFactory - Registering IdentifierGenerator strategy [uuid] -> [org.hibernate.id.UUIDHexGenerator]
[DEBUG] 2018-02-13 09:51:21.641 [main] DefaultIdentifierGeneratorFactory - Registering IdentifierGenerator strategy [uuid.hex] -> [org.hibernate.id.UUIDHexGenerator]
[DEBUG] 2018-02-13 09:51:21.642 [main] DefaultIdentifierGeneratorFactory - Registering IdentifierGenerator strategy [assigned] -> [org.hibernate.id.Assigned]
[DEBUG] 2018-02-13 09:51:21.643 [main] DefaultIdentifierGeneratorFactory - Registering IdentifierGenerator strategy [identity] -> [org.hibernate.id.IdentityGenerator]
[DEBUG] 2018-02-13 09:51:21.643 [main] DefaultIdentifierGeneratorFactory - Registering IdentifierGenerator strategy [select] -> [org.hibernate.id.SelectGenerator]
[DEBUG] 2018-02-13 09:51:21.645 [main] DefaultIdentifierGeneratorFactory - Registering IdentifierGenerator strategy [sequence] -> [org.hibernate.id.enhanced.SequenceStyleGenerator]
[DEBUG] 2018-02-13 09:51:21.645 [main] DefaultIdentifierGeneratorFactory - Registering IdentifierGenerator strategy [seqhilo] -> [org.hibernate.id.SequenceHiLoGenerator]
[DEBUG] 2018-02-13 09:51:21.646 [main] DefaultIdentifierGeneratorFactory - Registering IdentifierGenerator strategy [increment] -> [org.hibernate.id.IncrementGenerator]
[DEBUG] 2018-02-13 09:51:21.646 [main] DefaultIdentifierGeneratorFactory - Registering IdentifierGenerator strategy [foreign] -> [org.hibernate.id.ForeignGenerator]
[DEBUG] 2018-02-13 09:51:21.646 [main] DefaultIdentifierGeneratorFactory - Registering IdentifierGenerator strategy [sequence-identity] -> [org.hibernate.id.SequenceIdentityGenerator]
[DEBUG] 2018-02-13 09:51:21.646 [main] DefaultIdentifierGeneratorFactory - Registering IdentifierGenerator strategy [enhanced-sequence] -> [org.hibernate.id.enhanced.SequenceStyleGenerator]
[DEBUG] 2018-02-13 09:51:21.652 [main] DefaultIdentifierGeneratorFactory - Registering IdentifierGenerator strategy [enhanced-table] -> [org.hibernate.id.enhanced.TableGenerator]
[DEBUG] 2018-02-13 09:51:21.725 [main] Namespace - Created database namespace [logicalName=Name{catalog=null, schema=null}, physicalName=Name{catalog=null, schema=null}]
[DEBUG] 2018-02-13 09:51:21.768 [main] AnnotationBinder - Binding entity from annotated class: edu.matc.entity.User
[DEBUG] 2018-02-13 09:51:21.793 [main] Ejb3Column - Binding column: Ejb3DiscriminatorColumn{logicalColumnName'DTYPE', discriminatorTypeName='string'}
[DEBUG] 2018-02-13 09:51:21.811 [main] EntityBinder - Import with entity name User
[DEBUG] 2018-02-13 09:51:21.813 [main] EntityBinder - Bind entity edu.matc.entity.User on table user
[DEBUG] 2018-02-13 09:51:21.834 [main] Ejb3Column - Binding column: Ejb3Column{table=org.hibernate.mapping.Table(user), mappingColumn=id, insertable=true, updatable=true, unique=false}
[DEBUG] 2018-02-13 09:51:21.837 [main] PropertyBinder - MetadataSourceProcessor property id with lazy=false
[DEBUG] 2018-02-13 09:51:21.839 [main] AbstractPropertyHolder - Attempting to locate auto-apply AttributeConverter for property [edu.matc.entity.User:id]
[DEBUG] 2018-02-13 09:51:21.839 [main] SimpleValueBinder - building SimpleValue for id
[DEBUG] 2018-02-13 09:51:21.841 [main] PropertyBinder - Building property id
[DEBUG] 2018-02-13 09:51:21.850 [main] Ejb3Column - Binding column: Ejb3Column{table=org.hibernate.mapping.Table(user), mappingColumn=user_email, insertable=true, updatable=true, unique=false}
[DEBUG] 2018-02-13 09:51:21.852 [main] PropertyBinder - MetadataSourceProcessor property email with lazy=false
[DEBUG] 2018-02-13 09:51:21.852 [main] AbstractPropertyHolder - Attempting to locate auto-apply AttributeConverter for property [edu.matc.entity.User:email]
[DEBUG] 2018-02-13 09:51:21.856 [main] SimpleValueBinder - building SimpleValue for email
[DEBUG] 2018-02-13 09:51:21.856 [main] PropertyBinder - Building property email
[DEBUG] 2018-02-13 09:51:21.856 [main] Ejb3Column - Binding column: Ejb3Column{table=org.hibernate.mapping.Table(user), mappingColumn=first_name, insertable=true, updatable=true, unique=false}
[DEBUG] 2018-02-13 09:51:21.856 [main] PropertyBinder - MetadataSourceProcessor property firstName with lazy=false
[DEBUG] 2018-02-13 09:51:21.856 [main] AbstractPropertyHolder - Attempting to locate auto-apply AttributeConverter for property [edu.matc.entity.User:firstName]
[DEBUG] 2018-02-13 09:51:21.857 [main] SimpleValueBinder - building SimpleValue for firstName
[DEBUG] 2018-02-13 09:51:21.857 [main] PropertyBinder - Building property firstName
[DEBUG] 2018-02-13 09:51:21.857 [main] Ejb3Column - Binding column: Ejb3Column{table=org.hibernate.mapping.Table(user), mappingColumn=last_name, insertable=true, updatable=true, unique=false}
[DEBUG] 2018-02-13 09:51:21.857 [main] PropertyBinder - MetadataSourceProcessor property lastName with lazy=false
[DEBUG] 2018-02-13 09:51:21.858 [main] AbstractPropertyHolder - Attempting to locate auto-apply AttributeConverter for property [edu.matc.entity.User:lastName]
[DEBUG] 2018-02-13 09:51:21.858 [main] SimpleValueBinder - building SimpleValue for lastName
[DEBUG] 2018-02-13 09:51:21.859 [main] PropertyBinder - Building property lastName
[DEBUG] 2018-02-13 09:51:21.859 [main] Ejb3Column - Binding column: Ejb3Column{table=org.hibernate.mapping.Table(user), mappingColumn=user_phone, insertable=true, updatable=true, unique=false}
[DEBUG] 2018-02-13 09:51:21.861 [main] PropertyBinder - MetadataSourceProcessor property phone with lazy=false
[DEBUG] 2018-02-13 09:51:21.861 [main] AbstractPropertyHolder - Attempting to locate auto-apply AttributeConverter for property [edu.matc.entity.User:phone]
[DEBUG] 2018-02-13 09:51:21.861 [main] SimpleValueBinder - building SimpleValue for phone
[DEBUG] 2018-02-13 09:51:21.861 [main] PropertyBinder - Building property phone
[DEBUG] 2018-02-13 09:51:21.861 [main] Ejb3Column - Binding column: Ejb3Column{table=org.hibernate.mapping.Table(user), mappingColumn=user_name, insertable=true, updatable=true, unique=false}
[DEBUG] 2018-02-13 09:51:21.861 [main] PropertyBinder - MetadataSourceProcessor property userName with lazy=false
[DEBUG] 2018-02-13 09:51:21.862 [main] AbstractPropertyHolder - Attempting to locate auto-apply AttributeConverter for property [edu.matc.entity.User:userName]
[DEBUG] 2018-02-13 09:51:21.862 [main] SimpleValueBinder - building SimpleValue for userName
[DEBUG] 2018-02-13 09:51:21.862 [main] PropertyBinder - Building property userName
[DEBUG] 2018-02-13 09:51:21.866 [main] SimpleValueBinder - Starting fillSimpleValue for id
[DEBUG] 2018-02-13 09:51:21.866 [main] SimpleValueBinder - Starting fillSimpleValue for email
[DEBUG] 2018-02-13 09:51:21.866 [main] SimpleValueBinder - Starting fillSimpleValue for firstName
[DEBUG] 2018-02-13 09:51:21.866 [main] SimpleValueBinder - Starting fillSimpleValue for lastName
[DEBUG] 2018-02-13 09:51:21.866 [main] SimpleValueBinder - Starting fillSimpleValue for phone
[DEBUG] 2018-02-13 09:51:21.866 [main] SimpleValueBinder - Starting fillSimpleValue for userName
[DEBUG] 2018-02-13 09:51:21.867 [main] PrimaryKey - Forcing column [id] to be non-null as it is part of the primary key for table [user]
[DEBUG] 2018-02-13 09:51:21.921 [main] SessionFactoryImpl - Building session factory
[DEBUG] 2018-02-13 09:51:21.922 [main] Settings - SessionFactory name : null
[DEBUG] 2018-02-13 09:51:21.922 [main] Settings - Automatic flush during beforeCompletion(): enabled
[DEBUG] 2018-02-13 09:51:21.923 [main] Settings - Automatic session close at end of transaction: disabled
[DEBUG] 2018-02-13 09:51:21.923 [main] Settings - Statistics: disabled
[DEBUG] 2018-02-13 09:51:21.923 [main] Settings - Deleted entity synthetic identifier rollback: disabled
[DEBUG] 2018-02-13 09:51:21.923 [main] Settings - Default entity-mode: pojo
[DEBUG] 2018-02-13 09:51:21.923 [main] Settings - Check Nullability in Core (should be disabled when Bean Validation is on): enabled
[DEBUG] 2018-02-13 09:51:21.923 [main] Settings - Allow initialization of lazy state outside session : disabled
[DEBUG] 2018-02-13 09:51:21.924 [main] Settings - Using BatchFetchStyle : LEGACY
[DEBUG] 2018-02-13 09:51:21.924 [main] Settings - Default batch fetch size: -1
[DEBUG] 2018-02-13 09:51:21.924 [main] Settings - Maximum outer join fetch depth: 2
[DEBUG] 2018-02-13 09:51:21.924 [main] Settings - Default null ordering: NONE
[DEBUG] 2018-02-13 09:51:21.924 [main] Settings - Order SQL updates by primary key: disabled
[DEBUG] 2018-02-13 09:51:21.924 [main] Settings - Order SQL inserts for batching: disabled
[DEBUG] 2018-02-13 09:51:21.924 [main] Settings - multi-tenancy strategy : NONE
[DEBUG] 2018-02-13 09:51:21.924 [main] Settings - JTA Track by Thread: enabled
[DEBUG] 2018-02-13 09:51:21.924 [main] Settings - Query language substitutions: {}
[DEBUG] 2018-02-13 09:51:21.924 [main] Settings - JPA query language strict compliance: disabled
[DEBUG] 2018-02-13 09:51:21.924 [main] Settings - Named query checking : enabled
[DEBUG] 2018-02-13 09:51:21.924 [main] Settings - Second-level cache: enabled
[DEBUG] 2018-02-13 09:51:21.924 [main] Settings - Second-level query cache: disabled
[DEBUG] 2018-02-13 09:51:21.924 [main] Settings - Second-level query cache factory: org.hibernate.cache.internal.StandardQueryCacheFactory@2289aca5
[DEBUG] 2018-02-13 09:51:21.924 [main] Settings - Second-level cache region prefix: null
[DEBUG] 2018-02-13 09:51:21.924 [main] Settings - Optimize second-level cache for minimal puts: disabled
[DEBUG] 2018-02-13 09:51:21.924 [main] Settings - Structured second-level cache entries: disabled
[DEBUG] 2018-02-13 09:51:21.924 [main] Settings - Second-level cache direct-reference entries: disabled
[DEBUG] 2018-02-13 09:51:21.924 [main] Settings - Automatic eviction of collection cache: disabled
[DEBUG] 2018-02-13 09:51:21.924 [main] Settings - JDBC batch size: 15
[DEBUG] 2018-02-13 09:51:21.924 [main] Settings - JDBC batch updates for versioned data: enabled
[DEBUG] 2018-02-13 09:51:21.924 [main] Settings - Scrollable result sets: enabled
[DEBUG] 2018-02-13 09:51:21.924 [main] Settings - Wrap result sets: disabled
[DEBUG] 2018-02-13 09:51:21.924 [main] Settings - JDBC3 getGeneratedKeys(): enabled
[DEBUG] 2018-02-13 09:51:21.924 [main] Settings - JDBC result set fetch size: null
[DEBUG] 2018-02-13 09:51:21.925 [main] Settings - Connection release mode: AFTER_TRANSACTION
[DEBUG] 2018-02-13 09:51:21.925 [main] Settings - Generate SQL with comments: disabled
[DEBUG] 2018-02-13 09:51:22.024 [main] SessionFactoryImpl - Session factory constructed with filter configurations : {}
[DEBUG] 2018-02-13 09:51:22.024 [main] SessionFactoryImpl - Instantiating session factory with properties: {sun.desktop=gnome, awt.toolkit=sun.awt.X11.XToolkit, file.encoding.pkg=sun.io, java.specification.version=1.8, hibernate.c3p0.idle_test_period=3000, sun.cpu.isalist=, sun.jnu.encoding=UTF-8, hibernate.c3p0.min_size=5, java.class.path=/home/student/IdeaProjects/iBookTracker/target/test-classes:/home/student/IdeaProjects/iBookTracker/target/classes:/home/student/.m2/repository/javax/javaee-web-api/7.0/javaee-web-api-7.0.jar:/home/student/.m2/repository/mysql/mysql-connector-java/5.1.39/mysql-connector-java-5.1.39.jar:/home/student/.m2/repository/jstl/jstl/1.2/jstl-1.2.jar:/home/student/.m2/repository/org/apache/logging/log4j/log4j-api/2.10.0/log4j-api-2.10.0.jar:/home/student/.m2/repository/org/apache/logging/log4j/log4j-core/2.10.0/log4j-core-2.10.0.jar:/home/student/.m2/repository/org/junit/jupiter/junit-jupiter-engine/5.0.0/junit-jupiter-engine-5.0.0.jar:/home/student/.m2/repository/org/apiguardian/apiguardian-api/1.0.0/apiguardian-api-1.0.0.jar:/home/student/.m2/repository/org/junit/platform/junit-platform-engine/1.0.0/junit-platform-engine-1.0.0.jar:/home/student/.m2/repository/org/junit/platform/junit-platform-commons/1.0.0/junit-platform-commons-1.0.0.jar:/home/student/.m2/repository/org/opentest4j/opentest4j/1.0.0/opentest4j-1.0.0.jar:/home/student/.m2/repository/org/junit/jupiter/junit-jupiter-api/5.0.0/junit-jupiter-api-5.0.0.jar:/home/student/.m2/repository/junit/junit/4.12/junit-4.12.jar:/home/student/.m2/repository/org/hamcrest/hamcrest-core/1.3/hamcrest-core-1.3.jar:/home/student/.m2/repository/org/junit/platform/junit-platform-runner/1.0.0/junit-platform-runner-1.0.0.jar:/home/student/.m2/repository/org/junit/platform/junit-platform-launcher/1.0.0/junit-platform-launcher-1.0.0.jar:/home/student/.m2/repository/org/junit/platform/junit-platform-suite-api/1.0.0/junit-platform-suite-api-1.0.0.jar:/home/student/.m2/repository/org/junit/vintage/junit-vintage-engine/4.12.0/junit-vintage-engine-4.12.0.jar:/home/student/.m2/repository/org/hibernate/hibernate-core/5.2.12.Final/hibernate-core-5.2.12.Final.jar:/home/student/.m2/repository/org/jboss/logging/jboss-logging/3.3.0.Final/jboss-logging-3.3.0.Final.jar:/home/student/.m2/repository/org/hibernate/javax/persistence/hibernate-jpa-2.1-api/1.0.0.Final/hibernate-jpa-2.1-api-1.0.0.Final.jar:/home/student/.m2/repository/org/javassist/javassist/3.20.0-GA/javassist-3.20.0-GA.jar:/home/student/.m2/repository/antlr/antlr/2.7.7/antlr-2.7.7.jar:/home/student/.m2/repository/org/jboss/spec/javax/transaction/jboss-transaction-api_1.2_spec/1.0.1.Final/jboss-transaction-api_1.2_spec-1.0.1.Final.jar:/home/student/.m2/repository/org/jboss/jandex/2.0.3.Final/jandex-2.0.3.Final.jar:/home/student/.m2/repository/com/fasterxml/classmate/1.3.0/classmate-1.3.0.jar:/home/student/.m2/repository/dom4j/dom4j/1.6.1/dom4j-1.6.1.jar:/home/student/.m2/repository/org/hibernate/common/hibernate-commons-annotations/5.0.1.Final/hibernate-commons-annotations-5.0.1.Final.jar:/home/student/.m2/repository/org/hibernate/hibernate-c3p0/5.2.12.Final/hibernate-c3p0-5.2.12.Final.jar:/home/student/.m2/repository/com/mchange/c3p0/0.9.5.2/c3p0-0.9.5.2.jar:/home/student/.m2/repository/com/mchange/mchange-commons-java/0.2.11/mchange-commons-java-0.2.11.jar:, java.vm.vendor=Oracle Corporation, sun.arch.data.model=64, java.vendor.url=http://java.oracle.com/, user.timezone=America/Chicago, os.name=Linux, java.vm.specification.version=1.8, user.country=US, sun.java.launcher=SUN_STANDARD, sun.boot.library.path=/usr/lib/jvm/java-8-oracle/jre/lib/amd64, sun.java.command=/home/student/IdeaProjects/iBookTracker/target/surefire/surefirebooter787268468741339411.jar /home/student/IdeaProjects/iBookTracker/target/surefire/surefire4411725560432426727tmp /home/student/IdeaProjects/iBookTracker/target/surefire/surefire_04483555397478961141tmp, surefire.test.class.path=/home/student/IdeaProjects/iBookTracker/target/test-classes:/home/student/IdeaProjects/iBookTracker/target/classes:/home/student/.m2/repository/javax/javaee-web-api/7.0/javaee-web-api-7.0.jar:/home/student/.m2/repository/mysql/mysql-connector-java/5.1.39/mysql-connector-java-5.1.39.jar:/home/student/.m2/repository/jstl/jstl/1.2/jstl-1.2.jar:/home/student/.m2/repository/org/apache/logging/log4j/log4j-api/2.10.0/log4j-api-2.10.0.jar:/home/student/.m2/repository/org/apache/logging/log4j/log4j-core/2.10.0/log4j-core-2.10.0.jar:/home/student/.m2/repository/org/junit/jupiter/junit-jupiter-engine/5.0.0/junit-jupiter-engine-5.0.0.jar:/home/student/.m2/repository/org/apiguardian/apiguardian-api/1.0.0/apiguardian-api-1.0.0.jar:/home/student/.m2/repository/org/junit/platform/junit-platform-engine/1.0.0/junit-platform-engine-1.0.0.jar:/home/student/.m2/repository/org/junit/platform/junit-platform-commons/1.0.0/junit-platform-commons-1.0.0.jar:/home/student/.m2/repository/org/opentest4j/opentest4j/1.0.0/opentest4j-1.0.0.jar:/home/student/.m2/repository/org/junit/jupiter/junit-jupiter-api/5.0.0/junit-jupiter-api-5.0.0.jar:/home/student/.m2/repository/junit/junit/4.12/junit-4.12.jar:/home/student/.m2/repository/org/hamcrest/hamcrest-core/1.3/hamcrest-core-1.3.jar:/home/student/.m2/repository/org/junit/platform/junit-platform-runner/1.0.0/junit-platform-runner-1.0.0.jar:/home/student/.m2/repository/org/junit/platform/junit-platform-launcher/1.0.0/junit-platform-launcher-1.0.0.jar:/home/student/.m2/repository/org/junit/platform/junit-platform-suite-api/1.0.0/junit-platform-suite-api-1.0.0.jar:/home/student/.m2/repository/org/junit/vintage/junit-vintage-engine/4.12.0/junit-vintage-engine-4.12.0.jar:/home/student/.m2/repository/org/hibernate/hibernate-core/5.2.12.Final/hibernate-core-5.2.12.Final.jar:/home/student/.m2/repository/org/jboss/logging/jboss-logging/3.3.0.Final/jboss-logging-3.3.0.Final.jar:/home/student/.m2/repository/org/hibernate/javax/persistence/hibernate-jpa-2.1-api/1.0.0.Final/hibernate-jpa-2.1-api-1.0.0.Final.jar:/home/student/.m2/repository/org/javassist/javassist/3.20.0-GA/javassist-3.20.0-GA.jar:/home/student/.m2/repository/antlr/antlr/2.7.7/antlr-2.7.7.jar:/home/student/.m2/repository/org/jboss/spec/javax/transaction/jboss-transaction-api_1.2_spec/1.0.1.Final/jboss-transaction-api_1.2_spec-1.0.1.Final.jar:/home/student/.m2/repository/org/jboss/jandex/2.0.3.Final/jandex-2.0.3.Final.jar:/home/student/.m2/repository/com/fasterxml/classmate/1.3.0/classmate-1.3.0.jar:/home/student/.m2/repository/dom4j/dom4j/1.6.1/dom4j-1.6.1.jar:/home/student/.m2/repository/org/hibernate/common/hibernate-commons-annotations/5.0.1.Final/hibernate-commons-annotations-5.0.1.Final.jar:/home/student/.m2/repository/org/hibernate/hibernate-c3p0/5.2.12.Final/hibernate-c3p0-5.2.12.Final.jar:/home/student/.m2/repository/com/mchange/c3p0/0.9.5.2/c3p0-0.9.5.2.jar:/home/student/.m2/repository/com/mchange/mchange-commons-java/0.2.11/mchange-commons-java-0.2.11.jar:, sun.cpu.endian=little, hibernate.c3p0.max_statements=50, user.home=/home/student, user.language=en, java.specification.vendor=Oracle Corporation, java.home=/usr/lib/jvm/java-8-oracle/jre, basedir=/home/student/IdeaProjects/iBookTracker, file.separator=/, line.separator=
, hibernate.c3p0.timeout=300, java.vm.specification.vendor=Oracle Corporation, java.specification.name=Java Platform API Specification, java.awt.graphicsenv=sun.awt.X11GraphicsEnvironment, surefire.real.class.path=/home/student/IdeaProjects/iBookTracker/target/surefire/surefirebooter787268468741339411.jar, sun.boot.class.path=/usr/lib/jvm/java-8-oracle/jre/lib/resources.jar:/usr/lib/jvm/java-8-oracle/jre/lib/rt.jar:/usr/lib/jvm/java-8-oracle/jre/lib/sunrsasign.jar:/usr/lib/jvm/java-8-oracle/jre/lib/jsse.jar:/usr/lib/jvm/java-8-oracle/jre/lib/jce.jar:/usr/lib/jvm/java-8-oracle/jre/lib/charsets.jar:/usr/lib/jvm/java-8-oracle/jre/lib/jfr.jar:/usr/lib/jvm/java-8-oracle/jre/classes, connection.password=student, sun.management.compiler=HotSpot 64-Bit Tiered Compilers, hibernate.c3p0.max_size=20, java.runtime.version=1.8.0_151-b12, user.name=student, path.separator=:, hibernate.connection.username=root, os.version=4.4.0-112-generic, java.endorsed.dirs=/usr/lib/jvm/java-8-oracle/jre/lib/endorsed, java.runtime.name=Java(TM) SE Runtime Environment, hibernate.connection.url=jdbc:mysql://localhost:3306/test_iBookTracker, file.encoding=UTF-8, java.vm.name=Java HotSpot(TM) 64-Bit Server VM, localRepository=/home/student/.m2/repository, hibernate.connection.driver_class=com.mysql.jdbc.Driver, java.vendor.url.bug=http://bugreport.sun.com/bugreport/, java.io.tmpdir=/tmp, idea.version=2017.2.6, java.version=1.8.0_151, user.dir=/home/student/IdeaProjects/iBookTracker, os.arch=amd64, connection.username=root, java.vm.specification.name=Java Virtual Machine Specification, hibernate.connection.password=****, java.awt.printerjob=sun.print.PSPrinterJob, sun.os.patch.level=unknown, connection.driver_class=com.mysql.jdbc.Driver, hibernate.boot.CfgXmlAccessService.key=org.hibernate.boot.cfgxml.spi.LoadedConfig@4e4efc1b, java.library.path=/home/student/intellij/bin::/usr/java/packages/lib/amd64:/usr/lib64:/lib64:/lib:/usr/lib, java.vm.info=mixed mode, java.vendor=Oracle Corporation, java.vm.version=25.151-b12, hibernate.bytecode.use_reflection_optimizer=false, java.ext.dirs=/usr/lib/jvm/java-8-oracle/jre/lib/ext:/usr/java/packages/lib/ext, sun.io.unicode.encoding=UnicodeLittle, connection.url=jdbc:mysql://localhost:3306/test_iBookTracker, java.class.version=52.0}
[DEBUG] 2018-02-13 09:51:22.069 [main] TypeSafeActivator - Unable to acquire Bean Validation ValidatorFactory, skipping activation
[DEBUG] 2018-02-13 09:51:22.069 [main] JaccIntegrator - Skipping JACC integration as it was not enabled
[DEBUG] 2018-02-13 09:51:22.070 [main] SessionFactoryImpl - Instantiated session factory
[DEBUG] 2018-02-13 09:51:22.145 [main] ClassLoaderAccessImpl - Not known whether passed class name [edu.matc.entity.User] is safe
[DEBUG] 2018-02-13 09:51:22.146 [main] ClassLoaderAccessImpl - No temp ClassLoader provided; using live ClassLoader for loading potentially unsafe class : edu.matc.entity.User
[DEBUG] 2018-02-13 09:51:22.172 [main] ClassLoaderAccessImpl - Not known whether passed class name [edu.matc.entity.User] is safe
[DEBUG] 2018-02-13 09:51:22.172 [main] ClassLoaderAccessImpl - No temp ClassLoader provided; using live ClassLoader for loading potentially unsafe class : edu.matc.entity.User
[DEBUG] 2018-02-13 09:51:22.292 [main] AbstractEntityPersister - Static SQL for entity: edu.matc.entity.User
[DEBUG] 2018-02-13 09:51:22.292 [main] AbstractEntityPersister -  Version select: select id from user where id =?
[DEBUG] 2018-02-13 09:51:22.292 [main] AbstractEntityPersister -  Snapshot select: select user_.id, user_.user_email as user_ema2_0_, user_.first_name as first_na3_0_, user_.last_name as last_nam4_0_, user_.user_phone as user_pho5_0_, user_.user_name as user_nam6_0_ from user user_ where user_.id=?
[DEBUG] 2018-02-13 09:51:22.292 [main] AbstractEntityPersister -  Insert 0: insert into user (user_email, first_name, last_name, user_phone, user_name, id) values (?, ?, ?, ?, ?, ?)
[DEBUG] 2018-02-13 09:51:22.292 [main] AbstractEntityPersister -  Update 0: update user set user_email=?, first_name=?, last_name=?, user_phone=?, user_name=? where id=?
[DEBUG] 2018-02-13 09:51:22.292 [main] AbstractEntityPersister -  Delete 0: delete from user where id=?
[DEBUG] 2018-02-13 09:51:22.292 [main] AbstractEntityPersister -  Identity insert: insert into user (user_email, first_name, last_name, user_phone, user_name) values (?, ?, ?, ?, ?)
[DEBUG] 2018-02-13 09:51:22.349 [main] QuerySpacesImpl - Adding QuerySpace : uid = <gen:0> -> org.hibernate.loader.plan.build.internal.spaces.EntityQuerySpaceImpl@71b1a49c]
[DEBUG] 2018-02-13 09:51:22.356 [main] MetamodelGraphWalker - Visiting attribute path : email
[DEBUG] 2018-02-13 09:51:22.356 [main] MetamodelGraphWalker - Visiting attribute path : firstName
[DEBUG] 2018-02-13 09:51:22.356 [main] MetamodelGraphWalker - Visiting attribute path : lastName
[DEBUG] 2018-02-13 09:51:22.356 [main] MetamodelGraphWalker - Visiting attribute path : phone
[DEBUG] 2018-02-13 09:51:22.356 [main] MetamodelGraphWalker - Visiting attribute path : userName
[DEBUG] 2018-02-13 09:51:22.356 [main] FetchStyleLoadPlanBuildingAssociationVisitationStrategy - Building LoadPlan...
[DEBUG] 2018-02-13 09:51:22.372 [main] LoadQueryJoinAndFetchProcessor - processing queryspace <gen:0>
[DEBUG] 2018-02-13 09:51:22.377 [main] LoadPlanTreePrinter - LoadPlan(entity=edu.matc.entity.User)
    - Returns
       - EntityReturnImpl(entity=edu.matc.entity.User, querySpaceUid=<gen:0>, path=edu.matc.entity.User)
    - QuerySpaces
       - EntityQuerySpaceImpl(uid=<gen:0>, entity=edu.matc.entity.User)
          - SQL table alias mapping - user0_
          - alias suffix - 0_
          - suffixed key columns - {id1_0_0_}

[DEBUG] 2018-02-13 09:51:22.383 [main] EntityLoader - Static select for entity edu.matc.entity.User [NONE]: select user0_.id as id1_0_0_, user0_.user_email as user_ema2_0_0_, user0_.first_name as first_na3_0_0_, user0_.last_name as last_nam4_0_0_, user0_.user_phone as user_pho5_0_0_, user0_.user_name as user_nam6_0_0_ from user user0_ where user0_.id=?
[DEBUG] 2018-02-13 09:51:22.383 [main] QuerySpacesImpl - Adding QuerySpace : uid = <gen:0> -> org.hibernate.loader.plan.build.internal.spaces.EntityQuerySpaceImpl@7af707e0]
[DEBUG] 2018-02-13 09:51:22.383 [main] MetamodelGraphWalker - Visiting attribute path : email
[DEBUG] 2018-02-13 09:51:22.384 [main] MetamodelGraphWalker - Visiting attribute path : firstName
[DEBUG] 2018-02-13 09:51:22.386 [main] MetamodelGraphWalker - Visiting attribute path : lastName
[DEBUG] 2018-02-13 09:51:22.386 [main] MetamodelGraphWalker - Visiting attribute path : phone
[DEBUG] 2018-02-13 09:51:22.386 [main] MetamodelGraphWalker - Visiting attribute path : userName
[DEBUG] 2018-02-13 09:51:22.386 [main] FetchStyleLoadPlanBuildingAssociationVisitationStrategy - Building LoadPlan...
[DEBUG] 2018-02-13 09:51:22.386 [main] LoadQueryJoinAndFetchProcessor - processing queryspace <gen:0>
[DEBUG] 2018-02-13 09:51:22.387 [main] LoadPlanTreePrinter - LoadPlan(entity=edu.matc.entity.User)
    - Returns
       - EntityReturnImpl(entity=edu.matc.entity.User, querySpaceUid=<gen:0>, path=edu.matc.entity.User)
    - QuerySpaces
       - EntityQuerySpaceImpl(uid=<gen:0>, entity=edu.matc.entity.User)
          - SQL table alias mapping - user0_
          - alias suffix - 0_
          - suffixed key columns - {id1_0_0_}

[DEBUG] 2018-02-13 09:51:22.388 [main] EntityLoader - Static select for entity edu.matc.entity.User [READ]: select user0_.id as id1_0_0_, user0_.user_email as user_ema2_0_0_, user0_.first_name as first_na3_0_0_, user0_.last_name as last_nam4_0_0_, user0_.user_phone as user_pho5_0_0_, user0_.user_name as user_nam6_0_0_ from user user0_ where user0_.id=?
[DEBUG] 2018-02-13 09:51:22.388 [main] QuerySpacesImpl - Adding QuerySpace : uid = <gen:0> -> org.hibernate.loader.plan.build.internal.spaces.EntityQuerySpaceImpl@3ecedf21]
[DEBUG] 2018-02-13 09:51:22.389 [main] MetamodelGraphWalker - Visiting attribute path : email
[DEBUG] 2018-02-13 09:51:22.389 [main] MetamodelGraphWalker - Visiting attribute path : firstName
[DEBUG] 2018-02-13 09:51:22.389 [main] MetamodelGraphWalker - Visiting attribute path : lastName
[DEBUG] 2018-02-13 09:51:22.389 [main] MetamodelGraphWalker - Visiting attribute path : phone
[DEBUG] 2018-02-13 09:51:22.389 [main] MetamodelGraphWalker - Visiting attribute path : userName
[DEBUG] 2018-02-13 09:51:22.390 [main] FetchStyleLoadPlanBuildingAssociationVisitationStrategy - Building LoadPlan...
[DEBUG] 2018-02-13 09:51:22.390 [main] LoadQueryJoinAndFetchProcessor - processing queryspace <gen:0>
[DEBUG] 2018-02-13 09:51:22.390 [main] LoadPlanTreePrinter - LoadPlan(entity=edu.matc.entity.User)
    - Returns
       - EntityReturnImpl(entity=edu.matc.entity.User, querySpaceUid=<gen:0>, path=edu.matc.entity.User)
    - QuerySpaces
       - EntityQuerySpaceImpl(uid=<gen:0>, entity=edu.matc.entity.User)
          - SQL table alias mapping - user0_
          - alias suffix - 0_
          - suffixed key columns - {id1_0_0_}

[DEBUG] 2018-02-13 09:51:22.390 [main] EntityLoader - Static select for entity edu.matc.entity.User [UPGRADE]: select user0_.id as id1_0_0_, user0_.user_email as user_ema2_0_0_, user0_.first_name as first_na3_0_0_, user0_.last_name as last_nam4_0_0_, user0_.user_phone as user_pho5_0_0_, user0_.user_name as user_nam6_0_0_ from user user0_ where user0_.id=? for update
[DEBUG] 2018-02-13 09:51:22.390 [main] QuerySpacesImpl - Adding QuerySpace : uid = <gen:0> -> org.hibernate.loader.plan.build.internal.spaces.EntityQuerySpaceImpl@36c54a56]
[DEBUG] 2018-02-13 09:51:22.390 [main] MetamodelGraphWalker - Visiting attribute path : email
[DEBUG] 2018-02-13 09:51:22.390 [main] MetamodelGraphWalker - Visiting attribute path : firstName
[DEBUG] 2018-02-13 09:51:22.390 [main] MetamodelGraphWalker - Visiting attribute path : lastName
[DEBUG] 2018-02-13 09:51:22.390 [main] MetamodelGraphWalker - Visiting attribute path : phone
[DEBUG] 2018-02-13 09:51:22.390 [main] MetamodelGraphWalker - Visiting attribute path : userName
[DEBUG] 2018-02-13 09:51:22.392 [main] FetchStyleLoadPlanBuildingAssociationVisitationStrategy - Building LoadPlan...
[DEBUG] 2018-02-13 09:51:22.393 [main] LoadQueryJoinAndFetchProcessor - processing queryspace <gen:0>
[DEBUG] 2018-02-13 09:51:22.393 [main] LoadPlanTreePrinter - LoadPlan(entity=edu.matc.entity.User)
    - Returns
       - EntityReturnImpl(entity=edu.matc.entity.User, querySpaceUid=<gen:0>, path=edu.matc.entity.User)
    - QuerySpaces
       - EntityQuerySpaceImpl(uid=<gen:0>, entity=edu.matc.entity.User)
          - SQL table alias mapping - user0_
          - alias suffix - 0_
          - suffixed key columns - {id1_0_0_}

[DEBUG] 2018-02-13 09:51:22.393 [main] EntityLoader - Static select for entity edu.matc.entity.User [UPGRADE_NOWAIT]: select user0_.id as id1_0_0_, user0_.user_email as user_ema2_0_0_, user0_.first_name as first_na3_0_0_, user0_.last_name as last_nam4_0_0_, user0_.user_phone as user_pho5_0_0_, user0_.user_name as user_nam6_0_0_ from user user0_ where user0_.id=? for update
[DEBUG] 2018-02-13 09:51:22.396 [main] QuerySpacesImpl - Adding QuerySpace : uid = <gen:0> -> org.hibernate.loader.plan.build.internal.spaces.EntityQuerySpaceImpl@7ba63fe5]
[DEBUG] 2018-02-13 09:51:22.396 [main] MetamodelGraphWalker - Visiting attribute path : email
[DEBUG] 2018-02-13 09:51:22.397 [main] MetamodelGraphWalker - Visiting attribute path : firstName
[DEBUG] 2018-02-13 09:51:22.397 [main] MetamodelGraphWalker - Visiting attribute path : lastName
[DEBUG] 2018-02-13 09:51:22.397 [main] MetamodelGraphWalker - Visiting attribute path : phone
[DEBUG] 2018-02-13 09:51:22.397 [main] MetamodelGraphWalker - Visiting attribute path : userName
[DEBUG] 2018-02-13 09:51:22.397 [main] FetchStyleLoadPlanBuildingAssociationVisitationStrategy - Building LoadPlan...
[DEBUG] 2018-02-13 09:51:22.397 [main] LoadQueryJoinAndFetchProcessor - processing queryspace <gen:0>
[DEBUG] 2018-02-13 09:51:22.397 [main] LoadPlanTreePrinter - LoadPlan(entity=edu.matc.entity.User)
    - Returns
       - EntityReturnImpl(entity=edu.matc.entity.User, querySpaceUid=<gen:0>, path=edu.matc.entity.User)
    - QuerySpaces
       - EntityQuerySpaceImpl(uid=<gen:0>, entity=edu.matc.entity.User)
          - SQL table alias mapping - user0_
          - alias suffix - 0_
          - suffixed key columns - {id1_0_0_}

[DEBUG] 2018-02-13 09:51:22.397 [main] EntityLoader - Static select for entity edu.matc.entity.User [UPGRADE_SKIPLOCKED]: select user0_.id as id1_0_0_, user0_.user_email as user_ema2_0_0_, user0_.first_name as first_na3_0_0_, user0_.last_name as last_nam4_0_0_, user0_.user_phone as user_pho5_0_0_, user0_.user_name as user_nam6_0_0_ from user user0_ where user0_.id=? for update
[DEBUG] 2018-02-13 09:51:22.397 [main] QuerySpacesImpl - Adding QuerySpace : uid = <gen:0> -> org.hibernate.loader.plan.build.internal.spaces.EntityQuerySpaceImpl@6f330eb9]
[DEBUG] 2018-02-13 09:51:22.397 [main] MetamodelGraphWalker - Visiting attribute path : email
[DEBUG] 2018-02-13 09:51:22.397 [main] MetamodelGraphWalker - Visiting attribute path : firstName
[DEBUG] 2018-02-13 09:51:22.397 [main] MetamodelGraphWalker - Visiting attribute path : lastName
[DEBUG] 2018-02-13 09:51:22.397 [main] MetamodelGraphWalker - Visiting attribute path : phone
[DEBUG] 2018-02-13 09:51:22.397 [main] MetamodelGraphWalker - Visiting attribute path : userName
[DEBUG] 2018-02-13 09:51:22.397 [main] FetchStyleLoadPlanBuildingAssociationVisitationStrategy - Building LoadPlan...
[DEBUG] 2018-02-13 09:51:22.397 [main] LoadQueryJoinAndFetchProcessor - processing queryspace <gen:0>
[DEBUG] 2018-02-13 09:51:22.398 [main] LoadPlanTreePrinter - LoadPlan(entity=edu.matc.entity.User)
    - Returns
       - EntityReturnImpl(entity=edu.matc.entity.User, querySpaceUid=<gen:0>, path=edu.matc.entity.User)
    - QuerySpaces
       - EntityQuerySpaceImpl(uid=<gen:0>, entity=edu.matc.entity.User)
          - SQL table alias mapping - user0_
          - alias suffix - 0_
          - suffixed key columns - {id1_0_0_}

[DEBUG] 2018-02-13 09:51:22.398 [main] EntityLoader - Static select for entity edu.matc.entity.User [FORCE]: select user0_.id as id1_0_0_, user0_.user_email as user_ema2_0_0_, user0_.first_name as first_na3_0_0_, user0_.last_name as last_nam4_0_0_, user0_.user_phone as user_pho5_0_0_, user0_.user_name as user_nam6_0_0_ from user user0_ where user0_.id=? for update
[DEBUG] 2018-02-13 09:51:22.398 [main] QuerySpacesImpl - Adding QuerySpace : uid = <gen:0> -> org.hibernate.loader.plan.build.internal.spaces.EntityQuerySpaceImpl@584f5497]
[DEBUG] 2018-02-13 09:51:22.398 [main] MetamodelGraphWalker - Visiting attribute path : email
[DEBUG] 2018-02-13 09:51:22.398 [main] MetamodelGraphWalker - Visiting attribute path : firstName
[DEBUG] 2018-02-13 09:51:22.398 [main] MetamodelGraphWalker - Visiting attribute path : lastName
[DEBUG] 2018-02-13 09:51:22.398 [main] MetamodelGraphWalker - Visiting attribute path : phone
[DEBUG] 2018-02-13 09:51:22.398 [main] MetamodelGraphWalker - Visiting attribute path : userName
[DEBUG] 2018-02-13 09:51:22.398 [main] FetchStyleLoadPlanBuildingAssociationVisitationStrategy - Building LoadPlan...
[DEBUG] 2018-02-13 09:51:22.398 [main] LoadQueryJoinAndFetchProcessor - processing queryspace <gen:0>
[DEBUG] 2018-02-13 09:51:22.398 [main] LoadPlanTreePrinter - LoadPlan(entity=edu.matc.entity.User)
    - Returns
       - EntityReturnImpl(entity=edu.matc.entity.User, querySpaceUid=<gen:0>, path=edu.matc.entity.User)
    - QuerySpaces
       - EntityQuerySpaceImpl(uid=<gen:0>, entity=edu.matc.entity.User)
          - SQL table alias mapping - user0_
          - alias suffix - 0_
          - suffixed key columns - {id1_0_0_}

[DEBUG] 2018-02-13 09:51:22.398 [main] EntityLoader - Static select for entity edu.matc.entity.User [PESSIMISTIC_READ]: select user0_.id as id1_0_0_, user0_.user_email as user_ema2_0_0_, user0_.first_name as first_na3_0_0_, user0_.last_name as last_nam4_0_0_, user0_.user_phone as user_pho5_0_0_, user0_.user_name as user_nam6_0_0_ from user user0_ where user0_.id=? lock in share mode
[DEBUG] 2018-02-13 09:51:22.400 [main] QuerySpacesImpl - Adding QuerySpace : uid = <gen:0> -> org.hibernate.loader.plan.build.internal.spaces.EntityQuerySpaceImpl@1f9d6c7b]
[DEBUG] 2018-02-13 09:51:22.400 [main] MetamodelGraphWalker - Visiting attribute path : email
[DEBUG] 2018-02-13 09:51:22.400 [main] MetamodelGraphWalker - Visiting attribute path : firstName
[DEBUG] 2018-02-13 09:51:22.400 [main] MetamodelGraphWalker - Visiting attribute path : lastName
[DEBUG] 2018-02-13 09:51:22.400 [main] MetamodelGraphWalker - Visiting attribute path : phone
[DEBUG] 2018-02-13 09:51:22.400 [main] MetamodelGraphWalker - Visiting attribute path : userName
[DEBUG] 2018-02-13 09:51:22.400 [main] FetchStyleLoadPlanBuildingAssociationVisitationStrategy - Building LoadPlan...
[DEBUG] 2018-02-13 09:51:22.400 [main] LoadQueryJoinAndFetchProcessor - processing queryspace <gen:0>
[DEBUG] 2018-02-13 09:51:22.401 [main] LoadPlanTreePrinter - LoadPlan(entity=edu.matc.entity.User)
    - Returns
       - EntityReturnImpl(entity=edu.matc.entity.User, querySpaceUid=<gen:0>, path=edu.matc.entity.User)
    - QuerySpaces
       - EntityQuerySpaceImpl(uid=<gen:0>, entity=edu.matc.entity.User)
          - SQL table alias mapping - user0_
          - alias suffix - 0_
          - suffixed key columns - {id1_0_0_}

[DEBUG] 2018-02-13 09:51:22.401 [main] EntityLoader - Static select for entity edu.matc.entity.User [PESSIMISTIC_WRITE]: select user0_.id as id1_0_0_, user0_.user_email as user_ema2_0_0_, user0_.first_name as first_na3_0_0_, user0_.last_name as last_nam4_0_0_, user0_.user_phone as user_pho5_0_0_, user0_.user_name as user_nam6_0_0_ from user user0_ where user0_.id=? for update
[DEBUG] 2018-02-13 09:51:22.401 [main] QuerySpacesImpl - Adding QuerySpace : uid = <gen:0> -> org.hibernate.loader.plan.build.internal.spaces.EntityQuerySpaceImpl@4fbb001b]
[DEBUG] 2018-02-13 09:51:22.401 [main] MetamodelGraphWalker - Visiting attribute path : email
[DEBUG] 2018-02-13 09:51:22.401 [main] MetamodelGraphWalker - Visiting attribute path : firstName
[DEBUG] 2018-02-13 09:51:22.401 [main] MetamodelGraphWalker - Visiting attribute path : lastName
[DEBUG] 2018-02-13 09:51:22.401 [main] MetamodelGraphWalker - Visiting attribute path : phone
[DEBUG] 2018-02-13 09:51:22.401 [main] MetamodelGraphWalker - Visiting attribute path : userName
[DEBUG] 2018-02-13 09:51:22.401 [main] FetchStyleLoadPlanBuildingAssociationVisitationStrategy - Building LoadPlan...
[DEBUG] 2018-02-13 09:51:22.404 [main] LoadQueryJoinAndFetchProcessor - processing queryspace <gen:0>
[DEBUG] 2018-02-13 09:51:22.404 [main] LoadPlanTreePrinter - LoadPlan(entity=edu.matc.entity.User)
    - Returns
       - EntityReturnImpl(entity=edu.matc.entity.User, querySpaceUid=<gen:0>, path=edu.matc.entity.User)
    - QuerySpaces
       - EntityQuerySpaceImpl(uid=<gen:0>, entity=edu.matc.entity.User)
          - SQL table alias mapping - user0_
          - alias suffix - 0_
          - suffixed key columns - {id1_0_0_}

[DEBUG] 2018-02-13 09:51:22.404 [main] EntityLoader - Static select for entity edu.matc.entity.User [PESSIMISTIC_FORCE_INCREMENT]: select user0_.id as id1_0_0_, user0_.user_email as user_ema2_0_0_, user0_.first_name as first_na3_0_0_, user0_.last_name as last_nam4_0_0_, user0_.user_phone as user_pho5_0_0_, user0_.user_name as user_nam6_0_0_ from user user0_ where user0_.id=? for update
[DEBUG] 2018-02-13 09:51:22.404 [main] QuerySpacesImpl - Adding QuerySpace : uid = <gen:0> -> org.hibernate.loader.plan.build.internal.spaces.EntityQuerySpaceImpl@341a8659]
[DEBUG] 2018-02-13 09:51:22.404 [main] MetamodelGraphWalker - Visiting attribute path : email
[DEBUG] 2018-02-13 09:51:22.404 [main] MetamodelGraphWalker - Visiting attribute path : firstName
[DEBUG] 2018-02-13 09:51:22.405 [main] MetamodelGraphWalker - Visiting attribute path : lastName
[DEBUG] 2018-02-13 09:51:22.405 [main] MetamodelGraphWalker - Visiting attribute path : phone
[DEBUG] 2018-02-13 09:51:22.405 [main] MetamodelGraphWalker - Visiting attribute path : userName
[DEBUG] 2018-02-13 09:51:22.405 [main] FetchStyleLoadPlanBuildingAssociationVisitationStrategy - Building LoadPlan...
[DEBUG] 2018-02-13 09:51:22.405 [main] LoadQueryJoinAndFetchProcessor - processing queryspace <gen:0>
[DEBUG] 2018-02-13 09:51:22.405 [main] LoadPlanTreePrinter - LoadPlan(entity=edu.matc.entity.User)
    - Returns
       - EntityReturnImpl(entity=edu.matc.entity.User, querySpaceUid=<gen:0>, path=edu.matc.entity.User)
    - QuerySpaces
       - EntityQuerySpaceImpl(uid=<gen:0>, entity=edu.matc.entity.User)
          - SQL table alias mapping - user0_
          - alias suffix - 0_
          - suffixed key columns - {id1_0_0_}

[DEBUG] 2018-02-13 09:51:22.405 [main] EntityLoader - Static select for entity edu.matc.entity.User [OPTIMISTIC]: select user0_.id as id1_0_0_, user0_.user_email as user_ema2_0_0_, user0_.first_name as first_na3_0_0_, user0_.last_name as last_nam4_0_0_, user0_.user_phone as user_pho5_0_0_, user0_.user_name as user_nam6_0_0_ from user user0_ where user0_.id=?
[DEBUG] 2018-02-13 09:51:22.405 [main] QuerySpacesImpl - Adding QuerySpace : uid = <gen:0> -> org.hibernate.loader.plan.build.internal.spaces.EntityQuerySpaceImpl@5eefa415]
[DEBUG] 2018-02-13 09:51:22.405 [main] MetamodelGraphWalker - Visiting attribute path : email
[DEBUG] 2018-02-13 09:51:22.405 [main] MetamodelGraphWalker - Visiting attribute path : firstName
[DEBUG] 2018-02-13 09:51:22.405 [main] MetamodelGraphWalker - Visiting attribute path : lastName
[DEBUG] 2018-02-13 09:51:22.405 [main] MetamodelGraphWalker - Visiting attribute path : phone
[DEBUG] 2018-02-13 09:51:22.405 [main] MetamodelGraphWalker - Visiting attribute path : userName
[DEBUG] 2018-02-13 09:51:22.405 [main] FetchStyleLoadPlanBuildingAssociationVisitationStrategy - Building LoadPlan...
[DEBUG] 2018-02-13 09:51:22.406 [main] LoadQueryJoinAndFetchProcessor - processing queryspace <gen:0>
[DEBUG] 2018-02-13 09:51:22.406 [main] LoadPlanTreePrinter - LoadPlan(entity=edu.matc.entity.User)
    - Returns
       - EntityReturnImpl(entity=edu.matc.entity.User, querySpaceUid=<gen:0>, path=edu.matc.entity.User)
    - QuerySpaces
       - EntityQuerySpaceImpl(uid=<gen:0>, entity=edu.matc.entity.User)
          - SQL table alias mapping - user0_
          - alias suffix - 0_
          - suffixed key columns - {id1_0_0_}

[DEBUG] 2018-02-13 09:51:22.406 [main] EntityLoader - Static select for entity edu.matc.entity.User [OPTIMISTIC_FORCE_INCREMENT]: select user0_.id as id1_0_0_, user0_.user_email as user_ema2_0_0_, user0_.first_name as first_na3_0_0_, user0_.last_name as last_nam4_0_0_, user0_.user_phone as user_pho5_0_0_, user0_.user_name as user_nam6_0_0_ from user user0_ where user0_.id=?
[DEBUG] 2018-02-13 09:51:22.426 [main] Loader - Static select for action ACTION_MERGE on entity edu.matc.entity.User: select user0_.id as id1_0_0_, user0_.user_email as user_ema2_0_0_, user0_.first_name as first_na3_0_0_, user0_.last_name as last_nam4_0_0_, user0_.user_phone as user_pho5_0_0_, user0_.user_name as user_nam6_0_0_ from user user0_ where user0_.id=?
[DEBUG] 2018-02-13 09:51:22.427 [main] Loader - Static select for action ACTION_REFRESH on entity edu.matc.entity.User: select user0_.id as id1_0_0_, user0_.user_email as user_ema2_0_0_, user0_.first_name as first_na3_0_0_, user0_.last_name as last_nam4_0_0_, user0_.user_phone as user_pho5_0_0_, user0_.user_name as user_nam6_0_0_ from user user0_ where user0_.id=?
[DEBUG] 2018-02-13 09:51:22.458 [main] SchemaManagementToolCoordinator - No actions specified; doing nothing
[DEBUG] 2018-02-13 09:51:22.458 [main] JtaPlatformInitiator - No JtaPlatform was specified, checking resolver
[DEBUG] 2018-02-13 09:51:22.459 [main] JtaPlatformResolverInitiator - No JtaPlatformResolver was specified, using default [org.hibernate.engine.transaction.jta.platform.internal.StandardJtaPlatformResolver]
[DEBUG] 2018-02-13 09:51:22.462 [main] StandardJtaPlatformResolver - Could not resolve JtaPlatform, using default [org.hibernate.engine.transaction.jta.platform.internal.NoJtaPlatform]
[DEBUG] 2018-02-13 09:51:22.462 [main] NamedQueryRepository - Checking 0 named HQL queries
[DEBUG] 2018-02-13 09:51:22.462 [main] NamedQueryRepository - Checking 0 named SQL queries
[DEBUG] 2018-02-13 09:51:22.481 [main] SessionFactoryRegistry - Initializing SessionFactoryRegistry : org.hibernate.internal.SessionFactoryRegistry@4b61d0c6
[DEBUG] 2018-02-13 09:51:22.491 [main] SessionFactoryRegistry - Registering SessionFactory: 3294152a-901d-4049-8a96-f03f8a6cd0dc (<unnamed>)
[DEBUG] 2018-02-13 09:51:22.491 [main] SessionFactoryRegistry - Not binding SessionFactory to JNDI, no JNDI name configured
[DEBUG] 2018-02-13 09:51:22.809 [main] StatisticsInitiator - Statistics initialized [enabled=false]
[DEBUG] 2018-02-13 09:51:22.829 [main] SQL - select user0_.id as id1_0_0_, user0_.user_email as user_ema2_0_0_, user0_.first_name as first_na3_0_0_, user0_.last_name as last_nam4_0_0_, user0_.user_phone as user_pho5_0_0_, user0_.user_name as user_nam6_0_0_ from user user0_ where user0_.id=?
[DEBUG] 2018-02-13 09:51:22.884 [main] ResultSetProcessorImpl - Starting ResultSet row #0
[DEBUG] 2018-02-13 09:51:22.885 [main] EntityReferenceInitializerImpl - On call to EntityIdentifierReaderImpl#resolve, EntityKey was already known; should only happen on root returns with an optional identifier specified
[DEBUG] 2018-02-13 09:51:22.902 [main] TwoPhaseLoad - Resolving associations for [edu.matc.entity.User#3]
[DEBUG] 2018-02-13 09:51:22.903 [main] TwoPhaseLoad - Done materializing entity [edu.matc.entity.User#3]
[DEBUG] 2018-02-13 09:51:22.904 [main] ResourceRegistryStandardImpl - HHH000387: ResultSet's statement was not registered
[DEBUG] 2018-02-13 09:51:22.904 [main] AbstractLoadPlanBasedEntityLoader - Done entity load : edu.matc.entity.User#3
[DEBUG] 2018-02-13 09:51:22.904 [main] LogicalConnectionManagedImpl - Initiating JDBC connection release from afterTransaction
[DEBUG] 2018-02-13 09:51:22.907 [main] TransactionImpl - begin
[DEBUG] 2018-02-13 09:51:22.913 [main] TransactionImpl - committing
[DEBUG] 2018-02-13 09:51:22.914 [main] AbstractFlushingEventListener - Processing flush-time cascades
[DEBUG] 2018-02-13 09:51:22.914 [main] AbstractFlushingEventListener - Dirty checking collections
[DEBUG] 2018-02-13 09:51:22.914 [main] AbstractFlushingEventListener - Flushed: 0 insertions, 0 updates, 1 deletions to 1 objects
[DEBUG] 2018-02-13 09:51:22.914 [main] AbstractFlushingEventListener - Flushed: 0 (re)creations, 0 updates, 0 removals to 0 collections
[DEBUG] 2018-02-13 09:51:22.916 [main] EntityPrinter - Listing entities:
[DEBUG] 2018-02-13 09:51:22.916 [main] EntityPrinter - edu.matc.entity.User{firstName=Barney, lastName=Curry, phone=453-345-2234, id=3, userName=Bcurry, email=barneyCurry@email.com}
[DEBUG] 2018-02-13 09:51:22.928 [main] SQL - delete from user where id=?
[DEBUG] 2018-02-13 09:51:22.938 [main] LogicalConnectionManagedImpl - Initiating JDBC connection release from afterTransaction
[DEBUG] 2018-02-13 09:51:22.940 [main] LogicalConnectionManagedImpl - Initiating JDBC connection release from afterTransaction
[DEBUG] 2018-02-13 09:51:22.940 [main] JdbcCoordinatorImpl - HHH000420: Closing un-released batch
[DEBUG] 2018-02-13 09:51:22.940 [main] SQL - select user0_.id as id1_0_0_, user0_.user_email as user_ema2_0_0_, user0_.first_name as first_na3_0_0_, user0_.last_name as last_nam4_0_0_, user0_.user_phone as user_pho5_0_0_, user0_.user_name as user_nam6_0_0_ from user user0_ where user0_.id=?
[DEBUG] 2018-02-13 09:51:22.943 [main] ResourceRegistryStandardImpl - HHH000387: ResultSet's statement was not registered
[DEBUG] 2018-02-13 09:51:22.943 [main] AbstractLoadPlanBasedEntityLoader - Done entity load : edu.matc.entity.User#3
[DEBUG] 2018-02-13 09:51:22.944 [main] LogicalConnectionManagedImpl - Initiating JDBC connection release from afterTransaction
[DEBUG] 2018-02-13 09:51:23.006 [main] CriteriaQueryImpl - Rendered criteria query -> select generatedAlias0 from User as generatedAlias0 where generatedAlias0.lastName like :param0
[DEBUG] 2018-02-13 09:51:23.030 [main] QueryTranslatorFactoryInitiator - QueryTranslatorFactory : org.hibernate.hql.internal.ast.ASTQueryTranslatorFactory@6050462a
[INFO ] 2018-02-13 09:51:23.031 [main] QueryTranslatorFactoryInitiator - HHH000397: Using ASTQueryTranslatorFactory
[DEBUG] 2018-02-13 09:51:23.086 [main] QueryTranslatorImpl - parse() - HQL: select generatedAlias0 from edu.matc.entity.User as generatedAlias0 where generatedAlias0.lastName like :param0
[DEBUG] 2018-02-13 09:51:23.092 [main] ErrorCounter - throwQueryException() : no errors
[DEBUG] 2018-02-13 09:51:23.097 [main] QueryTranslatorImpl - --- HQL AST ---
 \-[QUERY] Node: 'query'
    +-[SELECT_FROM] Node: 'SELECT_FROM'
    |  +-[FROM] Node: 'from'
    |  |  \-[RANGE] Node: 'RANGE'
    |  |     +-[DOT] Node: '.'
    |  |     |  +-[DOT] Node: '.'
    |  |     |  |  +-[DOT] Node: '.'
    |  |     |  |  |  +-[IDENT] Node: 'edu'
    |  |     |  |  |  \-[IDENT] Node: 'matc'
    |  |     |  |  \-[IDENT] Node: 'entity'
    |  |     |  \-[IDENT] Node: 'User'
    |  |     \-[ALIAS] Node: 'generatedAlias0'
    |  \-[SELECT] Node: 'select'
    |     \-[IDENT] Node: 'generatedAlias0'
    \-[WHERE] Node: 'where'
       \-[LIKE] Node: 'like'
          +-[DOT] Node: '.'
          |  +-[IDENT] Node: 'generatedAlias0'
          |  \-[IDENT] Node: 'lastName'
          \-[COLON] Node: ':'
             \-[IDENT] Node: 'param0'

[DEBUG] 2018-02-13 09:51:23.123 [main] HqlSqlBaseWalker - select << begin [level=1, statement=select]
[DEBUG] 2018-02-13 09:51:23.131 [main] FromElement - FromClause{level=1} : edu.matc.entity.User (generatedAlias0) -> user0_
[DEBUG] 2018-02-13 09:51:23.132 [main] FromReferenceNode - Resolved : generatedAlias0 -> user0_.id
[DEBUG] 2018-02-13 09:51:23.134 [main] FromReferenceNode - Resolved : generatedAlias0 -> user0_.id
[DEBUG] 2018-02-13 09:51:23.135 [main] DotNode - getDataType() : lastName -> org.hibernate.type.StringType@19b843ba
[DEBUG] 2018-02-13 09:51:23.135 [main] FromReferenceNode - Resolved : generatedAlias0.lastName -> user0_.last_name
[DEBUG] 2018-02-13 09:51:23.139 [main] HqlSqlBaseWalker - select : finishing up [level=1, statement=select]
[DEBUG] 2018-02-13 09:51:23.139 [main] HqlSqlWalker - processQuery() :  ( SELECT ( {select clause} user0_.id ) ( FromClause{level=1} user user0_ ) ( where ( like ( user0_.last_name user0_.id lastName ) ? ) ) )
[DEBUG] 2018-02-13 09:51:23.153 [main] JoinProcessor - Using FROM fragment [user user0_]
[DEBUG] 2018-02-13 09:51:23.153 [main] HqlSqlBaseWalker - select >> end [level=1, statement=select]
[DEBUG] 2018-02-13 09:51:23.157 [main] QueryTranslatorImpl - --- SQL AST ---
 \-[SELECT] QueryNode: 'SELECT'  querySpaces (user)
    +-[SELECT_CLAUSE] SelectClause: '{select clause}'
    |  +-[ALIAS_REF] IdentNode: 'user0_.id as id1_0_' {alias=generatedAlias0, className=edu.matc.entity.User, tableAlias=user0_}
    |  \-[SQL_TOKEN] SqlFragment: 'user0_.user_email as user_ema2_0_, user0_.first_name as first_na3_0_, user0_.last_name as last_nam4_0_, user0_.user_phone as user_pho5_0_, user0_.user_name as user_nam6_0_'
    +-[FROM] FromClause: 'from' FromClause{level=1, fromElementCounter=1, fromElements=1, fromElementByClassAlias=[generatedAlias0], fromElementByTableAlias=[user0_], fromElementsByPath=[], collectionJoinFromElementsByPath=[], impliedElements=[]}
    |  \-[FROM_FRAGMENT] FromElement: 'user user0_' FromElement{explicit,not a collection join,not a fetch join,fetch non-lazy properties,classAlias=generatedAlias0,role=null,tableName=user,tableAlias=user0_,origin=null,columns={,className=edu.matc.entity.User}}
    \-[WHERE] SqlNode: 'where'
       \-[LIKE] BinaryLogicOperatorNode: 'like'
          +-[DOT] DotNode: 'user0_.last_name' {propertyName=lastName,dereferenceType=PRIMITIVE,getPropertyPath=lastName,path=generatedAlias0.lastName,tableAlias=user0_,className=edu.matc.entity.User,classAlias=generatedAlias0}
          |  +-[ALIAS_REF] IdentNode: 'user0_.id' {alias=generatedAlias0, className=edu.matc.entity.User, tableAlias=user0_}
          |  \-[IDENT] IdentNode: 'lastName' {originalText=lastName}
          \-[NAMED_PARAM] ParameterNode: '?' {name=param0, expectedType=org.hibernate.type.StringType@19b843ba}

[DEBUG] 2018-02-13 09:51:23.157 [main] ErrorCounter - throwQueryException() : no errors
[DEBUG] 2018-02-13 09:51:23.163 [main] QueryTranslatorImpl - HQL: select generatedAlias0 from edu.matc.entity.User as generatedAlias0 where generatedAlias0.lastName like :param0
[DEBUG] 2018-02-13 09:51:23.163 [main] QueryTranslatorImpl - SQL: select user0_.id as id1_0_, user0_.user_email as user_ema2_0_, user0_.first_name as first_na3_0_, user0_.last_name as last_nam4_0_, user0_.user_phone as user_pho5_0_, user0_.user_name as user_nam6_0_ from user user0_ where user0_.last_name like ?
[DEBUG] 2018-02-13 09:51:23.163 [main] ErrorCounter - throwQueryException() : no errors
[DEBUG] 2018-02-13 09:51:23.265 [main] SQL - select user0_.id as id1_0_, user0_.user_email as user_ema2_0_, user0_.first_name as first_na3_0_, user0_.last_name as last_nam4_0_, user0_.user_phone as user_pho5_0_, user0_.user_name as user_nam6_0_ from user user0_ where user0_.last_name like ?
[DEBUG] 2018-02-13 09:51:23.297 [main] Loader - Result set row: 0
[DEBUG] 2018-02-13 09:51:23.298 [main] Loader - Result row: EntityKey[edu.matc.entity.User#5]
[DEBUG] 2018-02-13 09:51:23.298 [main] Loader - Result set row: 1
[DEBUG] 2018-02-13 09:51:23.298 [main] Loader - Result row: EntityKey[edu.matc.entity.User#6]
[DEBUG] 2018-02-13 09:51:23.298 [main] TwoPhaseLoad - Resolving associations for [edu.matc.entity.User#5]
[DEBUG] 2018-02-13 09:51:23.299 [main] TwoPhaseLoad - Done materializing entity [edu.matc.entity.User#5]
[DEBUG] 2018-02-13 09:51:23.299 [main] TwoPhaseLoad - Resolving associations for [edu.matc.entity.User#6]
[DEBUG] 2018-02-13 09:51:23.299 [main] TwoPhaseLoad - Done materializing entity [edu.matc.entity.User#6]
[DEBUG] 2018-02-13 09:51:23.308 [main] LogicalConnectionManagedImpl - Initiating JDBC connection release from afterTransaction
[DEBUG] 2018-02-13 09:51:23.333 [main] CriteriaQueryImpl - Rendered criteria query -> select generatedAlias0 from User as generatedAlias0
[DEBUG] 2018-02-13 09:51:23.333 [main] QueryTranslatorImpl - parse() - HQL: select generatedAlias0 from edu.matc.entity.User as generatedAlias0
[DEBUG] 2018-02-13 09:51:23.334 [main] ErrorCounter - throwQueryException() : no errors
[DEBUG] 2018-02-13 09:51:23.334 [main] QueryTranslatorImpl - --- HQL AST ---
 \-[QUERY] Node: 'query'
    \-[SELECT_FROM] Node: 'SELECT_FROM'
       +-[FROM] Node: 'from'
       |  \-[RANGE] Node: 'RANGE'
       |     +-[DOT] Node: '.'
       |     |  +-[DOT] Node: '.'
       |     |  |  +-[DOT] Node: '.'
       |     |  |  |  +-[IDENT] Node: 'edu'
       |     |  |  |  \-[IDENT] Node: 'matc'
       |     |  |  \-[IDENT] Node: 'entity'
       |     |  \-[IDENT] Node: 'User'
       |     \-[ALIAS] Node: 'generatedAlias0'
       \-[SELECT] Node: 'select'
          \-[IDENT] Node: 'generatedAlias0'

[DEBUG] 2018-02-13 09:51:23.337 [main] HqlSqlBaseWalker - select << begin [level=1, statement=select]
[DEBUG] 2018-02-13 09:51:23.337 [main] FromElement - FromClause{level=1} : edu.matc.entity.User (generatedAlias0) -> user0_
[DEBUG] 2018-02-13 09:51:23.337 [main] FromReferenceNode - Resolved : generatedAlias0 -> user0_.id
[DEBUG] 2018-02-13 09:51:23.337 [main] HqlSqlBaseWalker - select : finishing up [level=1, statement=select]
[DEBUG] 2018-02-13 09:51:23.337 [main] HqlSqlWalker - processQuery() :  ( SELECT ( {select clause} user0_.id ) ( FromClause{level=1} user user0_ ) )
[DEBUG] 2018-02-13 09:51:23.338 [main] JoinProcessor - Using FROM fragment [user user0_]
[DEBUG] 2018-02-13 09:51:23.338 [main] HqlSqlBaseWalker - select >> end [level=1, statement=select]
[DEBUG] 2018-02-13 09:51:23.338 [main] QueryTranslatorImpl - --- SQL AST ---
 \-[SELECT] QueryNode: 'SELECT'  querySpaces (user)
    +-[SELECT_CLAUSE] SelectClause: '{select clause}'
    |  +-[ALIAS_REF] IdentNode: 'user0_.id as id1_0_' {alias=generatedAlias0, className=edu.matc.entity.User, tableAlias=user0_}
    |  \-[SQL_TOKEN] SqlFragment: 'user0_.user_email as user_ema2_0_, user0_.first_name as first_na3_0_, user0_.last_name as last_nam4_0_, user0_.user_phone as user_pho5_0_, user0_.user_name as user_nam6_0_'
    \-[FROM] FromClause: 'from' FromClause{level=1, fromElementCounter=1, fromElements=1, fromElementByClassAlias=[generatedAlias0], fromElementByTableAlias=[user0_], fromElementsByPath=[], collectionJoinFromElementsByPath=[], impliedElements=[]}
       \-[FROM_FRAGMENT] FromElement: 'user user0_' FromElement{explicit,not a collection join,not a fetch join,fetch non-lazy properties,classAlias=generatedAlias0,role=null,tableName=user,tableAlias=user0_,origin=null,columns={,className=edu.matc.entity.User}}

[DEBUG] 2018-02-13 09:51:23.338 [main] ErrorCounter - throwQueryException() : no errors
[DEBUG] 2018-02-13 09:51:23.344 [main] QueryTranslatorImpl - HQL: select generatedAlias0 from edu.matc.entity.User as generatedAlias0
[DEBUG] 2018-02-13 09:51:23.345 [main] QueryTranslatorImpl - SQL: select user0_.id as id1_0_, user0_.user_email as user_ema2_0_, user0_.first_name as first_na3_0_, user0_.last_name as last_nam4_0_, user0_.user_phone as user_pho5_0_, user0_.user_name as user_nam6_0_ from user user0_
[DEBUG] 2018-02-13 09:51:23.345 [main] ErrorCounter - throwQueryException() : no errors
[DEBUG] 2018-02-13 09:51:23.346 [main] SQL - select user0_.id as id1_0_, user0_.user_email as user_ema2_0_, user0_.first_name as first_na3_0_, user0_.last_name as last_nam4_0_, user0_.user_phone as user_pho5_0_, user0_.user_name as user_nam6_0_ from user user0_
[DEBUG] 2018-02-13 09:51:23.348 [main] Loader - Result set row: 0
[DEBUG] 2018-02-13 09:51:23.350 [main] Loader - Result row: EntityKey[edu.matc.entity.User#1]
[DEBUG] 2018-02-13 09:51:23.353 [main] Loader - Result set row: 1
[DEBUG] 2018-02-13 09:51:23.353 [main] Loader - Result row: EntityKey[edu.matc.entity.User#2]
[DEBUG] 2018-02-13 09:51:23.353 [main] Loader - Result set row: 2
[DEBUG] 2018-02-13 09:51:23.353 [main] Loader - Result row: EntityKey[edu.matc.entity.User#3]
[DEBUG] 2018-02-13 09:51:23.353 [main] Loader - Result set row: 3
[DEBUG] 2018-02-13 09:51:23.353 [main] Loader - Result row: EntityKey[edu.matc.entity.User#4]
[DEBUG] 2018-02-13 09:51:23.354 [main] Loader - Result set row: 4
[DEBUG] 2018-02-13 09:51:23.354 [main] Loader - Result row: EntityKey[edu.matc.entity.User#5]
[DEBUG] 2018-02-13 09:51:23.354 [main] Loader - Result set row: 5
[DEBUG] 2018-02-13 09:51:23.354 [main] Loader - Result row: EntityKey[edu.matc.entity.User#6]
[DEBUG] 2018-02-13 09:51:23.354 [main] TwoPhaseLoad - Resolving associations for [edu.matc.entity.User#1]
[DEBUG] 2018-02-13 09:51:23.354 [main] TwoPhaseLoad - Done materializing entity [edu.matc.entity.User#1]
[DEBUG] 2018-02-13 09:51:23.354 [main] TwoPhaseLoad - Resolving associations for [edu.matc.entity.User#2]
[DEBUG] 2018-02-13 09:51:23.354 [main] TwoPhaseLoad - Done materializing entity [edu.matc.entity.User#2]
[DEBUG] 2018-02-13 09:51:23.354 [main] TwoPhaseLoad - Resolving associations for [edu.matc.entity.User#3]
[DEBUG] 2018-02-13 09:51:23.354 [main] TwoPhaseLoad - Done materializing entity [edu.matc.entity.User#3]
[DEBUG] 2018-02-13 09:51:23.354 [main] TwoPhaseLoad - Resolving associations for [edu.matc.entity.User#4]
[DEBUG] 2018-02-13 09:51:23.354 [main] TwoPhaseLoad - Done materializing entity [edu.matc.entity.User#4]
[DEBUG] 2018-02-13 09:51:23.354 [main] TwoPhaseLoad - Resolving associations for [edu.matc.entity.User#5]
[DEBUG] 2018-02-13 09:51:23.354 [main] TwoPhaseLoad - Done materializing entity [edu.matc.entity.User#5]
[DEBUG] 2018-02-13 09:51:23.354 [main] TwoPhaseLoad - Resolving associations for [edu.matc.entity.User#6]
[DEBUG] 2018-02-13 09:51:23.354 [main] TwoPhaseLoad - Done materializing entity [edu.matc.entity.User#6]
[DEBUG] 2018-02-13 09:51:23.354 [main] LogicalConnectionManagedImpl - Initiating JDBC connection release from afterTransaction
[DEBUG] 2018-02-13 09:51:23.376 [main] TransactionImpl - begin
[DEBUG] 2018-02-13 09:51:23.385 [main] ActionQueue - Executing identity-insert immediately
[DEBUG] 2018-02-13 09:51:23.385 [main] SQL - insert into user (user_email, first_name, last_name, user_phone, user_name) values (?, ?, ?, ?, ?)
[DEBUG] 2018-02-13 09:51:23.393 [main] IdentifierGeneratorHelper - Natively generated identity: 15
[DEBUG] 2018-02-13 09:51:23.393 [main] ResourceRegistryStandardImpl - HHH000387: ResultSet's statement was not registered
[DEBUG] 2018-02-13 09:51:23.394 [main] TransactionImpl - committing
[DEBUG] 2018-02-13 09:51:23.394 [main] AbstractFlushingEventListener - Processing flush-time cascades
[DEBUG] 2018-02-13 09:51:23.394 [main] AbstractFlushingEventListener - Dirty checking collections
[DEBUG] 2018-02-13 09:51:23.396 [main] AbstractFlushingEventListener - Flushed: 0 insertions, 0 updates, 0 deletions to 1 objects
[DEBUG] 2018-02-13 09:51:23.396 [main] AbstractFlushingEventListener - Flushed: 0 (re)creations, 0 updates, 0 removals to 0 collections
[DEBUG] 2018-02-13 09:51:23.396 [main] EntityPrinter - Listing entities:
[DEBUG] 2018-02-13 09:51:23.396 [main] EntityPrinter - edu.matc.entity.User{firstName=See, lastName=Lor, phone=454-565-5645, id=15, userName=Slor, email=seeLor@gmail.com}
[DEBUG] 2018-02-13 09:51:23.397 [main] LogicalConnectionManagedImpl - Initiating JDBC connection release from afterTransaction
[DEBUG] 2018-02-13 09:51:23.398 [main] LogicalConnectionManagedImpl - Initiating JDBC connection release from afterTransaction
[DEBUG] 2018-02-13 09:51:23.405 [main] SQL - select user0_.id as id1_0_0_, user0_.user_email as user_ema2_0_0_, user0_.first_name as first_na3_0_0_, user0_.last_name as last_nam4_0_0_, user0_.user_phone as user_pho5_0_0_, user0_.user_name as user_nam6_0_0_ from user user0_ where user0_.id=?
[DEBUG] 2018-02-13 09:51:23.406 [main] ResultSetProcessorImpl - Starting ResultSet row #0
[DEBUG] 2018-02-13 09:51:23.407 [main] EntityReferenceInitializerImpl - On call to EntityIdentifierReaderImpl#resolve, EntityKey was already known; should only happen on root returns with an optional identifier specified
[DEBUG] 2018-02-13 09:51:23.408 [main] TwoPhaseLoad - Resolving associations for [edu.matc.entity.User#15]
[DEBUG] 2018-02-13 09:51:23.408 [main] TwoPhaseLoad - Done materializing entity [edu.matc.entity.User#15]
[DEBUG] 2018-02-13 09:51:23.409 [main] ResourceRegistryStandardImpl - HHH000387: ResultSet's statement was not registered
[DEBUG] 2018-02-13 09:51:23.409 [main] AbstractLoadPlanBasedEntityLoader - Done entity load : edu.matc.entity.User#15
[DEBUG] 2018-02-13 09:51:23.409 [main] LogicalConnectionManagedImpl - Initiating JDBC connection release from afterTransaction
