[DEBUG] 2018-02-13 09:57:38.742 [main] IntegratorServiceImpl - Adding Integrator [org.hibernate.cfg.beanvalidation.BeanValidationIntegrator].
[DEBUG] 2018-02-13 09:57:38.771 [main] IntegratorServiceImpl - Adding Integrator [org.hibernate.secure.spi.JaccIntegrator].
[DEBUG] 2018-02-13 09:57:38.792 [main] IntegratorServiceImpl - Adding Integrator [org.hibernate.cache.internal.CollectionCacheInvalidator].
[INFO ] 2018-02-13 09:57:39.031 [main] Version - HHH000412: Hibernate Core {5.2.12.Final}
[INFO ] 2018-02-13 09:57:39.036 [main] Environment - HHH000206: hibernate.properties not found
[DEBUG] 2018-02-13 09:57:39.130 [main] LocalXmlResourceResolver - Interpreting public/system identifier : [-//Hibernate/Hibernate Configuration DTD//EN] - [http://www.hibernate.org/dtd/hibernate-configuration-3.0.dtd]
[DEBUG] 2018-02-13 09:57:39.133 [main] LocalXmlResourceResolver - Recognized hibernate-configuration identifier; attempting to resolve on classpath under org/hibernate/
[DEBUG] 2018-02-13 09:57:39.162 [main] JaxbCfgProcessor - cfg.xml document did not define namespaces; wrapping in custom event reader to introduce namespace information
[DEBUG] 2018-02-13 09:57:40.605 [main] ServiceBinding - Overriding existing service binding [org.hibernate.secure.spi.JaccService]
[DEBUG] 2018-02-13 09:57:40.683 [main] RegionFactoryInitiator - Cache region factory : org.hibernate.cache.internal.NoCachingRegionFactory
[INFO ] 2018-02-13 09:57:40.706 [main] Version - HCANN000001: Hibernate Commons Annotations {5.0.1.Final}
[DEBUG] 2018-02-13 09:57:40.769 [main] BasicTypeRegistry - Adding type registration boolean -> org.hibernate.type.BooleanType@4f0f2942
[DEBUG] 2018-02-13 09:57:40.769 [main] BasicTypeRegistry - Adding type registration boolean -> org.hibernate.type.BooleanType@4f0f2942
[DEBUG] 2018-02-13 09:57:40.774 [main] BasicTypeRegistry - Adding type registration java.lang.Boolean -> org.hibernate.type.BooleanType@4f0f2942
[DEBUG] 2018-02-13 09:57:40.775 [main] BasicTypeRegistry - Adding type registration numeric_boolean -> org.hibernate.type.NumericBooleanType@69504ae9
[DEBUG] 2018-02-13 09:57:40.775 [main] BasicTypeRegistry - Adding type registration true_false -> org.hibernate.type.TrueFalseType@475c9c31
[DEBUG] 2018-02-13 09:57:40.781 [main] BasicTypeRegistry - Adding type registration yes_no -> org.hibernate.type.YesNoType@5276d6ee
[DEBUG] 2018-02-13 09:57:40.786 [main] BasicTypeRegistry - Adding type registration byte -> org.hibernate.type.ByteType@7dfd3c81
[DEBUG] 2018-02-13 09:57:40.786 [main] BasicTypeRegistry - Adding type registration byte -> org.hibernate.type.ByteType@7dfd3c81
[DEBUG] 2018-02-13 09:57:40.786 [main] BasicTypeRegistry - Adding type registration java.lang.Byte -> org.hibernate.type.ByteType@7dfd3c81
[DEBUG] 2018-02-13 09:57:40.796 [main] BasicTypeRegistry - Adding type registration character -> org.hibernate.type.CharacterType@7dfb0c0f
[DEBUG] 2018-02-13 09:57:40.796 [main] BasicTypeRegistry - Adding type registration char -> org.hibernate.type.CharacterType@7dfb0c0f
[DEBUG] 2018-02-13 09:57:40.797 [main] BasicTypeRegistry - Adding type registration java.lang.Character -> org.hibernate.type.CharacterType@7dfb0c0f
[DEBUG] 2018-02-13 09:57:40.799 [main] BasicTypeRegistry - Adding type registration short -> org.hibernate.type.ShortType@2d0399f4
[DEBUG] 2018-02-13 09:57:40.799 [main] BasicTypeRegistry - Adding type registration short -> org.hibernate.type.ShortType@2d0399f4
[DEBUG] 2018-02-13 09:57:40.799 [main] BasicTypeRegistry - Adding type registration java.lang.Short -> org.hibernate.type.ShortType@2d0399f4
[DEBUG] 2018-02-13 09:57:40.800 [main] BasicTypeRegistry - Adding type registration integer -> org.hibernate.type.IntegerType@2254127a
[DEBUG] 2018-02-13 09:57:40.800 [main] BasicTypeRegistry - Adding type registration int -> org.hibernate.type.IntegerType@2254127a
[DEBUG] 2018-02-13 09:57:40.800 [main] BasicTypeRegistry - Adding type registration java.lang.Integer -> org.hibernate.type.IntegerType@2254127a
[DEBUG] 2018-02-13 09:57:40.801 [main] BasicTypeRegistry - Adding type registration long -> org.hibernate.type.LongType@5a7fe64f
[DEBUG] 2018-02-13 09:57:40.801 [main] BasicTypeRegistry - Adding type registration long -> org.hibernate.type.LongType@5a7fe64f
[DEBUG] 2018-02-13 09:57:40.801 [main] BasicTypeRegistry - Adding type registration java.lang.Long -> org.hibernate.type.LongType@5a7fe64f
[DEBUG] 2018-02-13 09:57:40.804 [main] BasicTypeRegistry - Adding type registration float -> org.hibernate.type.FloatType@37313c65
[DEBUG] 2018-02-13 09:57:40.804 [main] BasicTypeRegistry - Adding type registration float -> org.hibernate.type.FloatType@37313c65
[DEBUG] 2018-02-13 09:57:40.812 [main] BasicTypeRegistry - Adding type registration java.lang.Float -> org.hibernate.type.FloatType@37313c65
[DEBUG] 2018-02-13 09:57:40.814 [main] BasicTypeRegistry - Adding type registration double -> org.hibernate.type.DoubleType@5d908d47
[DEBUG] 2018-02-13 09:57:40.814 [main] BasicTypeRegistry - Adding type registration double -> org.hibernate.type.DoubleType@5d908d47
[DEBUG] 2018-02-13 09:57:40.814 [main] BasicTypeRegistry - Adding type registration java.lang.Double -> org.hibernate.type.DoubleType@5d908d47
[DEBUG] 2018-02-13 09:57:40.815 [main] BasicTypeRegistry - Adding type registration big_decimal -> org.hibernate.type.BigDecimalType@6f36c2f0
[DEBUG] 2018-02-13 09:57:40.815 [main] BasicTypeRegistry - Adding type registration java.math.BigDecimal -> org.hibernate.type.BigDecimalType@6f36c2f0
[DEBUG] 2018-02-13 09:57:40.822 [main] BasicTypeRegistry - Adding type registration big_integer -> org.hibernate.type.BigIntegerType@3b35a229
[DEBUG] 2018-02-13 09:57:40.822 [main] BasicTypeRegistry - Adding type registration java.math.BigInteger -> org.hibernate.type.BigIntegerType@3b35a229
[DEBUG] 2018-02-13 09:57:40.823 [main] BasicTypeRegistry - Adding type registration string -> org.hibernate.type.StringType@7dc3712
[DEBUG] 2018-02-13 09:57:40.823 [main] BasicTypeRegistry - Adding type registration java.lang.String -> org.hibernate.type.StringType@7dc3712
[DEBUG] 2018-02-13 09:57:40.836 [main] BasicTypeRegistry - Adding type registration nstring -> org.hibernate.type.StringNVarcharType@5be1d0a4
[DEBUG] 2018-02-13 09:57:40.844 [main] BasicTypeRegistry - Adding type registration ncharacter -> org.hibernate.type.CharacterNCharType@7d322cad
[DEBUG] 2018-02-13 09:57:40.845 [main] BasicTypeRegistry - Adding type registration url -> org.hibernate.type.UrlType@448c8166
[DEBUG] 2018-02-13 09:57:40.845 [main] BasicTypeRegistry - Adding type registration java.net.URL -> org.hibernate.type.UrlType@448c8166
[DEBUG] 2018-02-13 09:57:40.859 [main] BasicTypeRegistry - Adding type registration Duration -> org.hibernate.type.DurationType@13526e59
[DEBUG] 2018-02-13 09:57:40.859 [main] BasicTypeRegistry - Adding type registration java.time.Duration -> org.hibernate.type.DurationType@13526e59
[DEBUG] 2018-02-13 09:57:40.973 [main] BasicTypeRegistry - Adding type registration Instant -> org.hibernate.type.InstantType@6cc4cdb9
[DEBUG] 2018-02-13 09:57:40.973 [main] BasicTypeRegistry - Adding type registration java.time.Instant -> org.hibernate.type.InstantType@6cc4cdb9
[DEBUG] 2018-02-13 09:57:40.975 [main] BasicTypeRegistry - Adding type registration LocalDateTime -> org.hibernate.type.LocalDateTimeType@32115b28
[DEBUG] 2018-02-13 09:57:40.976 [main] BasicTypeRegistry - Adding type registration java.time.LocalDateTime -> org.hibernate.type.LocalDateTimeType@32115b28
[DEBUG] 2018-02-13 09:57:40.982 [main] BasicTypeRegistry - Adding type registration LocalDate -> org.hibernate.type.LocalDateType@3214ee6
[DEBUG] 2018-02-13 09:57:40.988 [main] BasicTypeRegistry - Adding type registration java.time.LocalDate -> org.hibernate.type.LocalDateType@3214ee6
[DEBUG] 2018-02-13 09:57:40.989 [main] BasicTypeRegistry - Adding type registration LocalTime -> org.hibernate.type.LocalTimeType@68746f22
[DEBUG] 2018-02-13 09:57:40.990 [main] BasicTypeRegistry - Adding type registration java.time.LocalTime -> org.hibernate.type.LocalTimeType@68746f22
[DEBUG] 2018-02-13 09:57:40.994 [main] BasicTypeRegistry - Adding type registration OffsetDateTime -> org.hibernate.type.OffsetDateTimeType@2eea88a1
[DEBUG] 2018-02-13 09:57:40.994 [main] BasicTypeRegistry - Adding type registration java.time.OffsetDateTime -> org.hibernate.type.OffsetDateTimeType@2eea88a1
[DEBUG] 2018-02-13 09:57:40.997 [main] BasicTypeRegistry - Adding type registration OffsetTime -> org.hibernate.type.OffsetTimeType@16612a51
[DEBUG] 2018-02-13 09:57:40.997 [main] BasicTypeRegistry - Adding type registration java.time.OffsetTime -> org.hibernate.type.OffsetTimeType@16612a51
[DEBUG] 2018-02-13 09:57:41.003 [main] BasicTypeRegistry - Adding type registration ZonedDateTime -> org.hibernate.type.ZonedDateTimeType@7d61eb55
[DEBUG] 2018-02-13 09:57:41.006 [main] BasicTypeRegistry - Adding type registration java.time.ZonedDateTime -> org.hibernate.type.ZonedDateTimeType@7d61eb55
[DEBUG] 2018-02-13 09:57:41.007 [main] BasicTypeRegistry - Adding type registration date -> org.hibernate.type.DateType@638ef7ed
[DEBUG] 2018-02-13 09:57:41.008 [main] BasicTypeRegistry - Adding type registration java.sql.Date -> org.hibernate.type.DateType@638ef7ed
[DEBUG] 2018-02-13 09:57:41.009 [main] BasicTypeRegistry - Adding type registration time -> org.hibernate.type.TimeType@776a6d9b
[DEBUG] 2018-02-13 09:57:41.009 [main] BasicTypeRegistry - Adding type registration java.sql.Time -> org.hibernate.type.TimeType@776a6d9b
[DEBUG] 2018-02-13 09:57:41.010 [main] BasicTypeRegistry - Adding type registration timestamp -> org.hibernate.type.TimestampType@1cf56a1c
[DEBUG] 2018-02-13 09:57:41.010 [main] BasicTypeRegistry - Adding type registration java.sql.Timestamp -> org.hibernate.type.TimestampType@1cf56a1c
[DEBUG] 2018-02-13 09:57:41.012 [main] BasicTypeRegistry - Adding type registration java.util.Date -> org.hibernate.type.TimestampType@1cf56a1c
[DEBUG] 2018-02-13 09:57:41.014 [main] BasicTypeRegistry - Adding type registration dbtimestamp -> org.hibernate.type.DbTimestampType@264f218
[DEBUG] 2018-02-13 09:57:41.022 [main] BasicTypeRegistry - Adding type registration calendar -> org.hibernate.type.CalendarType@81d9a72
[DEBUG] 2018-02-13 09:57:41.022 [main] BasicTypeRegistry - Adding type registration java.util.Calendar -> org.hibernate.type.CalendarType@81d9a72
[DEBUG] 2018-02-13 09:57:41.024 [main] BasicTypeRegistry - Adding type registration java.util.GregorianCalendar -> org.hibernate.type.CalendarType@81d9a72
[DEBUG] 2018-02-13 09:57:41.026 [main] BasicTypeRegistry - Adding type registration calendar_date -> org.hibernate.type.CalendarDateType@2ca26d77
[DEBUG] 2018-02-13 09:57:41.027 [main] BasicTypeRegistry - Adding type registration locale -> org.hibernate.type.LocaleType@1ebea008
[DEBUG] 2018-02-13 09:57:41.027 [main] BasicTypeRegistry - Adding type registration java.util.Locale -> org.hibernate.type.LocaleType@1ebea008
[DEBUG] 2018-02-13 09:57:41.029 [main] BasicTypeRegistry - Adding type registration currency -> org.hibernate.type.CurrencyType@51bf5add
[DEBUG] 2018-02-13 09:57:41.029 [main] BasicTypeRegistry - Adding type registration java.util.Currency -> org.hibernate.type.CurrencyType@51bf5add
[DEBUG] 2018-02-13 09:57:41.030 [main] BasicTypeRegistry - Adding type registration timezone -> org.hibernate.type.TimeZoneType@478db956
[DEBUG] 2018-02-13 09:57:41.030 [main] BasicTypeRegistry - Adding type registration java.util.TimeZone -> org.hibernate.type.TimeZoneType@478db956
[DEBUG] 2018-02-13 09:57:41.031 [main] BasicTypeRegistry - Adding type registration class -> org.hibernate.type.ClassType@1b410b60
[DEBUG] 2018-02-13 09:57:41.032 [main] BasicTypeRegistry - Adding type registration java.lang.Class -> org.hibernate.type.ClassType@1b410b60
[DEBUG] 2018-02-13 09:57:41.035 [main] BasicTypeRegistry - Adding type registration uuid-binary -> org.hibernate.type.UUIDBinaryType@6b0d80ed
[DEBUG] 2018-02-13 09:57:41.035 [main] BasicTypeRegistry - Adding type registration java.util.UUID -> org.hibernate.type.UUIDBinaryType@6b0d80ed
[DEBUG] 2018-02-13 09:57:41.036 [main] BasicTypeRegistry - Adding type registration uuid-char -> org.hibernate.type.UUIDCharType@928763c
[DEBUG] 2018-02-13 09:57:41.037 [main] BasicTypeRegistry - Adding type registration binary -> org.hibernate.type.BinaryType@2f666ebb
[DEBUG] 2018-02-13 09:57:41.037 [main] BasicTypeRegistry - Adding type registration byte[] -> org.hibernate.type.BinaryType@2f666ebb
[DEBUG] 2018-02-13 09:57:41.037 [main] BasicTypeRegistry - Adding type registration [B -> org.hibernate.type.BinaryType@2f666ebb
[DEBUG] 2018-02-13 09:57:41.037 [main] BasicTypeRegistry - Adding type registration wrapper-binary -> org.hibernate.type.WrapperBinaryType@75c56eb9
[DEBUG] 2018-02-13 09:57:41.037 [main] BasicTypeRegistry - Adding type registration Byte[] -> org.hibernate.type.WrapperBinaryType@75c56eb9
[DEBUG] 2018-02-13 09:57:41.037 [main] BasicTypeRegistry - Adding type registration [Ljava.lang.Byte; -> org.hibernate.type.WrapperBinaryType@75c56eb9
[DEBUG] 2018-02-13 09:57:41.038 [main] BasicTypeRegistry - Adding type registration row_version -> org.hibernate.type.RowVersionType@5e17553a
[DEBUG] 2018-02-13 09:57:41.051 [main] BasicTypeRegistry - Adding type registration image -> org.hibernate.type.ImageType@27912e3
[DEBUG] 2018-02-13 09:57:41.057 [main] BasicTypeRegistry - Adding type registration characters -> org.hibernate.type.CharArrayType@30b6ffe0
[DEBUG] 2018-02-13 09:57:41.057 [main] BasicTypeRegistry - Adding type registration char[] -> org.hibernate.type.CharArrayType@30b6ffe0
[DEBUG] 2018-02-13 09:57:41.057 [main] BasicTypeRegistry - Adding type registration [C -> org.hibernate.type.CharArrayType@30b6ffe0
[DEBUG] 2018-02-13 09:57:41.058 [main] BasicTypeRegistry - Adding type registration wrapper-characters -> org.hibernate.type.CharacterArrayType@24c22fe
[DEBUG] 2018-02-13 09:57:41.058 [main] BasicTypeRegistry - Adding type registration [Ljava.lang.Character; -> org.hibernate.type.CharacterArrayType@24c22fe
[DEBUG] 2018-02-13 09:57:41.058 [main] BasicTypeRegistry - Adding type registration Character[] -> org.hibernate.type.CharacterArrayType@24c22fe
[DEBUG] 2018-02-13 09:57:41.061 [main] BasicTypeRegistry - Adding type registration text -> org.hibernate.type.TextType@15a04efb
[DEBUG] 2018-02-13 09:57:41.064 [main] BasicTypeRegistry - Adding type registration ntext -> org.hibernate.type.NTextType@3336e6b6
[DEBUG] 2018-02-13 09:57:41.085 [main] BasicTypeRegistry - Adding type registration blob -> org.hibernate.type.BlobType@7b993c65
[DEBUG] 2018-02-13 09:57:41.085 [main] BasicTypeRegistry - Adding type registration java.sql.Blob -> org.hibernate.type.BlobType@7b993c65
[DEBUG] 2018-02-13 09:57:41.085 [main] BasicTypeRegistry - Adding type registration materialized_blob -> org.hibernate.type.MaterializedBlobType@4d6025c5
[DEBUG] 2018-02-13 09:57:41.088 [main] BasicTypeRegistry - Adding type registration clob -> org.hibernate.type.ClobType@463fd068
[DEBUG] 2018-02-13 09:57:41.088 [main] BasicTypeRegistry - Adding type registration java.sql.Clob -> org.hibernate.type.ClobType@463fd068
[DEBUG] 2018-02-13 09:57:41.142 [main] BasicTypeRegistry - Adding type registration nclob -> org.hibernate.type.NClobType@4bd31064
[DEBUG] 2018-02-13 09:57:41.142 [main] BasicTypeRegistry - Adding type registration java.sql.NClob -> org.hibernate.type.NClobType@4bd31064
[DEBUG] 2018-02-13 09:57:41.143 [main] BasicTypeRegistry - Adding type registration materialized_clob -> org.hibernate.type.MaterializedClobType@7354b8c5
[DEBUG] 2018-02-13 09:57:41.144 [main] BasicTypeRegistry - Adding type registration materialized_nclob -> org.hibernate.type.MaterializedNClobType@11d8ae8b
[DEBUG] 2018-02-13 09:57:41.145 [main] BasicTypeRegistry - Adding type registration serializable -> org.hibernate.type.SerializableType@2fba3fc4
[DEBUG] 2018-02-13 09:57:41.147 [main] BasicTypeRegistry - Adding type registration object -> org.hibernate.type.ObjectType@6a57ae10
[DEBUG] 2018-02-13 09:57:41.147 [main] BasicTypeRegistry - Adding type registration java.lang.Object -> org.hibernate.type.ObjectType@6a57ae10
[DEBUG] 2018-02-13 09:57:41.147 [main] BasicTypeRegistry - Adding type registration imm_date -> org.hibernate.type.AdaptedImmutableType@28b46423
[DEBUG] 2018-02-13 09:57:41.147 [main] BasicTypeRegistry - Adding type registration imm_time -> org.hibernate.type.AdaptedImmutableType@7fc4780b
[DEBUG] 2018-02-13 09:57:41.147 [main] BasicTypeRegistry - Adding type registration imm_timestamp -> org.hibernate.type.AdaptedImmutableType@3b79fd76
[DEBUG] 2018-02-13 09:57:41.147 [main] BasicTypeRegistry - Adding type registration imm_dbtimestamp -> org.hibernate.type.AdaptedImmutableType@48c76607
[DEBUG] 2018-02-13 09:57:41.150 [main] BasicTypeRegistry - Adding type registration imm_calendar -> org.hibernate.type.AdaptedImmutableType@43599640
[DEBUG] 2018-02-13 09:57:41.151 [main] BasicTypeRegistry - Adding type registration imm_calendar_date -> org.hibernate.type.AdaptedImmutableType@1f81aa00
[DEBUG] 2018-02-13 09:57:41.151 [main] BasicTypeRegistry - Adding type registration imm_binary -> org.hibernate.type.AdaptedImmutableType@6b6776cb
[DEBUG] 2018-02-13 09:57:41.152 [main] BasicTypeRegistry - Adding type registration imm_serializable -> org.hibernate.type.AdaptedImmutableType@1863d2fe
[INFO ] 2018-02-13 09:57:41.178 [main] C3P0ConnectionProvider - HHH010002: C3P0 using driver: com.mysql.jdbc.Driver at URL: jdbc:mysql://localhost:3306/test_iBookTracker
[INFO ] 2018-02-13 09:57:41.183 [main] C3P0ConnectionProvider - HHH10001001: Connection properties: {user=root, password=****}
[INFO ] 2018-02-13 09:57:41.184 [main] C3P0ConnectionProvider - HHH10001003: Autocommit mode: false
[INFO ] 2018-02-13 09:57:41.560 [main] C3P0ConnectionProvider - HHH10001007: JDBC isolation level: <unknown>
[DEBUG] 2018-02-13 09:57:42.396 [main] JdbcEnvironmentInitiator - Database ->
       name : MySQL
    version : 5.7.21-0ubuntu0.16.04.1
      major : 5
      minor : 7
[DEBUG] 2018-02-13 09:57:42.408 [main] JdbcEnvironmentInitiator - Driver ->
       name : MySQL Connector Java
    version : mysql-connector-java-5.1.39 ( Revision: 3289a357af6d09ecc1a10fd3c26e95183e5790ad )
      major : 5
      minor : 1
[DEBUG] 2018-02-13 09:57:42.411 [main] JdbcEnvironmentInitiator - JDBC version : 4.0
[INFO ] 2018-02-13 09:57:42.452 [main] Dialect - HHH000400: Using dialect: org.hibernate.dialect.MySQL5Dialect
[DEBUG] 2018-02-13 09:57:42.552 [main] IdentifierHelperBuilder - JDBC driver metadata reported database stores quoted identifiers in more than one case
[DEBUG] 2018-02-13 09:57:42.553 [main] IdentifierHelperBuilder - IdentifierCaseStrategy for both quoted and unquoted identifiers was set to the same strategy [MIXED]; that will likely lead to problems in schema update and validation if using quoted identifiers
[DEBUG] 2018-02-13 09:57:42.664 [main] DefaultIdentifierGeneratorFactory - Registering IdentifierGenerator strategy [uuid2] -> [org.hibernate.id.UUIDGenerator]
[DEBUG] 2018-02-13 09:57:42.672 [main] DefaultIdentifierGeneratorFactory - Registering IdentifierGenerator strategy [guid] -> [org.hibernate.id.GUIDGenerator]
[DEBUG] 2018-02-13 09:57:42.672 [main] DefaultIdentifierGeneratorFactory - Registering IdentifierGenerator strategy [uuid] -> [org.hibernate.id.UUIDHexGenerator]
[DEBUG] 2018-02-13 09:57:42.672 [main] DefaultIdentifierGeneratorFactory - Registering IdentifierGenerator strategy [uuid.hex] -> [org.hibernate.id.UUIDHexGenerator]
[DEBUG] 2018-02-13 09:57:42.673 [main] DefaultIdentifierGeneratorFactory - Registering IdentifierGenerator strategy [assigned] -> [org.hibernate.id.Assigned]
[DEBUG] 2018-02-13 09:57:42.674 [main] DefaultIdentifierGeneratorFactory - Registering IdentifierGenerator strategy [identity] -> [org.hibernate.id.IdentityGenerator]
[DEBUG] 2018-02-13 09:57:42.674 [main] DefaultIdentifierGeneratorFactory - Registering IdentifierGenerator strategy [select] -> [org.hibernate.id.SelectGenerator]
[DEBUG] 2018-02-13 09:57:42.675 [main] DefaultIdentifierGeneratorFactory - Registering IdentifierGenerator strategy [sequence] -> [org.hibernate.id.enhanced.SequenceStyleGenerator]
[DEBUG] 2018-02-13 09:57:42.679 [main] DefaultIdentifierGeneratorFactory - Registering IdentifierGenerator strategy [seqhilo] -> [org.hibernate.id.SequenceHiLoGenerator]
[DEBUG] 2018-02-13 09:57:42.679 [main] DefaultIdentifierGeneratorFactory - Registering IdentifierGenerator strategy [increment] -> [org.hibernate.id.IncrementGenerator]
[DEBUG] 2018-02-13 09:57:42.679 [main] DefaultIdentifierGeneratorFactory - Registering IdentifierGenerator strategy [foreign] -> [org.hibernate.id.ForeignGenerator]
[DEBUG] 2018-02-13 09:57:42.680 [main] DefaultIdentifierGeneratorFactory - Registering IdentifierGenerator strategy [sequence-identity] -> [org.hibernate.id.SequenceIdentityGenerator]
[DEBUG] 2018-02-13 09:57:42.680 [main] DefaultIdentifierGeneratorFactory - Registering IdentifierGenerator strategy [enhanced-sequence] -> [org.hibernate.id.enhanced.SequenceStyleGenerator]
[DEBUG] 2018-02-13 09:57:42.683 [main] DefaultIdentifierGeneratorFactory - Registering IdentifierGenerator strategy [enhanced-table] -> [org.hibernate.id.enhanced.TableGenerator]
[DEBUG] 2018-02-13 09:57:42.759 [main] Namespace - Created database namespace [logicalName=Name{catalog=null, schema=null}, physicalName=Name{catalog=null, schema=null}]
[DEBUG] 2018-02-13 09:57:42.831 [main] AnnotationBinder - Binding entity from annotated class: edu.matc.entity.User
[DEBUG] 2018-02-13 09:57:42.887 [main] Ejb3Column - Binding column: Ejb3DiscriminatorColumn{logicalColumnName'DTYPE', discriminatorTypeName='string'}
[DEBUG] 2018-02-13 09:57:42.903 [main] EntityBinder - Import with entity name User
[DEBUG] 2018-02-13 09:57:42.913 [main] EntityBinder - Bind entity edu.matc.entity.User on table user
[DEBUG] 2018-02-13 09:57:42.973 [main] Ejb3Column - Binding column: Ejb3Column{table=org.hibernate.mapping.Table(user), mappingColumn=id, insertable=true, updatable=true, unique=false}
[DEBUG] 2018-02-13 09:57:42.982 [main] PropertyBinder - MetadataSourceProcessor property id with lazy=false
[DEBUG] 2018-02-13 09:57:42.983 [main] AbstractPropertyHolder - Attempting to locate auto-apply AttributeConverter for property [edu.matc.entity.User:id]
[DEBUG] 2018-02-13 09:57:42.985 [main] SimpleValueBinder - building SimpleValue for id
[DEBUG] 2018-02-13 09:57:42.987 [main] PropertyBinder - Building property id
[DEBUG] 2018-02-13 09:57:42.999 [main] Ejb3Column - Binding column: Ejb3Column{table=org.hibernate.mapping.Table(user), mappingColumn=user_email, insertable=true, updatable=true, unique=false}
[DEBUG] 2018-02-13 09:57:43.001 [main] PropertyBinder - MetadataSourceProcessor property email with lazy=false
[DEBUG] 2018-02-13 09:57:43.001 [main] AbstractPropertyHolder - Attempting to locate auto-apply AttributeConverter for property [edu.matc.entity.User:email]
[DEBUG] 2018-02-13 09:57:43.001 [main] SimpleValueBinder - building SimpleValue for email
[DEBUG] 2018-02-13 09:57:43.003 [main] PropertyBinder - Building property email
[DEBUG] 2018-02-13 09:57:43.004 [main] Ejb3Column - Binding column: Ejb3Column{table=org.hibernate.mapping.Table(user), mappingColumn=first_name, insertable=true, updatable=true, unique=false}
[DEBUG] 2018-02-13 09:57:43.004 [main] PropertyBinder - MetadataSourceProcessor property firstName with lazy=false
[DEBUG] 2018-02-13 09:57:43.004 [main] AbstractPropertyHolder - Attempting to locate auto-apply AttributeConverter for property [edu.matc.entity.User:firstName]
[DEBUG] 2018-02-13 09:57:43.004 [main] SimpleValueBinder - building SimpleValue for firstName
[DEBUG] 2018-02-13 09:57:43.004 [main] PropertyBinder - Building property firstName
[DEBUG] 2018-02-13 09:57:43.004 [main] Ejb3Column - Binding column: Ejb3Column{table=org.hibernate.mapping.Table(user), mappingColumn=last_name, insertable=true, updatable=true, unique=false}
[DEBUG] 2018-02-13 09:57:43.004 [main] PropertyBinder - MetadataSourceProcessor property lastName with lazy=false
[DEBUG] 2018-02-13 09:57:43.004 [main] AbstractPropertyHolder - Attempting to locate auto-apply AttributeConverter for property [edu.matc.entity.User:lastName]
[DEBUG] 2018-02-13 09:57:43.005 [main] SimpleValueBinder - building SimpleValue for lastName
[DEBUG] 2018-02-13 09:57:43.007 [main] PropertyBinder - Building property lastName
[DEBUG] 2018-02-13 09:57:43.007 [main] Ejb3Column - Binding column: Ejb3Column{table=org.hibernate.mapping.Table(user), mappingColumn=user_phone, insertable=true, updatable=true, unique=false}
[DEBUG] 2018-02-13 09:57:43.007 [main] PropertyBinder - MetadataSourceProcessor property phone with lazy=false
[DEBUG] 2018-02-13 09:57:43.007 [main] AbstractPropertyHolder - Attempting to locate auto-apply AttributeConverter for property [edu.matc.entity.User:phone]
[DEBUG] 2018-02-13 09:57:43.007 [main] SimpleValueBinder - building SimpleValue for phone
[DEBUG] 2018-02-13 09:57:43.007 [main] PropertyBinder - Building property phone
[DEBUG] 2018-02-13 09:57:43.008 [main] Ejb3Column - Binding column: Ejb3Column{table=org.hibernate.mapping.Table(user), mappingColumn=user_name, insertable=true, updatable=true, unique=false}
[DEBUG] 2018-02-13 09:57:43.008 [main] PropertyBinder - MetadataSourceProcessor property userName with lazy=false
[DEBUG] 2018-02-13 09:57:43.008 [main] AbstractPropertyHolder - Attempting to locate auto-apply AttributeConverter for property [edu.matc.entity.User:userName]
[DEBUG] 2018-02-13 09:57:43.008 [main] SimpleValueBinder - building SimpleValue for userName
[DEBUG] 2018-02-13 09:57:43.008 [main] PropertyBinder - Building property userName
[DEBUG] 2018-02-13 09:57:43.015 [main] SimpleValueBinder - Starting fillSimpleValue for id
[DEBUG] 2018-02-13 09:57:43.015 [main] SimpleValueBinder - Starting fillSimpleValue for email
[DEBUG] 2018-02-13 09:57:43.015 [main] SimpleValueBinder - Starting fillSimpleValue for firstName
[DEBUG] 2018-02-13 09:57:43.015 [main] SimpleValueBinder - Starting fillSimpleValue for lastName
[DEBUG] 2018-02-13 09:57:43.015 [main] SimpleValueBinder - Starting fillSimpleValue for phone
[DEBUG] 2018-02-13 09:57:43.015 [main] SimpleValueBinder - Starting fillSimpleValue for userName
[DEBUG] 2018-02-13 09:57:43.016 [main] PrimaryKey - Forcing column [id] to be non-null as it is part of the primary key for table [user]
[DEBUG] 2018-02-13 09:57:43.081 [main] SessionFactoryImpl - Building session factory
[DEBUG] 2018-02-13 09:57:43.082 [main] Settings - SessionFactory name : null
[DEBUG] 2018-02-13 09:57:43.082 [main] Settings - Automatic flush during beforeCompletion(): enabled
[DEBUG] 2018-02-13 09:57:43.082 [main] Settings - Automatic session close at end of transaction: disabled
[DEBUG] 2018-02-13 09:57:43.082 [main] Settings - Statistics: disabled
[DEBUG] 2018-02-13 09:57:43.082 [main] Settings - Deleted entity synthetic identifier rollback: disabled
[DEBUG] 2018-02-13 09:57:43.083 [main] Settings - Default entity-mode: pojo
[DEBUG] 2018-02-13 09:57:43.083 [main] Settings - Check Nullability in Core (should be disabled when Bean Validation is on): enabled
[DEBUG] 2018-02-13 09:57:43.083 [main] Settings - Allow initialization of lazy state outside session : disabled
[DEBUG] 2018-02-13 09:57:43.084 [main] Settings - Using BatchFetchStyle : LEGACY
[DEBUG] 2018-02-13 09:57:43.084 [main] Settings - Default batch fetch size: -1
[DEBUG] 2018-02-13 09:57:43.084 [main] Settings - Maximum outer join fetch depth: 2
[DEBUG] 2018-02-13 09:57:43.084 [main] Settings - Default null ordering: NONE
[DEBUG] 2018-02-13 09:57:43.084 [main] Settings - Order SQL updates by primary key: disabled
[DEBUG] 2018-02-13 09:57:43.084 [main] Settings - Order SQL inserts for batching: disabled
[DEBUG] 2018-02-13 09:57:43.084 [main] Settings - multi-tenancy strategy : NONE
[DEBUG] 2018-02-13 09:57:43.084 [main] Settings - JTA Track by Thread: enabled
[DEBUG] 2018-02-13 09:57:43.084 [main] Settings - Query language substitutions: {}
[DEBUG] 2018-02-13 09:57:43.084 [main] Settings - JPA query language strict compliance: disabled
[DEBUG] 2018-02-13 09:57:43.084 [main] Settings - Named query checking : enabled
[DEBUG] 2018-02-13 09:57:43.086 [main] Settings - Second-level cache: enabled
[DEBUG] 2018-02-13 09:57:43.086 [main] Settings - Second-level query cache: disabled
[DEBUG] 2018-02-13 09:57:43.086 [main] Settings - Second-level query cache factory: org.hibernate.cache.internal.StandardQueryCacheFactory@19fe4644
[DEBUG] 2018-02-13 09:57:43.086 [main] Settings - Second-level cache region prefix: null
[DEBUG] 2018-02-13 09:57:43.091 [main] Settings - Optimize second-level cache for minimal puts: disabled
[DEBUG] 2018-02-13 09:57:43.091 [main] Settings - Structured second-level cache entries: disabled
[DEBUG] 2018-02-13 09:57:43.091 [main] Settings - Second-level cache direct-reference entries: disabled
[DEBUG] 2018-02-13 09:57:43.091 [main] Settings - Automatic eviction of collection cache: disabled
[DEBUG] 2018-02-13 09:57:43.091 [main] Settings - JDBC batch size: 15
[DEBUG] 2018-02-13 09:57:43.091 [main] Settings - JDBC batch updates for versioned data: enabled
[DEBUG] 2018-02-13 09:57:43.091 [main] Settings - Scrollable result sets: enabled
[DEBUG] 2018-02-13 09:57:43.091 [main] Settings - Wrap result sets: disabled
[DEBUG] 2018-02-13 09:57:43.091 [main] Settings - JDBC3 getGeneratedKeys(): enabled
[DEBUG] 2018-02-13 09:57:43.092 [main] Settings - JDBC result set fetch size: null
[DEBUG] 2018-02-13 09:57:43.092 [main] Settings - Connection release mode: AFTER_TRANSACTION
[DEBUG] 2018-02-13 09:57:43.092 [main] Settings - Generate SQL with comments: disabled
[DEBUG] 2018-02-13 09:57:43.218 [main] SessionFactoryImpl - Session factory constructed with filter configurations : {}
[DEBUG] 2018-02-13 09:57:43.223 [main] SessionFactoryImpl - Instantiating session factory with properties: {sun.desktop=gnome, awt.toolkit=sun.awt.X11.XToolkit, file.encoding.pkg=sun.io, java.specification.version=1.8, hibernate.c3p0.idle_test_period=3000, sun.cpu.isalist=, sun.jnu.encoding=UTF-8, hibernate.c3p0.min_size=5, java.class.path=/home/student/intellij/lib/idea_rt.jar:/home/student/intellij/plugins/junit/lib/junit-rt.jar:/home/student/intellij/plugins/junit/lib/junit5-rt.jar:/usr/lib/jvm/java-8-oracle/jre/lib/charsets.jar:/usr/lib/jvm/java-8-oracle/jre/lib/deploy.jar:/usr/lib/jvm/java-8-oracle/jre/lib/ext/cldrdata.jar:/usr/lib/jvm/java-8-oracle/jre/lib/ext/dnsns.jar:/usr/lib/jvm/java-8-oracle/jre/lib/ext/jaccess.jar:/usr/lib/jvm/java-8-oracle/jre/lib/ext/jfxrt.jar:/usr/lib/jvm/java-8-oracle/jre/lib/ext/localedata.jar:/usr/lib/jvm/java-8-oracle/jre/lib/ext/nashorn.jar:/usr/lib/jvm/java-8-oracle/jre/lib/ext/sunec.jar:/usr/lib/jvm/java-8-oracle/jre/lib/ext/sunjce_provider.jar:/usr/lib/jvm/java-8-oracle/jre/lib/ext/sunpkcs11.jar:/usr/lib/jvm/java-8-oracle/jre/lib/ext/zipfs.jar:/usr/lib/jvm/java-8-oracle/jre/lib/javaws.jar:/usr/lib/jvm/java-8-oracle/jre/lib/jce.jar:/usr/lib/jvm/java-8-oracle/jre/lib/jfr.jar:/usr/lib/jvm/java-8-oracle/jre/lib/jfxswt.jar:/usr/lib/jvm/java-8-oracle/jre/lib/jsse.jar:/usr/lib/jvm/java-8-oracle/jre/lib/management-agent.jar:/usr/lib/jvm/java-8-oracle/jre/lib/plugin.jar:/usr/lib/jvm/java-8-oracle/jre/lib/resources.jar:/usr/lib/jvm/java-8-oracle/jre/lib/rt.jar:/home/student/IdeaProjects/iBookTracker/target/test-classes:/home/student/IdeaProjects/iBookTracker/target/classes:/home/student/.m2/repository/javax/javaee-web-api/7.0/javaee-web-api-7.0.jar:/home/student/.m2/repository/mysql/mysql-connector-java/5.1.39/mysql-connector-java-5.1.39.jar:/home/student/.m2/repository/jstl/jstl/1.2/jstl-1.2.jar:/home/student/.m2/repository/org/apache/logging/log4j/log4j-api/2.10.0/log4j-api-2.10.0.jar:/home/student/.m2/repository/org/apache/logging/log4j/log4j-core/2.10.0/log4j-core-2.10.0.jar:/home/student/.m2/repository/org/junit/jupiter/junit-jupiter-engine/5.0.0/junit-jupiter-engine-5.0.0.jar:/home/student/.m2/repository/org/apiguardian/apiguardian-api/1.0.0/apiguardian-api-1.0.0.jar:/home/student/.m2/repository/org/junit/platform/junit-platform-engine/1.0.0/junit-platform-engine-1.0.0.jar:/home/student/.m2/repository/org/junit/platform/junit-platform-commons/1.0.0/junit-platform-commons-1.0.0.jar:/home/student/.m2/repository/org/opentest4j/opentest4j/1.0.0/opentest4j-1.0.0.jar:/home/student/.m2/repository/org/junit/jupiter/junit-jupiter-api/5.0.0/junit-jupiter-api-5.0.0.jar:/home/student/.m2/repository/junit/junit/4.12/junit-4.12.jar:/home/student/.m2/repository/org/hamcrest/hamcrest-core/1.3/hamcrest-core-1.3.jar:/home/student/.m2/repository/org/junit/platform/junit-platform-runner/1.0.0/junit-platform-runner-1.0.0.jar:/home/student/.m2/repository/org/junit/platform/junit-platform-launcher/1.0.0/junit-platform-launcher-1.0.0.jar:/home/student/.m2/repository/org/junit/platform/junit-platform-suite-api/1.0.0/junit-platform-suite-api-1.0.0.jar:/home/student/.m2/repository/org/junit/vintage/junit-vintage-engine/4.12.0/junit-vintage-engine-4.12.0.jar:/home/student/.m2/repository/org/hibernate/hibernate-core/5.2.12.Final/hibernate-core-5.2.12.Final.jar:/home/student/.m2/repository/org/jboss/logging/jboss-logging/3.3.0.Final/jboss-logging-3.3.0.Final.jar:/home/student/.m2/repository/org/hibernate/javax/persistence/hibernate-jpa-2.1-api/1.0.0.Final/hibernate-jpa-2.1-api-1.0.0.Final.jar:/home/student/.m2/repository/org/javassist/javassist/3.20.0-GA/javassist-3.20.0-GA.jar:/home/student/.m2/repository/antlr/antlr/2.7.7/antlr-2.7.7.jar:/home/student/.m2/repository/org/jboss/spec/javax/transaction/jboss-transaction-api_1.2_spec/1.0.1.Final/jboss-transaction-api_1.2_spec-1.0.1.Final.jar:/home/student/.m2/repository/org/jboss/jandex/2.0.3.Final/jandex-2.0.3.Final.jar:/home/student/.m2/repository/com/fasterxml/classmate/1.3.0/classmate-1.3.0.jar:/home/student/.m2/repository/dom4j/dom4j/1.6.1/dom4j-1.6.1.jar:/home/student/.m2/repository/org/hibernate/common/hibernate-commons-annotations/5.0.1.Final/hibernate-commons-annotations-5.0.1.Final.jar:/home/student/.m2/repository/org/hibernate/hibernate-c3p0/5.2.12.Final/hibernate-c3p0-5.2.12.Final.jar:/home/student/.m2/repository/com/mchange/c3p0/0.9.5.2/c3p0-0.9.5.2.jar:/home/student/.m2/repository/com/mchange/mchange-commons-java/0.2.11/mchange-commons-java-0.2.11.jar:/home/student/intellij/lib/idea_rt.jar, java.vm.vendor=Oracle Corporation, sun.arch.data.model=64, idea.test.cyclic.buffer.size=1048576, java.vendor.url=http://java.oracle.com/, user.timezone=America/Chicago, os.name=Linux, java.vm.specification.version=1.8, user.country=US, sun.java.launcher=SUN_STANDARD, sun.boot.library.path=/usr/lib/jvm/java-8-oracle/jre/lib/amd64, sun.java.command=com.intellij.rt.execution.junit.JUnitStarter -ideVersion5 -junit5 edu.matc.persistence.UserDaoTest, sun.cpu.endian=little, hibernate.c3p0.max_statements=50, user.home=/home/student, user.language=en, java.specification.vendor=Oracle Corporation, java.home=/usr/lib/jvm/java-8-oracle/jre, file.separator=/, line.separator=
, hibernate.c3p0.timeout=300, java.vm.specification.vendor=Oracle Corporation, java.specification.name=Java Platform API Specification, java.awt.graphicsenv=sun.awt.X11GraphicsEnvironment, sun.boot.class.path=/usr/lib/jvm/java-8-oracle/jre/lib/resources.jar:/usr/lib/jvm/java-8-oracle/jre/lib/rt.jar:/usr/lib/jvm/java-8-oracle/jre/lib/sunrsasign.jar:/usr/lib/jvm/java-8-oracle/jre/lib/jsse.jar:/usr/lib/jvm/java-8-oracle/jre/lib/jce.jar:/usr/lib/jvm/java-8-oracle/jre/lib/charsets.jar:/usr/lib/jvm/java-8-oracle/jre/lib/jfr.jar:/usr/lib/jvm/java-8-oracle/jre/classes, connection.password=student, sun.management.compiler=HotSpot 64-Bit Tiered Compilers, hibernate.c3p0.max_size=20, java.runtime.version=1.8.0_151-b12, user.name=student, path.separator=:, hibernate.connection.username=root, os.version=4.4.0-112-generic, java.endorsed.dirs=/usr/lib/jvm/java-8-oracle/jre/lib/endorsed, java.runtime.name=Java(TM) SE Runtime Environment, hibernate.connection.url=jdbc:mysql://localhost:3306/test_iBookTracker, file.encoding=UTF-8, java.vm.name=Java HotSpot(TM) 64-Bit Server VM, hibernate.connection.driver_class=com.mysql.jdbc.Driver, java.vendor.url.bug=http://bugreport.sun.com/bugreport/, java.io.tmpdir=/tmp, java.version=1.8.0_151, user.dir=/home/student/IdeaProjects/iBookTracker, os.arch=amd64, connection.username=root, java.vm.specification.name=Java Virtual Machine Specification, hibernate.connection.password=****, java.awt.printerjob=sun.print.PSPrinterJob, sun.os.patch.level=unknown, connection.driver_class=com.mysql.jdbc.Driver, hibernate.boot.CfgXmlAccessService.key=org.hibernate.boot.cfgxml.spi.LoadedConfig@192f2f27, java.library.path=/home/student/intellij/bin::/usr/java/packages/lib/amd64:/usr/lib64:/lib64:/lib:/usr/lib, java.vm.info=mixed mode, java.vendor=Oracle Corporation, java.vm.version=25.151-b12, hibernate.bytecode.use_reflection_optimizer=false, java.ext.dirs=/usr/lib/jvm/java-8-oracle/jre/lib/ext:/usr/java/packages/lib/ext, sun.io.unicode.encoding=UnicodeLittle, connection.url=jdbc:mysql://localhost:3306/test_iBookTracker, java.class.version=52.0}
[DEBUG] 2018-02-13 09:57:43.267 [main] TypeSafeActivator - Unable to acquire Bean Validation ValidatorFactory, skipping activation
[DEBUG] 2018-02-13 09:57:43.268 [main] JaccIntegrator - Skipping JACC integration as it was not enabled
[DEBUG] 2018-02-13 09:57:43.270 [main] SessionFactoryImpl - Instantiated session factory
[DEBUG] 2018-02-13 09:57:43.367 [main] ClassLoaderAccessImpl - Not known whether passed class name [edu.matc.entity.User] is safe
[DEBUG] 2018-02-13 09:57:43.368 [main] ClassLoaderAccessImpl - No temp ClassLoader provided; using live ClassLoader for loading potentially unsafe class : edu.matc.entity.User
[DEBUG] 2018-02-13 09:57:43.398 [main] ClassLoaderAccessImpl - Not known whether passed class name [edu.matc.entity.User] is safe
[DEBUG] 2018-02-13 09:57:43.398 [main] ClassLoaderAccessImpl - No temp ClassLoader provided; using live ClassLoader for loading potentially unsafe class : edu.matc.entity.User
[DEBUG] 2018-02-13 09:57:43.515 [main] AbstractEntityPersister - Static SQL for entity: edu.matc.entity.User
[DEBUG] 2018-02-13 09:57:43.516 [main] AbstractEntityPersister -  Version select: select id from user where id =?
[DEBUG] 2018-02-13 09:57:43.516 [main] AbstractEntityPersister -  Snapshot select: select user_.id, user_.user_email as user_ema2_0_, user_.first_name as first_na3_0_, user_.last_name as last_nam4_0_, user_.user_phone as user_pho5_0_, user_.user_name as user_nam6_0_ from user user_ where user_.id=?
[DEBUG] 2018-02-13 09:57:43.516 [main] AbstractEntityPersister -  Insert 0: insert into user (user_email, first_name, last_name, user_phone, user_name, id) values (?, ?, ?, ?, ?, ?)
[DEBUG] 2018-02-13 09:57:43.516 [main] AbstractEntityPersister -  Update 0: update user set user_email=?, first_name=?, last_name=?, user_phone=?, user_name=? where id=?
[DEBUG] 2018-02-13 09:57:43.516 [main] AbstractEntityPersister -  Delete 0: delete from user where id=?
[DEBUG] 2018-02-13 09:57:43.516 [main] AbstractEntityPersister -  Identity insert: insert into user (user_email, first_name, last_name, user_phone, user_name) values (?, ?, ?, ?, ?)
[DEBUG] 2018-02-13 09:57:43.561 [main] QuerySpacesImpl - Adding QuerySpace : uid = <gen:0> -> org.hibernate.loader.plan.build.internal.spaces.EntityQuerySpaceImpl@3b65e559]
[DEBUG] 2018-02-13 09:57:43.566 [main] MetamodelGraphWalker - Visiting attribute path : email
[DEBUG] 2018-02-13 09:57:43.566 [main] MetamodelGraphWalker - Visiting attribute path : firstName
[DEBUG] 2018-02-13 09:57:43.567 [main] MetamodelGraphWalker - Visiting attribute path : lastName
[DEBUG] 2018-02-13 09:57:43.567 [main] MetamodelGraphWalker - Visiting attribute path : phone
[DEBUG] 2018-02-13 09:57:43.567 [main] MetamodelGraphWalker - Visiting attribute path : userName
[DEBUG] 2018-02-13 09:57:43.567 [main] FetchStyleLoadPlanBuildingAssociationVisitationStrategy - Building LoadPlan...
[DEBUG] 2018-02-13 09:57:43.597 [main] LoadQueryJoinAndFetchProcessor - processing queryspace <gen:0>
[DEBUG] 2018-02-13 09:57:43.605 [main] LoadPlanTreePrinter - LoadPlan(entity=edu.matc.entity.User)
    - Returns
       - EntityReturnImpl(entity=edu.matc.entity.User, querySpaceUid=<gen:0>, path=edu.matc.entity.User)
    - QuerySpaces
       - EntityQuerySpaceImpl(uid=<gen:0>, entity=edu.matc.entity.User)
          - SQL table alias mapping - user0_
          - alias suffix - 0_
          - suffixed key columns - {id1_0_0_}

[DEBUG] 2018-02-13 09:57:43.615 [main] EntityLoader - Static select for entity edu.matc.entity.User [NONE]: select user0_.id as id1_0_0_, user0_.user_email as user_ema2_0_0_, user0_.first_name as first_na3_0_0_, user0_.last_name as last_nam4_0_0_, user0_.user_phone as user_pho5_0_0_, user0_.user_name as user_nam6_0_0_ from user user0_ where user0_.id=?
[DEBUG] 2018-02-13 09:57:43.615 [main] QuerySpacesImpl - Adding QuerySpace : uid = <gen:0> -> org.hibernate.loader.plan.build.internal.spaces.EntityQuerySpaceImpl@50cf5a23]
[DEBUG] 2018-02-13 09:57:43.616 [main] MetamodelGraphWalker - Visiting attribute path : email
[DEBUG] 2018-02-13 09:57:43.619 [main] MetamodelGraphWalker - Visiting attribute path : firstName
[DEBUG] 2018-02-13 09:57:43.621 [main] MetamodelGraphWalker - Visiting attribute path : lastName
[DEBUG] 2018-02-13 09:57:43.621 [main] MetamodelGraphWalker - Visiting attribute path : phone
[DEBUG] 2018-02-13 09:57:43.621 [main] MetamodelGraphWalker - Visiting attribute path : userName
[DEBUG] 2018-02-13 09:57:43.621 [main] FetchStyleLoadPlanBuildingAssociationVisitationStrategy - Building LoadPlan...
[DEBUG] 2018-02-13 09:57:43.622 [main] LoadQueryJoinAndFetchProcessor - processing queryspace <gen:0>
[DEBUG] 2018-02-13 09:57:43.622 [main] LoadPlanTreePrinter - LoadPlan(entity=edu.matc.entity.User)
    - Returns
       - EntityReturnImpl(entity=edu.matc.entity.User, querySpaceUid=<gen:0>, path=edu.matc.entity.User)
    - QuerySpaces
       - EntityQuerySpaceImpl(uid=<gen:0>, entity=edu.matc.entity.User)
          - SQL table alias mapping - user0_
          - alias suffix - 0_
          - suffixed key columns - {id1_0_0_}

[DEBUG] 2018-02-13 09:57:43.622 [main] EntityLoader - Static select for entity edu.matc.entity.User [READ]: select user0_.id as id1_0_0_, user0_.user_email as user_ema2_0_0_, user0_.first_name as first_na3_0_0_, user0_.last_name as last_nam4_0_0_, user0_.user_phone as user_pho5_0_0_, user0_.user_name as user_nam6_0_0_ from user user0_ where user0_.id=?
[DEBUG] 2018-02-13 09:57:43.622 [main] QuerySpacesImpl - Adding QuerySpace : uid = <gen:0> -> org.hibernate.loader.plan.build.internal.spaces.EntityQuerySpaceImpl@273c947f]
[DEBUG] 2018-02-13 09:57:43.623 [main] MetamodelGraphWalker - Visiting attribute path : email
[DEBUG] 2018-02-13 09:57:43.623 [main] MetamodelGraphWalker - Visiting attribute path : firstName
[DEBUG] 2018-02-13 09:57:43.628 [main] MetamodelGraphWalker - Visiting attribute path : lastName
[DEBUG] 2018-02-13 09:57:43.628 [main] MetamodelGraphWalker - Visiting attribute path : phone
[DEBUG] 2018-02-13 09:57:43.628 [main] MetamodelGraphWalker - Visiting attribute path : userName
[DEBUG] 2018-02-13 09:57:43.628 [main] FetchStyleLoadPlanBuildingAssociationVisitationStrategy - Building LoadPlan...
[DEBUG] 2018-02-13 09:57:43.629 [main] LoadQueryJoinAndFetchProcessor - processing queryspace <gen:0>
[DEBUG] 2018-02-13 09:57:43.629 [main] LoadPlanTreePrinter - LoadPlan(entity=edu.matc.entity.User)
    - Returns
       - EntityReturnImpl(entity=edu.matc.entity.User, querySpaceUid=<gen:0>, path=edu.matc.entity.User)
    - QuerySpaces
       - EntityQuerySpaceImpl(uid=<gen:0>, entity=edu.matc.entity.User)
          - SQL table alias mapping - user0_
          - alias suffix - 0_
          - suffixed key columns - {id1_0_0_}

[DEBUG] 2018-02-13 09:57:43.629 [main] EntityLoader - Static select for entity edu.matc.entity.User [UPGRADE]: select user0_.id as id1_0_0_, user0_.user_email as user_ema2_0_0_, user0_.first_name as first_na3_0_0_, user0_.last_name as last_nam4_0_0_, user0_.user_phone as user_pho5_0_0_, user0_.user_name as user_nam6_0_0_ from user user0_ where user0_.id=? for update
[DEBUG] 2018-02-13 09:57:43.629 [main] QuerySpacesImpl - Adding QuerySpace : uid = <gen:0> -> org.hibernate.loader.plan.build.internal.spaces.EntityQuerySpaceImpl@1af1347d]
[DEBUG] 2018-02-13 09:57:43.629 [main] MetamodelGraphWalker - Visiting attribute path : email
[DEBUG] 2018-02-13 09:57:43.629 [main] MetamodelGraphWalker - Visiting attribute path : firstName
[DEBUG] 2018-02-13 09:57:43.629 [main] MetamodelGraphWalker - Visiting attribute path : lastName
[DEBUG] 2018-02-13 09:57:43.629 [main] MetamodelGraphWalker - Visiting attribute path : phone
[DEBUG] 2018-02-13 09:57:43.629 [main] MetamodelGraphWalker - Visiting attribute path : userName
[DEBUG] 2018-02-13 09:57:43.631 [main] FetchStyleLoadPlanBuildingAssociationVisitationStrategy - Building LoadPlan...
[DEBUG] 2018-02-13 09:57:43.636 [main] LoadQueryJoinAndFetchProcessor - processing queryspace <gen:0>
[DEBUG] 2018-02-13 09:57:43.637 [main] LoadPlanTreePrinter - LoadPlan(entity=edu.matc.entity.User)
    - Returns
       - EntityReturnImpl(entity=edu.matc.entity.User, querySpaceUid=<gen:0>, path=edu.matc.entity.User)
    - QuerySpaces
       - EntityQuerySpaceImpl(uid=<gen:0>, entity=edu.matc.entity.User)
          - SQL table alias mapping - user0_
          - alias suffix - 0_
          - suffixed key columns - {id1_0_0_}

[DEBUG] 2018-02-13 09:57:43.637 [main] EntityLoader - Static select for entity edu.matc.entity.User [UPGRADE_NOWAIT]: select user0_.id as id1_0_0_, user0_.user_email as user_ema2_0_0_, user0_.first_name as first_na3_0_0_, user0_.last_name as last_nam4_0_0_, user0_.user_phone as user_pho5_0_0_, user0_.user_name as user_nam6_0_0_ from user user0_ where user0_.id=? for update
[DEBUG] 2018-02-13 09:57:43.637 [main] QuerySpacesImpl - Adding QuerySpace : uid = <gen:0> -> org.hibernate.loader.plan.build.internal.spaces.EntityQuerySpaceImpl@20765ed5]
[DEBUG] 2018-02-13 09:57:43.637 [main] MetamodelGraphWalker - Visiting attribute path : email
[DEBUG] 2018-02-13 09:57:43.637 [main] MetamodelGraphWalker - Visiting attribute path : firstName
[DEBUG] 2018-02-13 09:57:43.637 [main] MetamodelGraphWalker - Visiting attribute path : lastName
[DEBUG] 2018-02-13 09:57:43.637 [main] MetamodelGraphWalker - Visiting attribute path : phone
[DEBUG] 2018-02-13 09:57:43.639 [main] MetamodelGraphWalker - Visiting attribute path : userName
[DEBUG] 2018-02-13 09:57:43.639 [main] FetchStyleLoadPlanBuildingAssociationVisitationStrategy - Building LoadPlan...
[DEBUG] 2018-02-13 09:57:43.639 [main] LoadQueryJoinAndFetchProcessor - processing queryspace <gen:0>
[DEBUG] 2018-02-13 09:57:43.639 [main] LoadPlanTreePrinter - LoadPlan(entity=edu.matc.entity.User)
    - Returns
       - EntityReturnImpl(entity=edu.matc.entity.User, querySpaceUid=<gen:0>, path=edu.matc.entity.User)
    - QuerySpaces
       - EntityQuerySpaceImpl(uid=<gen:0>, entity=edu.matc.entity.User)
          - SQL table alias mapping - user0_
          - alias suffix - 0_
          - suffixed key columns - {id1_0_0_}

[DEBUG] 2018-02-13 09:57:43.642 [main] EntityLoader - Static select for entity edu.matc.entity.User [UPGRADE_SKIPLOCKED]: select user0_.id as id1_0_0_, user0_.user_email as user_ema2_0_0_, user0_.first_name as first_na3_0_0_, user0_.last_name as last_nam4_0_0_, user0_.user_phone as user_pho5_0_0_, user0_.user_name as user_nam6_0_0_ from user user0_ where user0_.id=? for update
[DEBUG] 2018-02-13 09:57:43.642 [main] QuerySpacesImpl - Adding QuerySpace : uid = <gen:0> -> org.hibernate.loader.plan.build.internal.spaces.EntityQuerySpaceImpl@2899a8db]
[DEBUG] 2018-02-13 09:57:43.642 [main] MetamodelGraphWalker - Visiting attribute path : email
[DEBUG] 2018-02-13 09:57:43.643 [main] MetamodelGraphWalker - Visiting attribute path : firstName
[DEBUG] 2018-02-13 09:57:43.643 [main] MetamodelGraphWalker - Visiting attribute path : lastName
[DEBUG] 2018-02-13 09:57:43.643 [main] MetamodelGraphWalker - Visiting attribute path : phone
[DEBUG] 2018-02-13 09:57:43.643 [main] MetamodelGraphWalker - Visiting attribute path : userName
[DEBUG] 2018-02-13 09:57:43.643 [main] FetchStyleLoadPlanBuildingAssociationVisitationStrategy - Building LoadPlan...
[DEBUG] 2018-02-13 09:57:43.643 [main] LoadQueryJoinAndFetchProcessor - processing queryspace <gen:0>
[DEBUG] 2018-02-13 09:57:43.643 [main] LoadPlanTreePrinter - LoadPlan(entity=edu.matc.entity.User)
    - Returns
       - EntityReturnImpl(entity=edu.matc.entity.User, querySpaceUid=<gen:0>, path=edu.matc.entity.User)
    - QuerySpaces
       - EntityQuerySpaceImpl(uid=<gen:0>, entity=edu.matc.entity.User)
          - SQL table alias mapping - user0_
          - alias suffix - 0_
          - suffixed key columns - {id1_0_0_}

[DEBUG] 2018-02-13 09:57:43.643 [main] EntityLoader - Static select for entity edu.matc.entity.User [FORCE]: select user0_.id as id1_0_0_, user0_.user_email as user_ema2_0_0_, user0_.first_name as first_na3_0_0_, user0_.last_name as last_nam4_0_0_, user0_.user_phone as user_pho5_0_0_, user0_.user_name as user_nam6_0_0_ from user user0_ where user0_.id=? for update
[DEBUG] 2018-02-13 09:57:43.643 [main] QuerySpacesImpl - Adding QuerySpace : uid = <gen:0> -> org.hibernate.loader.plan.build.internal.spaces.EntityQuerySpaceImpl@c1a4620]
[DEBUG] 2018-02-13 09:57:43.643 [main] MetamodelGraphWalker - Visiting attribute path : email
[DEBUG] 2018-02-13 09:57:43.643 [main] MetamodelGraphWalker - Visiting attribute path : firstName
[DEBUG] 2018-02-13 09:57:43.643 [main] MetamodelGraphWalker - Visiting attribute path : lastName
[DEBUG] 2018-02-13 09:57:43.643 [main] MetamodelGraphWalker - Visiting attribute path : phone
[DEBUG] 2018-02-13 09:57:43.644 [main] MetamodelGraphWalker - Visiting attribute path : userName
[DEBUG] 2018-02-13 09:57:43.644 [main] FetchStyleLoadPlanBuildingAssociationVisitationStrategy - Building LoadPlan...
[DEBUG] 2018-02-13 09:57:43.645 [main] LoadQueryJoinAndFetchProcessor - processing queryspace <gen:0>
[DEBUG] 2018-02-13 09:57:43.646 [main] LoadPlanTreePrinter - LoadPlan(entity=edu.matc.entity.User)
    - Returns
       - EntityReturnImpl(entity=edu.matc.entity.User, querySpaceUid=<gen:0>, path=edu.matc.entity.User)
    - QuerySpaces
       - EntityQuerySpaceImpl(uid=<gen:0>, entity=edu.matc.entity.User)
          - SQL table alias mapping - user0_
          - alias suffix - 0_
          - suffixed key columns - {id1_0_0_}

[DEBUG] 2018-02-13 09:57:43.646 [main] EntityLoader - Static select for entity edu.matc.entity.User [PESSIMISTIC_READ]: select user0_.id as id1_0_0_, user0_.user_email as user_ema2_0_0_, user0_.first_name as first_na3_0_0_, user0_.last_name as last_nam4_0_0_, user0_.user_phone as user_pho5_0_0_, user0_.user_name as user_nam6_0_0_ from user user0_ where user0_.id=? lock in share mode
[DEBUG] 2018-02-13 09:57:43.646 [main] QuerySpacesImpl - Adding QuerySpace : uid = <gen:0> -> org.hibernate.loader.plan.build.internal.spaces.EntityQuerySpaceImpl@130a0f66]
[DEBUG] 2018-02-13 09:57:43.646 [main] MetamodelGraphWalker - Visiting attribute path : email
[DEBUG] 2018-02-13 09:57:43.646 [main] MetamodelGraphWalker - Visiting attribute path : firstName
[DEBUG] 2018-02-13 09:57:43.646 [main] MetamodelGraphWalker - Visiting attribute path : lastName
[DEBUG] 2018-02-13 09:57:43.646 [main] MetamodelGraphWalker - Visiting attribute path : phone
[DEBUG] 2018-02-13 09:57:43.646 [main] MetamodelGraphWalker - Visiting attribute path : userName
[DEBUG] 2018-02-13 09:57:43.646 [main] FetchStyleLoadPlanBuildingAssociationVisitationStrategy - Building LoadPlan...
[DEBUG] 2018-02-13 09:57:43.648 [main] LoadQueryJoinAndFetchProcessor - processing queryspace <gen:0>
[DEBUG] 2018-02-13 09:57:43.648 [main] LoadPlanTreePrinter - LoadPlan(entity=edu.matc.entity.User)
    - Returns
       - EntityReturnImpl(entity=edu.matc.entity.User, querySpaceUid=<gen:0>, path=edu.matc.entity.User)
    - QuerySpaces
       - EntityQuerySpaceImpl(uid=<gen:0>, entity=edu.matc.entity.User)
          - SQL table alias mapping - user0_
          - alias suffix - 0_
          - suffixed key columns - {id1_0_0_}

[DEBUG] 2018-02-13 09:57:43.648 [main] EntityLoader - Static select for entity edu.matc.entity.User [PESSIMISTIC_WRITE]: select user0_.id as id1_0_0_, user0_.user_email as user_ema2_0_0_, user0_.first_name as first_na3_0_0_, user0_.last_name as last_nam4_0_0_, user0_.user_phone as user_pho5_0_0_, user0_.user_name as user_nam6_0_0_ from user user0_ where user0_.id=? for update
[DEBUG] 2018-02-13 09:57:43.648 [main] QuerySpacesImpl - Adding QuerySpace : uid = <gen:0> -> org.hibernate.loader.plan.build.internal.spaces.EntityQuerySpaceImpl@12365c88]
[DEBUG] 2018-02-13 09:57:43.648 [main] MetamodelGraphWalker - Visiting attribute path : email
[DEBUG] 2018-02-13 09:57:43.648 [main] MetamodelGraphWalker - Visiting attribute path : firstName
[DEBUG] 2018-02-13 09:57:43.648 [main] MetamodelGraphWalker - Visiting attribute path : lastName
[DEBUG] 2018-02-13 09:57:43.648 [main] MetamodelGraphWalker - Visiting attribute path : phone
[DEBUG] 2018-02-13 09:57:43.648 [main] MetamodelGraphWalker - Visiting attribute path : userName
[DEBUG] 2018-02-13 09:57:43.648 [main] FetchStyleLoadPlanBuildingAssociationVisitationStrategy - Building LoadPlan...
[DEBUG] 2018-02-13 09:57:43.650 [main] LoadQueryJoinAndFetchProcessor - processing queryspace <gen:0>
[DEBUG] 2018-02-13 09:57:43.653 [main] LoadPlanTreePrinter - LoadPlan(entity=edu.matc.entity.User)
    - Returns
       - EntityReturnImpl(entity=edu.matc.entity.User, querySpaceUid=<gen:0>, path=edu.matc.entity.User)
    - QuerySpaces
       - EntityQuerySpaceImpl(uid=<gen:0>, entity=edu.matc.entity.User)
          - SQL table alias mapping - user0_
          - alias suffix - 0_
          - suffixed key columns - {id1_0_0_}

[DEBUG] 2018-02-13 09:57:43.653 [main] EntityLoader - Static select for entity edu.matc.entity.User [PESSIMISTIC_FORCE_INCREMENT]: select user0_.id as id1_0_0_, user0_.user_email as user_ema2_0_0_, user0_.first_name as first_na3_0_0_, user0_.last_name as last_nam4_0_0_, user0_.user_phone as user_pho5_0_0_, user0_.user_name as user_nam6_0_0_ from user user0_ where user0_.id=? for update
[DEBUG] 2018-02-13 09:57:43.653 [main] QuerySpacesImpl - Adding QuerySpace : uid = <gen:0> -> org.hibernate.loader.plan.build.internal.spaces.EntityQuerySpaceImpl@2237bada]
[DEBUG] 2018-02-13 09:57:43.653 [main] MetamodelGraphWalker - Visiting attribute path : email
[DEBUG] 2018-02-13 09:57:43.656 [main] MetamodelGraphWalker - Visiting attribute path : firstName
[DEBUG] 2018-02-13 09:57:43.656 [main] MetamodelGraphWalker - Visiting attribute path : lastName
[DEBUG] 2018-02-13 09:57:43.656 [main] MetamodelGraphWalker - Visiting attribute path : phone
[DEBUG] 2018-02-13 09:57:43.656 [main] MetamodelGraphWalker - Visiting attribute path : userName
[DEBUG] 2018-02-13 09:57:43.656 [main] FetchStyleLoadPlanBuildingAssociationVisitationStrategy - Building LoadPlan...
[DEBUG] 2018-02-13 09:57:43.659 [main] LoadQueryJoinAndFetchProcessor - processing queryspace <gen:0>
[DEBUG] 2018-02-13 09:57:43.659 [main] LoadPlanTreePrinter - LoadPlan(entity=edu.matc.entity.User)
    - Returns
       - EntityReturnImpl(entity=edu.matc.entity.User, querySpaceUid=<gen:0>, path=edu.matc.entity.User)
    - QuerySpaces
       - EntityQuerySpaceImpl(uid=<gen:0>, entity=edu.matc.entity.User)
          - SQL table alias mapping - user0_
          - alias suffix - 0_
          - suffixed key columns - {id1_0_0_}

[DEBUG] 2018-02-13 09:57:43.659 [main] EntityLoader - Static select for entity edu.matc.entity.User [OPTIMISTIC]: select user0_.id as id1_0_0_, user0_.user_email as user_ema2_0_0_, user0_.first_name as first_na3_0_0_, user0_.last_name as last_nam4_0_0_, user0_.user_phone as user_pho5_0_0_, user0_.user_name as user_nam6_0_0_ from user user0_ where user0_.id=?
[DEBUG] 2018-02-13 09:57:43.659 [main] QuerySpacesImpl - Adding QuerySpace : uid = <gen:0> -> org.hibernate.loader.plan.build.internal.spaces.EntityQuerySpaceImpl@5710768a]
[DEBUG] 2018-02-13 09:57:43.659 [main] MetamodelGraphWalker - Visiting attribute path : email
[DEBUG] 2018-02-13 09:57:43.659 [main] MetamodelGraphWalker - Visiting attribute path : firstName
[DEBUG] 2018-02-13 09:57:43.659 [main] MetamodelGraphWalker - Visiting attribute path : lastName
[DEBUG] 2018-02-13 09:57:43.660 [main] MetamodelGraphWalker - Visiting attribute path : phone
[DEBUG] 2018-02-13 09:57:43.660 [main] MetamodelGraphWalker - Visiting attribute path : userName
[DEBUG] 2018-02-13 09:57:43.660 [main] FetchStyleLoadPlanBuildingAssociationVisitationStrategy - Building LoadPlan...
[DEBUG] 2018-02-13 09:57:43.660 [main] LoadQueryJoinAndFetchProcessor - processing queryspace <gen:0>
[DEBUG] 2018-02-13 09:57:43.660 [main] LoadPlanTreePrinter - LoadPlan(entity=edu.matc.entity.User)
    - Returns
       - EntityReturnImpl(entity=edu.matc.entity.User, querySpaceUid=<gen:0>, path=edu.matc.entity.User)
    - QuerySpaces
       - EntityQuerySpaceImpl(uid=<gen:0>, entity=edu.matc.entity.User)
          - SQL table alias mapping - user0_
          - alias suffix - 0_
          - suffixed key columns - {id1_0_0_}

[DEBUG] 2018-02-13 09:57:43.661 [main] EntityLoader - Static select for entity edu.matc.entity.User [OPTIMISTIC_FORCE_INCREMENT]: select user0_.id as id1_0_0_, user0_.user_email as user_ema2_0_0_, user0_.first_name as first_na3_0_0_, user0_.last_name as last_nam4_0_0_, user0_.user_phone as user_pho5_0_0_, user0_.user_name as user_nam6_0_0_ from user user0_ where user0_.id=?
[DEBUG] 2018-02-13 09:57:43.691 [main] Loader - Static select for action ACTION_MERGE on entity edu.matc.entity.User: select user0_.id as id1_0_0_, user0_.user_email as user_ema2_0_0_, user0_.first_name as first_na3_0_0_, user0_.last_name as last_nam4_0_0_, user0_.user_phone as user_pho5_0_0_, user0_.user_name as user_nam6_0_0_ from user user0_ where user0_.id=?
[DEBUG] 2018-02-13 09:57:43.697 [main] Loader - Static select for action ACTION_REFRESH on entity edu.matc.entity.User: select user0_.id as id1_0_0_, user0_.user_email as user_ema2_0_0_, user0_.first_name as first_na3_0_0_, user0_.last_name as last_nam4_0_0_, user0_.user_phone as user_pho5_0_0_, user0_.user_name as user_nam6_0_0_ from user user0_ where user0_.id=?
[DEBUG] 2018-02-13 09:57:43.753 [main] SchemaManagementToolCoordinator - No actions specified; doing nothing
[DEBUG] 2018-02-13 09:57:43.759 [main] JtaPlatformInitiator - No JtaPlatform was specified, checking resolver
[DEBUG] 2018-02-13 09:57:43.759 [main] JtaPlatformResolverInitiator - No JtaPlatformResolver was specified, using default [org.hibernate.engine.transaction.jta.platform.internal.StandardJtaPlatformResolver]
[DEBUG] 2018-02-13 09:57:43.763 [main] StandardJtaPlatformResolver - Could not resolve JtaPlatform, using default [org.hibernate.engine.transaction.jta.platform.internal.NoJtaPlatform]
[DEBUG] 2018-02-13 09:57:43.767 [main] NamedQueryRepository - Checking 0 named HQL queries
[DEBUG] 2018-02-13 09:57:43.767 [main] NamedQueryRepository - Checking 0 named SQL queries
[DEBUG] 2018-02-13 09:57:43.769 [main] SessionFactoryRegistry - Initializing SessionFactoryRegistry : org.hibernate.internal.SessionFactoryRegistry@63a5d002
[DEBUG] 2018-02-13 09:57:43.775 [main] SessionFactoryRegistry - Registering SessionFactory: 70e2bb3c-85af-49cb-b7eb-96357e4e092e (<unnamed>)
[DEBUG] 2018-02-13 09:57:43.775 [main] SessionFactoryRegistry - Not binding SessionFactory to JNDI, no JNDI name configured
[DEBUG] 2018-02-13 09:57:43.970 [main] StatisticsInitiator - Statistics initialized [enabled=false]
[DEBUG] 2018-02-13 09:57:44.014 [main] SQL - select user0_.id as id1_0_0_, user0_.user_email as user_ema2_0_0_, user0_.first_name as first_na3_0_0_, user0_.last_name as last_nam4_0_0_, user0_.user_phone as user_pho5_0_0_, user0_.user_name as user_nam6_0_0_ from user user0_ where user0_.id=?
[DEBUG] 2018-02-13 09:57:44.054 [main] ResultSetProcessorImpl - Starting ResultSet row #0
[DEBUG] 2018-02-13 09:57:44.054 [main] EntityReferenceInitializerImpl - On call to EntityIdentifierReaderImpl#resolve, EntityKey was already known; should only happen on root returns with an optional identifier specified
[DEBUG] 2018-02-13 09:57:44.067 [main] TwoPhaseLoad - Resolving associations for [edu.matc.entity.User#3]
[DEBUG] 2018-02-13 09:57:44.070 [main] TwoPhaseLoad - Done materializing entity [edu.matc.entity.User#3]
[DEBUG] 2018-02-13 09:57:44.071 [main] ResourceRegistryStandardImpl - HHH000387: ResultSet's statement was not registered
[DEBUG] 2018-02-13 09:57:44.071 [main] AbstractLoadPlanBasedEntityLoader - Done entity load : edu.matc.entity.User#3
[DEBUG] 2018-02-13 09:57:44.072 [main] LogicalConnectionManagedImpl - Initiating JDBC connection release from afterTransaction
[DEBUG] 2018-02-13 09:57:44.077 [main] TransactionImpl - begin
[DEBUG] 2018-02-13 09:57:44.090 [main] TransactionImpl - committing
[DEBUG] 2018-02-13 09:57:44.090 [main] AbstractFlushingEventListener - Processing flush-time cascades
[DEBUG] 2018-02-13 09:57:44.090 [main] AbstractFlushingEventListener - Dirty checking collections
[DEBUG] 2018-02-13 09:57:44.091 [main] AbstractFlushingEventListener - Flushed: 0 insertions, 0 updates, 1 deletions to 1 objects
[DEBUG] 2018-02-13 09:57:44.091 [main] AbstractFlushingEventListener - Flushed: 0 (re)creations, 0 updates, 0 removals to 0 collections
[DEBUG] 2018-02-13 09:57:44.091 [main] EntityPrinter - Listing entities:
[DEBUG] 2018-02-13 09:57:44.092 [main] EntityPrinter - edu.matc.entity.User{firstName=Barney, lastName=Curry, phone=453-345-2234, id=3, userName=Bcurry, email=barneyCurry@email.com}
[DEBUG] 2018-02-13 09:57:44.101 [main] SQL - delete from user where id=?
[DEBUG] 2018-02-13 09:57:44.108 [main] LogicalConnectionManagedImpl - Initiating JDBC connection release from afterTransaction
[DEBUG] 2018-02-13 09:57:44.109 [main] LogicalConnectionManagedImpl - Initiating JDBC connection release from afterTransaction
[DEBUG] 2018-02-13 09:57:44.109 [main] JdbcCoordinatorImpl - HHH000420: Closing un-released batch
[DEBUG] 2018-02-13 09:57:44.111 [main] SQL - select user0_.id as id1_0_0_, user0_.user_email as user_ema2_0_0_, user0_.first_name as first_na3_0_0_, user0_.last_name as last_nam4_0_0_, user0_.user_phone as user_pho5_0_0_, user0_.user_name as user_nam6_0_0_ from user user0_ where user0_.id=?
[DEBUG] 2018-02-13 09:57:44.115 [main] ResourceRegistryStandardImpl - HHH000387: ResultSet's statement was not registered
[DEBUG] 2018-02-13 09:57:44.115 [main] AbstractLoadPlanBasedEntityLoader - Done entity load : edu.matc.entity.User#3
[DEBUG] 2018-02-13 09:57:44.115 [main] LogicalConnectionManagedImpl - Initiating JDBC connection release from afterTransaction
[DEBUG] 2018-02-13 09:57:44.220 [main] CriteriaQueryImpl - Rendered criteria query -> select generatedAlias0 from User as generatedAlias0 where generatedAlias0.lastName like :param0
[DEBUG] 2018-02-13 09:57:44.264 [main] QueryTranslatorFactoryInitiator - QueryTranslatorFactory : org.hibernate.hql.internal.ast.ASTQueryTranslatorFactory@6d2d99fc
[INFO ] 2018-02-13 09:57:44.264 [main] QueryTranslatorFactoryInitiator - HHH000397: Using ASTQueryTranslatorFactory
[DEBUG] 2018-02-13 09:57:44.363 [main] QueryTranslatorImpl - parse() - HQL: select generatedAlias0 from edu.matc.entity.User as generatedAlias0 where generatedAlias0.lastName like :param0
[DEBUG] 2018-02-13 09:57:44.374 [main] ErrorCounter - throwQueryException() : no errors
[DEBUG] 2018-02-13 09:57:44.380 [main] QueryTranslatorImpl - --- HQL AST ---
 \-[QUERY] Node: 'query'
    +-[SELECT_FROM] Node: 'SELECT_FROM'
    |  +-[FROM] Node: 'from'
    |  |  \-[RANGE] Node: 'RANGE'
    |  |     +-[DOT] Node: '.'
    |  |     |  +-[DOT] Node: '.'
    |  |     |  |  +-[DOT] Node: '.'
    |  |     |  |  |  +-[IDENT] Node: 'edu'
    |  |     |  |  |  \-[IDENT] Node: 'matc'
    |  |     |  |  \-[IDENT] Node: 'entity'
    |  |     |  \-[IDENT] Node: 'User'
    |  |     \-[ALIAS] Node: 'generatedAlias0'
    |  \-[SELECT] Node: 'select'
    |     \-[IDENT] Node: 'generatedAlias0'
    \-[WHERE] Node: 'where'
       \-[LIKE] Node: 'like'
          +-[DOT] Node: '.'
          |  +-[IDENT] Node: 'generatedAlias0'
          |  \-[IDENT] Node: 'lastName'
          \-[COLON] Node: ':'
             \-[IDENT] Node: 'param0'

[DEBUG] 2018-02-13 09:57:44.412 [main] HqlSqlBaseWalker - select << begin [level=1, statement=select]
[DEBUG] 2018-02-13 09:57:44.433 [main] FromElement - FromClause{level=1} : edu.matc.entity.User (generatedAlias0) -> user0_
[DEBUG] 2018-02-13 09:57:44.434 [main] FromReferenceNode - Resolved : generatedAlias0 -> user0_.id
[DEBUG] 2018-02-13 09:57:44.440 [main] FromReferenceNode - Resolved : generatedAlias0 -> user0_.id
[DEBUG] 2018-02-13 09:57:44.440 [main] DotNode - getDataType() : lastName -> org.hibernate.type.StringType@7dc3712
[DEBUG] 2018-02-13 09:57:44.442 [main] FromReferenceNode - Resolved : generatedAlias0.lastName -> user0_.last_name
[DEBUG] 2018-02-13 09:57:44.450 [main] HqlSqlBaseWalker - select : finishing up [level=1, statement=select]
[DEBUG] 2018-02-13 09:57:44.450 [main] HqlSqlWalker - processQuery() :  ( SELECT ( {select clause} user0_.id ) ( FromClause{level=1} user user0_ ) ( where ( like ( user0_.last_name user0_.id lastName ) ? ) ) )
[DEBUG] 2018-02-13 09:57:44.464 [main] JoinProcessor - Using FROM fragment [user user0_]
[DEBUG] 2018-02-13 09:57:44.465 [main] HqlSqlBaseWalker - select >> end [level=1, statement=select]
[DEBUG] 2018-02-13 09:57:44.466 [main] QueryTranslatorImpl - --- SQL AST ---
 \-[SELECT] QueryNode: 'SELECT'  querySpaces (user)
    +-[SELECT_CLAUSE] SelectClause: '{select clause}'
    |  +-[ALIAS_REF] IdentNode: 'user0_.id as id1_0_' {alias=generatedAlias0, className=edu.matc.entity.User, tableAlias=user0_}
    |  \-[SQL_TOKEN] SqlFragment: 'user0_.user_email as user_ema2_0_, user0_.first_name as first_na3_0_, user0_.last_name as last_nam4_0_, user0_.user_phone as user_pho5_0_, user0_.user_name as user_nam6_0_'
    +-[FROM] FromClause: 'from' FromClause{level=1, fromElementCounter=1, fromElements=1, fromElementByClassAlias=[generatedAlias0], fromElementByTableAlias=[user0_], fromElementsByPath=[], collectionJoinFromElementsByPath=[], impliedElements=[]}
    |  \-[FROM_FRAGMENT] FromElement: 'user user0_' FromElement{explicit,not a collection join,not a fetch join,fetch non-lazy properties,classAlias=generatedAlias0,role=null,tableName=user,tableAlias=user0_,origin=null,columns={,className=edu.matc.entity.User}}
    \-[WHERE] SqlNode: 'where'
       \-[LIKE] BinaryLogicOperatorNode: 'like'
          +-[DOT] DotNode: 'user0_.last_name' {propertyName=lastName,dereferenceType=PRIMITIVE,getPropertyPath=lastName,path=generatedAlias0.lastName,tableAlias=user0_,className=edu.matc.entity.User,classAlias=generatedAlias0}
          |  +-[ALIAS_REF] IdentNode: 'user0_.id' {alias=generatedAlias0, className=edu.matc.entity.User, tableAlias=user0_}
          |  \-[IDENT] IdentNode: 'lastName' {originalText=lastName}
          \-[NAMED_PARAM] ParameterNode: '?' {name=param0, expectedType=org.hibernate.type.StringType@7dc3712}

[DEBUG] 2018-02-13 09:57:44.466 [main] ErrorCounter - throwQueryException() : no errors
[DEBUG] 2018-02-13 09:57:44.478 [main] QueryTranslatorImpl - HQL: select generatedAlias0 from edu.matc.entity.User as generatedAlias0 where generatedAlias0.lastName like :param0
[DEBUG] 2018-02-13 09:57:44.478 [main] QueryTranslatorImpl - SQL: select user0_.id as id1_0_, user0_.user_email as user_ema2_0_, user0_.first_name as first_na3_0_, user0_.last_name as last_nam4_0_, user0_.user_phone as user_pho5_0_, user0_.user_name as user_nam6_0_ from user user0_ where user0_.last_name like ?
[DEBUG] 2018-02-13 09:57:44.482 [main] ErrorCounter - throwQueryException() : no errors
[DEBUG] 2018-02-13 09:57:44.510 [main] SQL - select user0_.id as id1_0_, user0_.user_email as user_ema2_0_, user0_.first_name as first_na3_0_, user0_.last_name as last_nam4_0_, user0_.user_phone as user_pho5_0_, user0_.user_name as user_nam6_0_ from user user0_ where user0_.last_name like ?
[DEBUG] 2018-02-13 09:57:44.544 [main] Loader - Result set row: 0
[DEBUG] 2018-02-13 09:57:44.548 [main] Loader - Result row: EntityKey[edu.matc.entity.User#5]
[DEBUG] 2018-02-13 09:57:44.549 [main] Loader - Result set row: 1
[DEBUG] 2018-02-13 09:57:44.549 [main] Loader - Result row: EntityKey[edu.matc.entity.User#6]
[DEBUG] 2018-02-13 09:57:44.550 [main] TwoPhaseLoad - Resolving associations for [edu.matc.entity.User#5]
[DEBUG] 2018-02-13 09:57:44.550 [main] TwoPhaseLoad - Done materializing entity [edu.matc.entity.User#5]
[DEBUG] 2018-02-13 09:57:44.550 [main] TwoPhaseLoad - Resolving associations for [edu.matc.entity.User#6]
[DEBUG] 2018-02-13 09:57:44.551 [main] TwoPhaseLoad - Done materializing entity [edu.matc.entity.User#6]
[DEBUG] 2018-02-13 09:57:44.559 [main] LogicalConnectionManagedImpl - Initiating JDBC connection release from afterTransaction
[DEBUG] 2018-02-13 09:57:44.587 [main] CriteriaQueryImpl - Rendered criteria query -> select generatedAlias0 from User as generatedAlias0
[DEBUG] 2018-02-13 09:57:44.588 [main] QueryTranslatorImpl - parse() - HQL: select generatedAlias0 from edu.matc.entity.User as generatedAlias0
[DEBUG] 2018-02-13 09:57:44.589 [main] ErrorCounter - throwQueryException() : no errors
[DEBUG] 2018-02-13 09:57:44.589 [main] QueryTranslatorImpl - --- HQL AST ---
 \-[QUERY] Node: 'query'
    \-[SELECT_FROM] Node: 'SELECT_FROM'
       +-[FROM] Node: 'from'
       |  \-[RANGE] Node: 'RANGE'
       |     +-[DOT] Node: '.'
       |     |  +-[DOT] Node: '.'
       |     |  |  +-[DOT] Node: '.'
       |     |  |  |  +-[IDENT] Node: 'edu'
       |     |  |  |  \-[IDENT] Node: 'matc'
       |     |  |  \-[IDENT] Node: 'entity'
       |     |  \-[IDENT] Node: 'User'
       |     \-[ALIAS] Node: 'generatedAlias0'
       \-[SELECT] Node: 'select'
          \-[IDENT] Node: 'generatedAlias0'

[DEBUG] 2018-02-13 09:57:44.589 [main] HqlSqlBaseWalker - select << begin [level=1, statement=select]
[DEBUG] 2018-02-13 09:57:44.591 [main] FromElement - FromClause{level=1} : edu.matc.entity.User (generatedAlias0) -> user0_
[DEBUG] 2018-02-13 09:57:44.591 [main] FromReferenceNode - Resolved : generatedAlias0 -> user0_.id
[DEBUG] 2018-02-13 09:57:44.591 [main] HqlSqlBaseWalker - select : finishing up [level=1, statement=select]
[DEBUG] 2018-02-13 09:57:44.591 [main] HqlSqlWalker - processQuery() :  ( SELECT ( {select clause} user0_.id ) ( FromClause{level=1} user user0_ ) )
[DEBUG] 2018-02-13 09:57:44.592 [main] JoinProcessor - Using FROM fragment [user user0_]
[DEBUG] 2018-02-13 09:57:44.592 [main] HqlSqlBaseWalker - select >> end [level=1, statement=select]
[DEBUG] 2018-02-13 09:57:44.592 [main] QueryTranslatorImpl - --- SQL AST ---
 \-[SELECT] QueryNode: 'SELECT'  querySpaces (user)
    +-[SELECT_CLAUSE] SelectClause: '{select clause}'
    |  +-[ALIAS_REF] IdentNode: 'user0_.id as id1_0_' {alias=generatedAlias0, className=edu.matc.entity.User, tableAlias=user0_}
    |  \-[SQL_TOKEN] SqlFragment: 'user0_.user_email as user_ema2_0_, user0_.first_name as first_na3_0_, user0_.last_name as last_nam4_0_, user0_.user_phone as user_pho5_0_, user0_.user_name as user_nam6_0_'
    \-[FROM] FromClause: 'from' FromClause{level=1, fromElementCounter=1, fromElements=1, fromElementByClassAlias=[generatedAlias0], fromElementByTableAlias=[user0_], fromElementsByPath=[], collectionJoinFromElementsByPath=[], impliedElements=[]}
       \-[FROM_FRAGMENT] FromElement: 'user user0_' FromElement{explicit,not a collection join,not a fetch join,fetch non-lazy properties,classAlias=generatedAlias0,role=null,tableName=user,tableAlias=user0_,origin=null,columns={,className=edu.matc.entity.User}}

[DEBUG] 2018-02-13 09:57:44.592 [main] ErrorCounter - throwQueryException() : no errors
[DEBUG] 2018-02-13 09:57:44.593 [main] QueryTranslatorImpl - HQL: select generatedAlias0 from edu.matc.entity.User as generatedAlias0
[DEBUG] 2018-02-13 09:57:44.593 [main] QueryTranslatorImpl - SQL: select user0_.id as id1_0_, user0_.user_email as user_ema2_0_, user0_.first_name as first_na3_0_, user0_.last_name as last_nam4_0_, user0_.user_phone as user_pho5_0_, user0_.user_name as user_nam6_0_ from user user0_
[DEBUG] 2018-02-13 09:57:44.593 [main] ErrorCounter - throwQueryException() : no errors
[DEBUG] 2018-02-13 09:57:44.594 [main] SQL - select user0_.id as id1_0_, user0_.user_email as user_ema2_0_, user0_.first_name as first_na3_0_, user0_.last_name as last_nam4_0_, user0_.user_phone as user_pho5_0_, user0_.user_name as user_nam6_0_ from user user0_
[DEBUG] 2018-02-13 09:57:44.595 [main] Loader - Result set row: 0
[DEBUG] 2018-02-13 09:57:44.598 [main] Loader - Result row: EntityKey[edu.matc.entity.User#1]
[DEBUG] 2018-02-13 09:57:44.598 [main] Loader - Result set row: 1
[DEBUG] 2018-02-13 09:57:44.598 [main] Loader - Result row: EntityKey[edu.matc.entity.User#2]
[DEBUG] 2018-02-13 09:57:44.598 [main] Loader - Result set row: 2
[DEBUG] 2018-02-13 09:57:44.598 [main] Loader - Result row: EntityKey[edu.matc.entity.User#3]
[DEBUG] 2018-02-13 09:57:44.599 [main] Loader - Result set row: 3
[DEBUG] 2018-02-13 09:57:44.599 [main] Loader - Result row: EntityKey[edu.matc.entity.User#4]
[DEBUG] 2018-02-13 09:57:44.599 [main] Loader - Result set row: 4
[DEBUG] 2018-02-13 09:57:44.599 [main] Loader - Result row: EntityKey[edu.matc.entity.User#5]
[DEBUG] 2018-02-13 09:57:44.599 [main] Loader - Result set row: 5
[DEBUG] 2018-02-13 09:57:44.599 [main] Loader - Result row: EntityKey[edu.matc.entity.User#6]
[DEBUG] 2018-02-13 09:57:44.599 [main] TwoPhaseLoad - Resolving associations for [edu.matc.entity.User#1]
[DEBUG] 2018-02-13 09:57:44.599 [main] TwoPhaseLoad - Done materializing entity [edu.matc.entity.User#1]
[DEBUG] 2018-02-13 09:57:44.599 [main] TwoPhaseLoad - Resolving associations for [edu.matc.entity.User#2]
[DEBUG] 2018-02-13 09:57:44.599 [main] TwoPhaseLoad - Done materializing entity [edu.matc.entity.User#2]
[DEBUG] 2018-02-13 09:57:44.599 [main] TwoPhaseLoad - Resolving associations for [edu.matc.entity.User#3]
[DEBUG] 2018-02-13 09:57:44.603 [main] TwoPhaseLoad - Done materializing entity [edu.matc.entity.User#3]
[DEBUG] 2018-02-13 09:57:44.603 [main] TwoPhaseLoad - Resolving associations for [edu.matc.entity.User#4]
[DEBUG] 2018-02-13 09:57:44.604 [main] TwoPhaseLoad - Done materializing entity [edu.matc.entity.User#4]
[DEBUG] 2018-02-13 09:57:44.604 [main] TwoPhaseLoad - Resolving associations for [edu.matc.entity.User#5]
[DEBUG] 2018-02-13 09:57:44.604 [main] TwoPhaseLoad - Done materializing entity [edu.matc.entity.User#5]
[DEBUG] 2018-02-13 09:57:44.604 [main] TwoPhaseLoad - Resolving associations for [edu.matc.entity.User#6]
[DEBUG] 2018-02-13 09:57:44.604 [main] TwoPhaseLoad - Done materializing entity [edu.matc.entity.User#6]
[DEBUG] 2018-02-13 09:57:44.604 [main] LogicalConnectionManagedImpl - Initiating JDBC connection release from afterTransaction
[DEBUG] 2018-02-13 09:57:44.624 [main] TransactionImpl - begin
[DEBUG] 2018-02-13 09:57:44.628 [main] ActionQueue - Executing identity-insert immediately
[DEBUG] 2018-02-13 09:57:44.629 [main] SQL - insert into user (user_email, first_name, last_name, user_phone, user_name) values (?, ?, ?, ?, ?)
[DEBUG] 2018-02-13 09:57:44.636 [main] IdentifierGeneratorHelper - Natively generated identity: 16
[DEBUG] 2018-02-13 09:57:44.636 [main] ResourceRegistryStandardImpl - HHH000387: ResultSet's statement was not registered
[DEBUG] 2018-02-13 09:57:44.637 [main] TransactionImpl - committing
[DEBUG] 2018-02-13 09:57:44.637 [main] AbstractFlushingEventListener - Processing flush-time cascades
[DEBUG] 2018-02-13 09:57:44.637 [main] AbstractFlushingEventListener - Dirty checking collections
[DEBUG] 2018-02-13 09:57:44.637 [main] AbstractFlushingEventListener - Flushed: 0 insertions, 0 updates, 0 deletions to 1 objects
[DEBUG] 2018-02-13 09:57:44.637 [main] AbstractFlushingEventListener - Flushed: 0 (re)creations, 0 updates, 0 removals to 0 collections
[DEBUG] 2018-02-13 09:57:44.637 [main] EntityPrinter - Listing entities:
[DEBUG] 2018-02-13 09:57:44.637 [main] EntityPrinter - edu.matc.entity.User{firstName=See, lastName=Lor, phone=454-565-5645, id=16, userName=Slor, email=seeLor@gmail.com}
[DEBUG] 2018-02-13 09:57:44.640 [main] LogicalConnectionManagedImpl - Initiating JDBC connection release from afterTransaction
[DEBUG] 2018-02-13 09:57:44.640 [main] LogicalConnectionManagedImpl - Initiating JDBC connection release from afterTransaction
[DEBUG] 2018-02-13 09:57:44.642 [main] SQL - select user0_.id as id1_0_0_, user0_.user_email as user_ema2_0_0_, user0_.first_name as first_na3_0_0_, user0_.last_name as last_nam4_0_0_, user0_.user_phone as user_pho5_0_0_, user0_.user_name as user_nam6_0_0_ from user user0_ where user0_.id=?
[DEBUG] 2018-02-13 09:57:44.645 [main] ResultSetProcessorImpl - Starting ResultSet row #0
[DEBUG] 2018-02-13 09:57:44.645 [main] EntityReferenceInitializerImpl - On call to EntityIdentifierReaderImpl#resolve, EntityKey was already known; should only happen on root returns with an optional identifier specified
[DEBUG] 2018-02-13 09:57:44.647 [main] TwoPhaseLoad - Resolving associations for [edu.matc.entity.User#16]
[DEBUG] 2018-02-13 09:57:44.647 [main] TwoPhaseLoad - Done materializing entity [edu.matc.entity.User#16]
[DEBUG] 2018-02-13 09:57:44.647 [main] ResourceRegistryStandardImpl - HHH000387: ResultSet's statement was not registered
[DEBUG] 2018-02-13 09:57:44.647 [main] AbstractLoadPlanBasedEntityLoader - Done entity load : edu.matc.entity.User#16
[DEBUG] 2018-02-13 09:57:44.647 [main] LogicalConnectionManagedImpl - Initiating JDBC connection release from afterTransaction
