[DEBUG] 2018-02-26 16:15:49.601 [main] GenericDao - Searching for user with phone = 608-354-4453
[DEBUG] 2018-02-26 16:16:25.244 [main] GenericDao - Searching for user with phone = 608
[DEBUG] 2018-02-26 16:16:50.897 [main] GenericDao - Searching for user with lastName = Curry
[DEBUG] 2018-02-26 16:16:51.202 [main] GenericDao - Searching for user with firstName = e
[DEBUG] 2018-02-26 16:16:51.259 [main] GenericDao - Searching for: I
[DEBUG] 2018-02-26 16:16:51.690 [main] GenericDao - Searching for user with author = E. B. White
[DEBUG] 2018-02-26 16:16:51.742 [main] GenericDao - Searching for user with author = e
[DEBUG] 2018-02-26 16:16:52.064 [main] GenericDao - Searching for user with phone = 608-354-4453
[DEBUG] 2018-02-26 16:16:52.144 [main] GenericDao - Searching for user with phone = 608
[DEBUG] 2018-02-26 16:17:09.350 [main] GenericDao - Searching for user with lastName = Curry
[DEBUG] 2018-02-26 16:17:10.151 [main] GenericDao - Searching for user with firstName = e
[DEBUG] 2018-02-26 16:17:10.237 [main] GenericDao - Searching for: I
[DEBUG] 2018-02-26 16:17:10.662 [main] GenericDao - Searching for user with author = E. B. White
[DEBUG] 2018-02-26 16:17:10.724 [main] GenericDao - Searching for user with author = e
[DEBUG] 2018-02-26 16:17:11.155 [main] GenericDao - Searching for user with phone = 608-354-4453
[DEBUG] 2018-02-26 16:17:11.211 [main] GenericDao - Searching for user with phone = 608
[DEBUG] 2018-02-26 16:23:24.614 [main] GenericDao - Searching for user with lastName = Curry
[DEBUG] 2018-02-26 16:23:25.014 [main] GenericDao - Searching for user with firstName = e
[DEBUG] 2018-02-26 16:23:25.074 [main] GenericDao - Searching for: I
[DEBUG] 2018-02-26 16:23:25.409 [main] GenericDao - Searching for user with author = E. B. White
[DEBUG] 2018-02-26 16:23:25.445 [main] GenericDao - Searching for user with author = e
[DEBUG] 2018-02-26 16:23:25.712 [main] GenericDao - Searching for user with phone = 608-354-4453
[DEBUG] 2018-02-26 16:23:25.754 [main] GenericDao - Searching for user with phone = 608
[DEBUG] 2018-02-26 16:30:06.492 [main] GenericDao - Searching for user with lastName = Curry
[DEBUG] 2018-02-26 16:30:07.012 [main] GenericDao - Searching for user with firstName = e
[DEBUG] 2018-02-26 16:30:07.106 [main] GenericDao - Searching for: I
[DEBUG] 2018-02-26 16:30:07.752 [main] GenericDao - Searching for user with author = E. B. White
[DEBUG] 2018-02-26 16:30:07.787 [main] GenericDao - Searching for user with author = e
[DEBUG] 2018-02-26 16:30:08.197 [main] GenericDao - Searching for user with phone = 608-354-4453
[DEBUG] 2018-02-26 16:30:08.246 [main] GenericDao - Searching for user with phone = 608
[DEBUG] 2018-02-26 16:33:44.296 [main] GenericDao - Searching for user with lastName = Curry
[DEBUG] 2018-02-26 16:33:44.761 [main] GenericDao - Searching for user with firstName = e
[DEBUG] 2018-02-26 16:33:44.857 [main] GenericDao - Searching for: I
[DEBUG] 2018-02-26 16:33:45.307 [main] GenericDao - Searching for user with author = E. B. White
[DEBUG] 2018-02-26 16:33:45.356 [main] GenericDao - Searching for user with author = e
[DEBUG] 2018-02-26 16:33:45.628 [main] GenericDao - Searching for user with phone = 608-354-4453
[DEBUG] 2018-02-26 16:33:45.665 [main] GenericDao - Searching for user with phone = 608
[DEBUG] 2018-02-26 21:44:37.515 [main] GenericDao - Searching for user with lastName = Curry
[DEBUG] 2018-02-26 21:44:37.911 [main] GenericDao - Searching for user with firstName = e
[DEBUG] 2018-02-26 21:44:37.968 [main] GenericDao - Searching for: I
[DEBUG] 2018-02-26 21:44:38.272 [main] GenericDao - Searching for user with author = E. B. White
[DEBUG] 2018-02-26 21:44:38.299 [main] GenericDao - Searching for user with author = e
[DEBUG] 2018-02-26 21:44:38.571 [main] GenericDao - Searching for user with phone = 608-354-4453
[DEBUG] 2018-02-26 21:44:38.596 [main] GenericDao - Searching for user with phone = 608
[DEBUG] 2018-02-26 21:47:28.541 [main] GenericDao - Searching for user with lastName = Curry
[DEBUG] 2018-02-26 21:47:28.882 [main] GenericDao - Searching for user with firstName = e
[DEBUG] 2018-02-26 21:47:28.956 [main] GenericDao - Searching for: I
[DEBUG] 2018-02-26 21:47:29.317 [main] GenericDao - Searching for user with author = E. B. White
[DEBUG] 2018-02-26 21:47:29.405 [main] GenericDao - Searching for user with author = e
[DEBUG] 2018-02-26 21:47:29.622 [main] GenericDao - Searching for user with phone = 608-354-4453
[DEBUG] 2018-02-26 21:47:29.691 [main] GenericDao - Searching for user with phone = 608
[DEBUG] 2018-02-26 21:50:11.147 [main] GenericDao - Searching for user with lastName = Curry
[DEBUG] 2018-02-26 21:50:11.465 [main] GenericDao - Searching for user with firstName = e
[DEBUG] 2018-02-26 21:50:11.517 [main] GenericDao - Searching for: I
[DEBUG] 2018-02-26 21:50:11.817 [main] GenericDao - Searching for user with author = E. B. White
[DEBUG] 2018-02-26 21:50:11.854 [main] GenericDao - Searching for user with author = e
[DEBUG] 2018-02-26 21:50:12.132 [main] GenericDao - Searching for user with phone = 608-354-4453
[DEBUG] 2018-02-26 21:50:12.186 [main] GenericDao - Searching for user with phone = 608
[DEBUG] 2018-02-26 21:52:00.839 [main] GenericDao - Searching for user with lastName = Curry
[DEBUG] 2018-02-26 21:52:01.416 [main] GenericDao - Searching for user with firstName = e
[DEBUG] 2018-02-26 21:52:01.503 [main] GenericDao - Searching for: I
[DEBUG] 2018-02-26 21:52:01.841 [main] GenericDao - Searching for user with author = E. B. White
[DEBUG] 2018-02-26 21:52:01.880 [main] GenericDao - Searching for user with author = e
[DEBUG] 2018-02-26 21:52:02.173 [main] GenericDao - Searching for user with phone = 608-354-4453
[DEBUG] 2018-02-26 21:52:02.236 [main] GenericDao - Searching for user with phone = 608
[DEBUG] 2018-02-26 21:57:15.127 [main] GenericDao - Searching for user with lastName = Curry
[DEBUG] 2018-02-26 21:57:15.431 [main] GenericDao - Searching for user with firstName = e
[DEBUG] 2018-02-26 21:57:15.479 [main] GenericDao - Searching for: I
[DEBUG] 2018-02-26 21:57:15.780 [main] GenericDao - Searching for user with author = E. B. White
[DEBUG] 2018-02-26 21:57:15.818 [main] GenericDao - Searching for user with author = e
[DEBUG] 2018-02-26 21:57:16.072 [main] GenericDao - Searching for user with phone = 608-354-4453
[DEBUG] 2018-02-26 21:57:16.106 [main] GenericDao - Searching for user with phone = 608
[DEBUG] 2018-02-26 22:07:24.010 [main] GenericDao - Searching for user with lastName = Curry
[DEBUG] 2018-02-26 22:07:24.309 [main] GenericDao - Searching for user with firstName = e
[DEBUG] 2018-02-26 22:07:24.359 [main] GenericDao - Searching for: I
[DEBUG] 2018-02-26 22:07:24.673 [main] GenericDao - Searching for user with author = E. B. White
[DEBUG] 2018-02-26 22:07:24.705 [main] GenericDao - Searching for user with author = e
[DEBUG] 2018-02-26 22:07:25.001 [main] GenericDao - Searching for user with phone = 608-354-4453
[DEBUG] 2018-02-26 22:07:25.045 [main] GenericDao - Searching for user with phone = 608
[DEBUG] 2018-02-26 22:11:41.380 [main] GenericDao - Searching for user with lastName = Curry
[DEBUG] 2018-02-26 22:11:41.653 [main] GenericDao - Searching for user with firstName = e
[DEBUG] 2018-02-26 22:11:41.707 [main] GenericDao - Searching for: I
[DEBUG] 2018-02-26 22:11:42.031 [main] GenericDao - Searching for user with author = E. B. White
[DEBUG] 2018-02-26 22:11:42.073 [main] GenericDao - Searching for user with author = e
[DEBUG] 2018-02-26 22:11:42.338 [main] GenericDao - Searching for user with phone = 608-354-4453
[DEBUG] 2018-02-26 22:11:42.370 [main] GenericDao - Searching for user with phone = 608
[DEBUG] 2018-02-26 22:23:12.249 [main] GenericDao - Searching for user with lastName = Curry
[DEBUG] 2018-02-26 22:23:12.596 [main] GenericDao - Searching for user with firstName = e
[DEBUG] 2018-02-26 22:23:12.663 [main] GenericDao - Searching for: I
[DEBUG] 2018-02-26 22:23:13.013 [main] GenericDao - Searching for user with author = E. B. White
[DEBUG] 2018-02-26 22:23:13.052 [main] GenericDao - Searching for user with author = e
[DEBUG] 2018-02-26 22:23:13.305 [main] GenericDao - Searching for user with phone = 608-354-4453
[DEBUG] 2018-02-26 22:23:13.358 [main] GenericDao - Searching for user with phone = 608
[DEBUG] 2018-02-26 22:24:19.357 [main] GenericDao - Searching for user with lastName = Curry
[DEBUG] 2018-02-26 22:24:19.702 [main] GenericDao - Searching for user with firstName = e
[DEBUG] 2018-02-26 22:24:19.752 [main] GenericDao - Searching for: I
[DEBUG] 2018-02-26 22:24:20.042 [main] GenericDao - Searching for user with author = E. B. White
[DEBUG] 2018-02-26 22:24:20.073 [main] GenericDao - Searching for user with author = e
[DEBUG] 2018-02-26 22:24:20.314 [main] GenericDao - Searching for user with phone = 608-354-4453
[DEBUG] 2018-02-26 22:24:20.350 [main] GenericDao - Searching for user with phone = 608
[DEBUG] 2018-02-26 22:25:15.118 [main] GenericDao - Searching for user with lastName = Curry
[DEBUG] 2018-02-26 22:25:15.422 [main] GenericDao - Searching for user with firstName = e
[DEBUG] 2018-02-26 22:25:15.471 [main] GenericDao - Searching for: I
[DEBUG] 2018-02-26 22:25:15.757 [main] GenericDao - Searching for user with author = E. B. White
[DEBUG] 2018-02-26 22:25:15.801 [main] GenericDao - Searching for user with author = e
[DEBUG] 2018-02-26 22:25:16.022 [main] GenericDao - Searching for user with phone = 608-354-4453
[DEBUG] 2018-02-26 22:25:16.054 [main] GenericDao - Searching for user with phone = 608
[DEBUG] 2018-02-26 22:27:20.764 [main] GenericDao - Searching for user with lastName = Curry
[DEBUG] 2018-02-26 22:27:21.091 [main] GenericDao - Searching for user with firstName = e
[DEBUG] 2018-02-26 22:27:21.169 [main] GenericDao - Searching for: I
[DEBUG] 2018-02-26 22:27:21.521 [main] GenericDao - Searching for user with author = E. B. White
[DEBUG] 2018-02-26 22:27:21.568 [main] GenericDao - Searching for user with author = e
[DEBUG] 2018-02-26 22:27:21.841 [main] GenericDao - Searching for user with phone = 608-354-4453
[DEBUG] 2018-02-26 22:27:21.875 [main] GenericDao - Searching for user with phone = 608
[DEBUG] 2018-02-26 22:29:05.964 [main] GenericDao - Searching for user with lastName = Curry
[DEBUG] 2018-02-26 22:29:06.346 [main] GenericDao - Searching for user with firstName = e
[DEBUG] 2018-02-26 22:29:06.413 [main] GenericDao - Searching for: I
[DEBUG] 2018-02-26 22:29:06.713 [main] GenericDao - Searching for user with author = E. B. White
[DEBUG] 2018-02-26 22:29:06.771 [main] GenericDao - Searching for user with author = e
[DEBUG] 2018-02-26 22:29:07.096 [main] GenericDao - Searching for user with phone = 608-354-4453
[DEBUG] 2018-02-26 22:29:07.134 [main] GenericDao - Searching for user with phone = 608
[DEBUG] 2018-02-26 22:32:28.449 [main] GenericDao - Searching for user with lastName = Curry
[DEBUG] 2018-02-26 22:32:28.805 [main] GenericDao - Searching for user with firstName = e
[DEBUG] 2018-02-26 22:32:28.862 [main] GenericDao - Searching for: I
[DEBUG] 2018-02-26 22:32:29.171 [main] GenericDao - Searching for user with author = E. B. White
[DEBUG] 2018-02-26 22:32:29.204 [main] GenericDao - Searching for user with author = e
[DEBUG] 2018-02-26 22:32:29.460 [main] GenericDao - Searching for user with phone = 608-354-4453
[DEBUG] 2018-02-26 22:32:29.517 [main] GenericDao - Searching for user with phone = 608
[DEBUG] 2018-02-26 22:35:08.912 [main] GenericDao - Searching for user with lastName = Curry
[DEBUG] 2018-02-26 22:35:09.229 [main] GenericDao - Searching for user with firstName = e
[DEBUG] 2018-02-26 22:35:09.277 [main] GenericDao - Searching for: I
[DEBUG] 2018-02-26 22:35:09.601 [main] GenericDao - Searching for user with author = E. B. White
[DEBUG] 2018-02-26 22:35:09.621 [main] GenericDao - Searching for user with author = e
[DEBUG] 2018-02-26 22:35:09.843 [main] GenericDao - Searching for user with phone = 608-354-4453
[DEBUG] 2018-02-26 22:35:09.884 [main] GenericDao - Searching for user with phone = 608
[DEBUG] 2018-02-26 22:38:58.452 [main] GenericDao - Searching for user with lastName = Curry
[DEBUG] 2018-02-26 22:38:58.912 [main] GenericDao - Searching for user with firstName = e
[DEBUG] 2018-02-26 22:38:58.993 [main] GenericDao - Searching for: I
[DEBUG] 2018-02-26 22:38:59.300 [main] GenericDao - Searching for user with author = E. B. White
[DEBUG] 2018-02-26 22:38:59.329 [main] GenericDao - Searching for user with author = e
[DEBUG] 2018-02-26 22:38:59.596 [main] GenericDao - Searching for user with phone = 608-354-4453
[DEBUG] 2018-02-26 22:38:59.633 [main] GenericDao - Searching for user with phone = 608
[DEBUG] 2018-02-26 22:40:30.732 [main] GenericDao - Searching for user with lastName = Curry
[DEBUG] 2018-02-26 22:40:31.019 [main] GenericDao - Searching for user with firstName = e
[DEBUG] 2018-02-26 22:40:31.070 [main] GenericDao - Searching for: I
[DEBUG] 2018-02-26 22:40:31.355 [main] GenericDao - Searching for user with author = E. B. White
[DEBUG] 2018-02-26 22:40:31.394 [main] GenericDao - Searching for user with author = e
[DEBUG] 2018-02-26 22:40:31.608 [main] GenericDao - Searching for user with phone = 608-354-4453
[DEBUG] 2018-02-26 22:40:31.634 [main] GenericDao - Searching for user with phone = 608
[DEBUG] 2018-02-26 22:48:13.931 [main] GenericDao - Searching for user with lastName = Curry
[DEBUG] 2018-02-26 22:48:14.236 [main] GenericDao - Searching for user with firstName = e
[DEBUG] 2018-02-26 22:48:14.285 [main] GenericDao - Searching for: I
[DEBUG] 2018-02-26 22:48:14.593 [main] GenericDao - Searching for user with author = E. B. White
[DEBUG] 2018-02-26 22:48:14.627 [main] GenericDao - Searching for user with author = e
[DEBUG] 2018-02-26 22:48:14.875 [main] GenericDao - Searching for user with phone = 608-354-4453
[DEBUG] 2018-02-26 22:48:14.906 [main] GenericDao - Searching for user with phone = 608
[DEBUG] 2018-02-26 22:52:50.591 [main] GenericDao - Searching for user with lastName = Curry
[DEBUG] 2018-02-26 22:52:50.924 [main] GenericDao - Searching for user with firstName = e
[DEBUG] 2018-02-26 22:52:50.983 [main] GenericDao - Searching for: I
[DEBUG] 2018-02-26 22:52:51.298 [main] GenericDao - Searching for user with author = E. B. White
[DEBUG] 2018-02-26 22:52:51.343 [main] GenericDao - Searching for user with author = e
[DEBUG] 2018-02-26 22:52:51.618 [main] GenericDao - Searching for user with phone = 608-354-4453
[DEBUG] 2018-02-26 22:52:51.681 [main] GenericDao - Searching for user with phone = 608
[DEBUG] 2018-02-26 22:55:00.062 [main] GenericDao - Searching for user with lastName = Curry
[DEBUG] 2018-02-26 22:55:00.411 [main] GenericDao - Searching for user with firstName = e
[DEBUG] 2018-02-26 22:55:00.483 [main] GenericDao - Searching for: I
[DEBUG] 2018-02-26 22:55:00.815 [main] GenericDao - Searching for user with author = E. B. White
[DEBUG] 2018-02-26 22:55:00.849 [main] GenericDao - Searching for user with author = e
[DEBUG] 2018-02-26 22:55:01.098 [main] GenericDao - Searching for user with phone = 608-354-4453
[DEBUG] 2018-02-26 22:55:01.178 [main] GenericDao - Searching for user with phone = 608
[DEBUG] 2018-02-26 23:01:51.977 [main] GenericDao - Searching for user with lastName = Curry
[DEBUG] 2018-02-26 23:01:52.343 [main] GenericDao - Searching for user with firstName = e
[DEBUG] 2018-02-26 23:01:52.414 [main] GenericDao - Searching for: I
[DEBUG] 2018-02-26 23:01:52.888 [main] GenericDao - Searching for user with author = E. B. White
[DEBUG] 2018-02-26 23:01:52.917 [main] GenericDao - Searching for user with author = e
[DEBUG] 2018-02-26 23:01:53.173 [main] GenericDao - Searching for user with phone = 608-354-4453
[DEBUG] 2018-02-26 23:01:53.198 [main] GenericDao - Searching for user with phone = 608
[DEBUG] 2018-02-26 23:05:34.541 [main] GenericDao - Searching for user with lastName = Curry
[DEBUG] 2018-02-26 23:05:34.873 [main] GenericDao - Searching for user with firstName = e
[DEBUG] 2018-02-26 23:05:34.923 [main] GenericDao - Searching for: I
[DEBUG] 2018-02-26 23:05:35.273 [main] GenericDao - Searching for user with author = E. B. White
[DEBUG] 2018-02-26 23:05:35.301 [main] GenericDao - Searching for user with author = e
[DEBUG] 2018-02-26 23:05:35.557 [main] GenericDao - Searching for user with phone = 608-354-4453
[DEBUG] 2018-02-26 23:05:35.590 [main] GenericDao - Searching for user with phone = 608
[DEBUG] 2018-02-26 23:14:35.483 [main] GenericDao - Searching for user with phone = 608-354-4453
[DEBUG] 2018-02-26 23:14:35.566 [main] GenericDao - Searching for user with phone = 608
[DEBUG] 2018-02-26 23:15:00.549 [main] GenericDao - Searching for user with lastName = Curry
[DEBUG] 2018-02-26 23:15:00.862 [main] GenericDao - Searching for user with firstName = e
[DEBUG] 2018-02-26 23:15:00.916 [main] GenericDao - Searching for: I
[DEBUG] 2018-02-26 23:15:01.300 [main] GenericDao - Searching for user with author = E. B. White
[DEBUG] 2018-02-26 23:15:01.349 [main] GenericDao - Searching for user with author = e
[DEBUG] 2018-02-26 23:15:01.632 [main] GenericDao - Searching for user with phone = 608-354-4453
[DEBUG] 2018-02-26 23:15:01.713 [main] GenericDao - Searching for user with phone = 608
[DEBUG] 2018-02-26 23:48:58.762 [main] GenericDao - Searching for user with lastName = Curry
[DEBUG] 2018-02-26 23:48:59.232 [main] GenericDao - Searching for user with firstName = e
[DEBUG] 2018-02-26 23:48:59.308 [main] GenericDao - Searching for: I
[DEBUG] 2018-02-26 23:48:59.657 [main] GenericDao - Searching for user with author = E. B. White
[DEBUG] 2018-02-26 23:48:59.719 [main] GenericDao - Searching for user with author = e
[DEBUG] 2018-02-26 23:48:59.970 [main] GenericDao - Searching for user with phone = 608-354-4453
[DEBUG] 2018-02-26 23:49:00.013 [main] GenericDao - Searching for user with phone = 608
[DEBUG] 2018-02-27 00:01:14.772 [main] GenericDao - Searching for user with lastName = Curry
[DEBUG] 2018-02-27 00:01:16.720 [main] GenericDao - Searching for user with firstName = e
[DEBUG] 2018-02-27 00:01:17.598 [main] GenericDao - Searching for: I
[DEBUG] 2018-02-27 00:01:18.906 [main] GenericDao - Searching for user with author = E. B. White
[DEBUG] 2018-02-27 00:01:18.967 [main] GenericDao - Searching for user with author = e
[DEBUG] 2018-02-27 00:01:19.556 [main] GenericDao - Searching for user with phone = 608-354-4453
[DEBUG] 2018-02-27 00:01:19.587 [main] GenericDao - Searching for user with phone = 608
[DEBUG] 2018-02-27 00:02:41.050 [main] GenericDao - Searching for user with lastName = Curry
[DEBUG] 2018-02-27 00:02:42.414 [main] GenericDao - Searching for user with firstName = e
[DEBUG] 2018-02-27 00:02:42.502 [main] GenericDao - Searching for: I
[DEBUG] 2018-02-27 00:02:43.042 [main] GenericDao - Searching for user with author = E. B. White
[DEBUG] 2018-02-27 00:02:43.092 [main] GenericDao - Searching for user with author = e
[DEBUG] 2018-02-27 00:02:43.374 [main] GenericDao - Searching for user with phone = 608-354-4453
[DEBUG] 2018-02-27 00:02:43.404 [main] GenericDao - Searching for user with phone = 608
[DEBUG] 2018-02-27 00:03:27.118 [main] GenericDao - Searching for user with lastName = Curry
[DEBUG] 2018-02-27 00:03:27.426 [main] GenericDao - Searching for user with firstName = e
[DEBUG] 2018-02-27 00:03:27.517 [main] GenericDao - Searching for: I
[DEBUG] 2018-02-27 00:03:27.838 [main] GenericDao - Searching for user with author = E. B. White
[DEBUG] 2018-02-27 00:03:27.865 [main] GenericDao - Searching for user with author = e
[DEBUG] 2018-02-27 00:03:28.143 [main] GenericDao - Searching for user with phone = 608-354-4453
[DEBUG] 2018-02-27 00:03:28.181 [main] GenericDao - Searching for user with phone = 608
[DEBUG] 2018-02-27 00:04:37.610 [main] GenericDao - Searching for user with lastName = Curry
[DEBUG] 2018-02-27 00:04:37.929 [main] GenericDao - Searching for user with firstName = e
[DEBUG] 2018-02-27 00:04:37.985 [main] GenericDao - Searching for: I
[DEBUG] 2018-02-27 00:04:38.336 [main] GenericDao - Searching for user with author = E. B. White
[DEBUG] 2018-02-27 00:04:38.392 [main] GenericDao - Searching for user with author = e
[DEBUG] 2018-02-27 00:04:38.668 [main] GenericDao - Searching for user with phone = 608-354-4453
[DEBUG] 2018-02-27 00:04:38.701 [main] GenericDao - Searching for user with phone = 608
[DEBUG] 2018-02-27 00:08:31.767 [main] GenericDao - Searching for user with lastName = Curry
[DEBUG] 2018-02-27 00:08:32.110 [main] GenericDao - Searching for user with firstName = e
[DEBUG] 2018-02-27 00:08:32.158 [main] GenericDao - Searching for: I
[DEBUG] 2018-02-27 00:08:32.479 [main] GenericDao - Searching for user with author = E. B. White
[DEBUG] 2018-02-27 00:08:32.518 [main] GenericDao - Searching for user with author = e
[DEBUG] 2018-02-27 00:08:32.791 [main] GenericDao - Searching for user with phone = 608-354-4453
[DEBUG] 2018-02-27 00:08:32.816 [main] GenericDao - Searching for user with phone = 608
[DEBUG] 2018-02-27 00:12:45.916 [main] GenericDao - Searching for user with lastName = Curry
[DEBUG] 2018-02-27 00:12:46.568 [main] GenericDao - Searching for user with firstName = e
[DEBUG] 2018-02-27 00:12:46.619 [main] GenericDao - Searching for: I
[DEBUG] 2018-02-27 00:12:46.960 [main] GenericDao - Searching for user with author = E. B. White
[DEBUG] 2018-02-27 00:12:47.001 [main] GenericDao - Searching for user with author = e
[DEBUG] 2018-02-27 00:12:47.306 [main] GenericDao - Searching for user with phone = 608-354-4453
[DEBUG] 2018-02-27 00:12:47.340 [main] GenericDao - Searching for user with phone = 608
[DEBUG] 2018-02-27 00:13:54.286 [main] GenericDao - Searching for user with lastName = Curry
[DEBUG] 2018-02-27 00:13:54.840 [main] GenericDao - Searching for user with firstName = e
[DEBUG] 2018-02-27 00:13:54.900 [main] GenericDao - Searching for: I
[DEBUG] 2018-02-27 00:13:55.249 [main] GenericDao - Searching for user with author = E. B. White
[DEBUG] 2018-02-27 00:13:55.274 [main] GenericDao - Searching for user with author = e
[DEBUG] 2018-02-27 00:13:55.525 [main] GenericDao - Searching for user with phone = 608-354-4453
[DEBUG] 2018-02-27 00:13:55.549 [main] GenericDao - Searching for user with phone = 608
[DEBUG] 2018-02-27 00:18:55.773 [main] GenericDao - Searching for user with lastName = Curry
[DEBUG] 2018-02-27 00:18:56.416 [main] GenericDao - Searching for user with firstName = e
[DEBUG] 2018-02-27 00:18:56.472 [main] GenericDao - Searching for: I
[DEBUG] 2018-02-27 00:18:57.016 [main] GenericDao - Searching for user with author = E. B. White
[DEBUG] 2018-02-27 00:18:57.071 [main] GenericDao - Searching for user with author = e
[DEBUG] 2018-02-27 00:18:57.529 [main] GenericDao - Searching for user with phone = 608-354-4453
[DEBUG] 2018-02-27 00:18:57.567 [main] GenericDao - Searching for user with phone = 608
[DEBUG] 2018-02-27 00:20:16.547 [main] GenericDao - Searching for user with lastName = Curry
[DEBUG] 2018-02-27 00:20:16.932 [main] GenericDao - Searching for user with firstName = e
[DEBUG] 2018-02-27 00:20:16.982 [main] GenericDao - Searching for: I
[DEBUG] 2018-02-27 00:20:17.357 [main] GenericDao - Searching for user with author = E. B. White
[DEBUG] 2018-02-27 00:20:17.418 [main] GenericDao - Searching for user with author = e
[DEBUG] 2018-02-27 00:20:17.688 [main] GenericDao - Searching for user with phone = 608-354-4453
[DEBUG] 2018-02-27 00:20:17.724 [main] GenericDao - Searching for user with phone = 608
[DEBUG] 2018-02-27 00:34:16.287 [main] GenericDao - Searching for user with lastName = Curry
[DEBUG] 2018-02-27 00:34:16.611 [main] GenericDao - Searching for user with firstName = e
[DEBUG] 2018-02-27 00:34:16.664 [main] GenericDao - Searching for: I
[DEBUG] 2018-02-27 00:34:17.028 [main] GenericDao - Searching for user with author = E. B. White
[DEBUG] 2018-02-27 00:34:17.062 [main] GenericDao - Searching for user with author = e
[DEBUG] 2018-02-27 00:34:17.335 [main] GenericDao - Searching for user with phone = 608-354-4453
[DEBUG] 2018-02-27 00:34:17.401 [main] GenericDao - Searching for user with phone = 608
[DEBUG] 2018-02-27 00:40:40.566 [main] GenericDao - Searching for user with lastName = Curry
[DEBUG] 2018-02-27 00:40:40.937 [main] GenericDao - Searching for user with firstName = e
[DEBUG] 2018-02-27 00:40:41.013 [main] GenericDao - Searching for: I
[DEBUG] 2018-02-27 00:40:41.688 [main] GenericDao - Searching for user with author = E. B. White
[DEBUG] 2018-02-27 00:40:41.746 [main] GenericDao - Searching for user with author = e
[DEBUG] 2018-02-27 00:40:42.052 [main] GenericDao - Searching for user with phone = 608-354-4453
[DEBUG] 2018-02-27 00:40:42.125 [main] GenericDao - Searching for user with phone = 608
[DEBUG] 2018-02-27 00:42:40.006 [main] GenericDao - Searching for user with lastName = Curry
[DEBUG] 2018-02-27 00:42:40.376 [main] GenericDao - Searching for user with firstName = e
[DEBUG] 2018-02-27 00:42:40.456 [main] GenericDao - Searching for: I
[DEBUG] 2018-02-27 00:42:40.841 [main] GenericDao - Searching for user with author = E. B. White
[DEBUG] 2018-02-27 00:42:40.890 [main] GenericDao - Searching for user with author = e
[DEBUG] 2018-02-27 00:42:41.168 [main] GenericDao - Searching for user with phone = 608-354-4453
[DEBUG] 2018-02-27 00:42:41.192 [main] GenericDao - Searching for user with phone = 608
[DEBUG] 2018-02-27 00:46:52.006 [main] GenericDao - Searching for user with lastName = Curry
[DEBUG] 2018-02-27 00:47:14.193 [main] GenericDao - Searching for user with firstName = e
[DEBUG] 2018-02-27 00:47:15.403 [main] GenericDao - Searching for: I
[DEBUG] 2018-02-27 00:47:20.365 [main] GenericDao - Searching for user with author = E. B. White
[DEBUG] 2018-02-27 00:47:20.763 [main] GenericDao - Searching for user with author = e
[DEBUG] 2018-02-27 00:47:27.945 [main] GenericDao - Searching for user with phone = 608-354-4453
[DEBUG] 2018-02-27 00:47:28.396 [main] GenericDao - Searching for user with phone = 608
[DEBUG] 2018-02-27 12:51:01.801 [main] GenericDao - Searching for user with lastName = Curry
[DEBUG] 2018-02-27 12:51:02.587 [main] GenericDao - Searching for user with firstName = e
[DEBUG] 2018-02-27 12:51:02.668 [main] GenericDao - Searching for: I
[DEBUG] 2018-02-27 12:51:03.325 [main] GenericDao - Searching for user with author = E. B. White
[DEBUG] 2018-02-27 12:51:03.403 [main] GenericDao - Searching for user with author = e
[DEBUG] 2018-02-27 12:51:03.861 [main] GenericDao - Searching for user with phone = 608-354-4453
[DEBUG] 2018-02-27 12:51:03.944 [main] GenericDao - Searching for user with phone = 608
[DEBUG] 2018-02-27 13:40:54.178 [main] GenericDao - Searching for user with lastName = Curry
[DEBUG] 2018-02-27 13:40:54.740 [main] GenericDao - Searching for user with firstName = e
[DEBUG] 2018-02-27 13:40:54.813 [main] GenericDao - Searching for: I
[DEBUG] 2018-02-27 13:40:55.165 [main] GenericDao - Searching for user with author = E. B. White
[DEBUG] 2018-02-27 13:40:55.225 [main] GenericDao - Searching for user with author = e
[DEBUG] 2018-02-27 13:40:55.588 [main] GenericDao - Searching for user with phone = 608-354-4453
[DEBUG] 2018-02-27 13:40:55.628 [main] GenericDao - Searching for user with phone = 608
[DEBUG] 2018-02-27 13:41:49.334 [main] GenericDao - Searching for user with lastName = Curry
[DEBUG] 2018-02-27 13:41:49.802 [main] GenericDao - Searching for user with firstName = e
[DEBUG] 2018-02-27 13:41:49.871 [main] GenericDao - Searching for: I
[DEBUG] 2018-02-27 13:41:50.187 [main] GenericDao - Searching for user with author = E. B. White
[DEBUG] 2018-02-27 13:41:50.253 [main] GenericDao - Searching for user with author = e
[DEBUG] 2018-02-27 13:41:50.530 [main] GenericDao - Searching for user with phone = 608-354-4453
[DEBUG] 2018-02-27 13:41:50.575 [main] GenericDao - Searching for user with phone = 608
[DEBUG] 2018-02-27 13:59:40.082 [main] GenericDao - Searching for user with lastName = Curry
[DEBUG] 2018-02-27 13:59:40.458 [main] GenericDao - Searching for user with firstName = e
[DEBUG] 2018-02-27 13:59:40.525 [main] GenericDao - Searching for: I
[DEBUG] 2018-02-27 13:59:40.803 [main] GenericDao - Searching for user with author = E. B. White
[DEBUG] 2018-02-27 13:59:40.859 [main] GenericDao - Searching for user with author = e
[DEBUG] 2018-02-27 13:59:41.098 [main] GenericDao - Searching for user with phone = 608-354-4453
[DEBUG] 2018-02-27 13:59:41.139 [main] GenericDao - Searching for user with phone = 608
[DEBUG] 2018-02-27 14:23:02.174 [main] GenericDao - Searching for user with lastName = Curry
[DEBUG] 2018-02-27 14:23:02.810 [main] GenericDao - Searching for user with firstName = e
[DEBUG] 2018-02-27 14:23:02.882 [main] GenericDao - Searching for: I
[DEBUG] 2018-02-27 14:23:03.197 [main] GenericDao - Searching for user with author = E. B. White
[DEBUG] 2018-02-27 14:23:03.230 [main] GenericDao - Searching for user with author = e
[DEBUG] 2018-02-27 14:23:03.487 [main] GenericDao - Searching for user with phone = 608-354-4453
[DEBUG] 2018-02-27 14:23:03.521 [main] GenericDao - Searching for user with phone = 608
[DEBUG] 2018-02-27 14:25:09.030 [main] GenericDao - Searching for user with lastName = Curry
[DEBUG] 2018-02-27 14:25:09.367 [main] GenericDao - Searching for user with firstName = e
[DEBUG] 2018-02-27 14:25:09.459 [main] GenericDao - Searching for: I
[DEBUG] 2018-02-27 14:25:09.789 [main] GenericDao - Searching for user with author = E. B. White
[DEBUG] 2018-02-27 14:25:09.860 [main] GenericDao - Searching for user with author = e
[DEBUG] 2018-02-27 14:25:10.145 [main] GenericDao - Searching for user with phone = 608-354-4453
[DEBUG] 2018-02-27 14:25:10.195 [main] GenericDao - Searching for user with phone = 608
[DEBUG] 2018-02-27 14:28:23.278 [main] GenericDao - Searching for user with lastName = Curry
[DEBUG] 2018-02-27 14:28:23.773 [main] GenericDao - Searching for user with firstName = e
[DEBUG] 2018-02-27 14:28:23.849 [main] GenericDao - Searching for: I
[DEBUG] 2018-02-27 14:28:24.314 [main] GenericDao - Searching for user with author = E. B. White
[DEBUG] 2018-02-27 14:28:24.345 [main] GenericDao - Searching for user with author = e
[DEBUG] 2018-02-27 14:28:24.672 [main] GenericDao - Searching for user with phone = 608-354-4453
[DEBUG] 2018-02-27 14:28:24.726 [main] GenericDao - Searching for user with phone = 608
[DEBUG] 2018-02-27 14:30:54.463 [main] GenericDao - Searching for user with lastName = Curry
[DEBUG] 2018-02-27 14:30:54.908 [main] GenericDao - Searching for user with firstName = e
[DEBUG] 2018-02-27 14:30:54.969 [main] GenericDao - Searching for: I
[DEBUG] 2018-02-27 14:30:55.333 [main] GenericDao - Searching for user with author = E. B. White
[DEBUG] 2018-02-27 14:30:55.389 [main] GenericDao - Searching for user with author = e
[DEBUG] 2018-02-27 14:30:55.779 [main] GenericDao - Searching for user with phone = 608-354-4453
[DEBUG] 2018-02-27 14:30:55.839 [main] GenericDao - Searching for user with phone = 608
[DEBUG] 2018-02-27 14:33:48.660 [main] GenericDao - Searching for user with lastName = Curry
[DEBUG] 2018-02-27 14:33:49.107 [main] GenericDao - Searching for user with firstName = e
[DEBUG] 2018-02-27 14:33:49.290 [main] GenericDao - Searching for: I
[DEBUG] 2018-02-27 14:33:49.950 [main] GenericDao - Searching for user with author = E. B. White
[DEBUG] 2018-02-27 14:33:50.023 [main] GenericDao - Searching for user with author = e
[DEBUG] 2018-02-27 14:33:50.514 [main] GenericDao - Searching for user with phone = 608-354-4453
[DEBUG] 2018-02-27 14:33:50.597 [main] GenericDao - Searching for user with phone = 608
[DEBUG] 2018-02-27 14:38:37.284 [main] GenericDao - Searching for user with lastName = Curry
[DEBUG] 2018-02-27 14:38:37.634 [main] GenericDao - Searching for user with firstName = e
[DEBUG] 2018-02-27 14:38:37.704 [main] GenericDao - Searching for: I
[DEBUG] 2018-02-27 14:38:38.087 [main] GenericDao - Searching for user with author = E. B. White
[DEBUG] 2018-02-27 14:38:38.121 [main] GenericDao - Searching for user with author = e
[DEBUG] 2018-02-27 14:38:38.387 [main] GenericDao - Searching for user with phone = 608-354-4453
[DEBUG] 2018-02-27 14:38:38.423 [main] GenericDao - Searching for user with phone = 608
[DEBUG] 2018-03-02 22:05:36.564 [main] GenericDao - Searching for user with lastName = Curry
[DEBUG] 2018-03-02 22:05:36.990 [main] GenericDao - Searching for user with firstName = e
[DEBUG] 2018-03-02 22:05:37.042 [main] GenericDao - Searching for: I
[DEBUG] 2018-03-02 22:05:37.448 [main] GenericDao - Searching for user with author = E. B. White
[DEBUG] 2018-03-02 22:05:37.498 [main] GenericDao - Searching for user with author = e
[DEBUG] 2018-03-02 22:05:37.800 [main] GenericDao - Searching for user with phone = 608-354-4453
[DEBUG] 2018-03-02 22:05:37.828 [main] GenericDao - Searching for user with phone = 608
[DEBUG] 2018-03-02 22:06:31.032 [main] GenericDao - Searching for user with lastName = Curry
[DEBUG] 2018-03-02 22:06:31.416 [main] GenericDao - Searching for user with firstName = e
[DEBUG] 2018-03-02 22:06:31.468 [main] GenericDao - Searching for: I
[DEBUG] 2018-03-02 22:06:31.799 [main] GenericDao - Searching for user with author = E. B. White
[DEBUG] 2018-03-02 22:06:31.830 [main] GenericDao - Searching for user with author = e
[DEBUG] 2018-03-02 22:06:32.111 [main] GenericDao - Searching for user with phone = 608-354-4453
[DEBUG] 2018-03-02 22:06:32.154 [main] GenericDao - Searching for user with phone = 608
[DEBUG] 2018-03-02 22:08:05.908 [main] GenericDao - Searching for user with lastName = Curry
[DEBUG] 2018-03-02 22:08:06.177 [main] GenericDao - Searching for user with firstName = e
[DEBUG] 2018-03-02 22:08:06.234 [main] GenericDao - Searching for: I
[DEBUG] 2018-03-02 22:08:06.562 [main] GenericDao - Searching for user with author = E. B. White
[DEBUG] 2018-03-02 22:08:06.591 [main] GenericDao - Searching for user with author = e
[DEBUG] 2018-03-02 22:08:06.865 [main] GenericDao - Searching for user with phone = 608-354-4453
[DEBUG] 2018-03-02 22:08:06.923 [main] GenericDao - Searching for user with phone = 608
[DEBUG] 2018-03-02 22:55:30.375 [main] GenericDao - Searching for user with lastName = Curry
[DEBUG] 2018-03-02 22:55:30.740 [main] GenericDao - Searching for user with firstName = e
[DEBUG] 2018-03-02 22:55:30.800 [main] GenericDao - Searching for: I
[DEBUG] 2018-03-02 22:55:31.137 [main] GenericDao - Searching for user with author = E. B. White
[DEBUG] 2018-03-02 22:55:31.193 [main] GenericDao - Searching for user with author = e
[DEBUG] 2018-03-02 22:55:31.458 [main] GenericDao - Searching for user with phone = 608-354-4453
[DEBUG] 2018-03-02 22:55:31.483 [main] GenericDao - Searching for user with phone = 608
[DEBUG] 2018-03-02 22:56:29.176 [main] GenericDao - Searching for user with lastName = Curry
[DEBUG] 2018-03-02 22:56:29.486 [main] GenericDao - Searching for user with firstName = e
[DEBUG] 2018-03-02 22:56:29.542 [main] GenericDao - Searching for: I
[DEBUG] 2018-03-02 22:56:29.865 [main] GenericDao - Searching for user with author = E. B. White
[DEBUG] 2018-03-02 22:56:29.899 [main] GenericDao - Searching for user with author = e
[DEBUG] 2018-03-02 22:56:30.152 [main] GenericDao - Searching for user with phone = 608-354-4453
[DEBUG] 2018-03-02 22:56:30.183 [main] GenericDao - Searching for user with phone = 608
[DEBUG] 2018-03-02 22:59:00.219 [main] GenericDao - Searching for user with lastName = Curry
[DEBUG] 2018-03-02 22:59:00.548 [main] GenericDao - Searching for user with firstName = e
[DEBUG] 2018-03-02 22:59:00.601 [main] GenericDao - Searching for: I
[DEBUG] 2018-03-02 22:59:00.920 [main] GenericDao - Searching for user with author = E. B. White
[DEBUG] 2018-03-02 22:59:00.968 [main] GenericDao - Searching for user with author = e
[DEBUG] 2018-03-02 22:59:01.254 [main] GenericDao - Searching for user with phone = 608-354-4453
[DEBUG] 2018-03-02 22:59:01.302 [main] GenericDao - Searching for user with phone = 608
[DEBUG] 2018-03-02 23:01:44.037 [main] GenericDao - Searching for user with lastName = Curry
[DEBUG] 2018-03-02 23:01:44.366 [main] GenericDao - Searching for user with firstName = e
[DEBUG] 2018-03-02 23:01:44.445 [main] GenericDao - Searching for: I
[DEBUG] 2018-03-02 23:01:44.813 [main] GenericDao - Searching for user with author = E. B. White
[DEBUG] 2018-03-02 23:01:44.875 [main] GenericDao - Searching for user with author = e
[DEBUG] 2018-03-02 23:01:45.145 [main] GenericDao - Searching for user with phone = 608-354-4453
[DEBUG] 2018-03-02 23:01:45.202 [main] GenericDao - Searching for user with phone = 608
[DEBUG] 2018-03-02 23:08:29.096 [main] GenericDao - Searching for user with lastName = Curry
[DEBUG] 2018-03-02 23:08:29.417 [main] GenericDao - Searching for user with firstName = e
[DEBUG] 2018-03-02 23:08:29.472 [main] GenericDao - Searching for: I
[DEBUG] 2018-03-02 23:08:29.734 [main] GenericDao - Searching for user with author = E. B. White
[DEBUG] 2018-03-02 23:08:29.760 [main] GenericDao - Searching for user with author = e
[DEBUG] 2018-03-02 23:08:29.956 [main] GenericDao - Searching for user with phone = 608-354-4453
[DEBUG] 2018-03-02 23:08:29.987 [main] GenericDao - Searching for user with phone = 608
[DEBUG] 2018-03-02 23:11:19.295 [main] GenericDao - Searching for user with lastName = Curry
[DEBUG] 2018-03-02 23:11:19.630 [main] GenericDao - Searching for user with firstName = e
[DEBUG] 2018-03-02 23:11:19.712 [main] GenericDao - Searching for: I
[DEBUG] 2018-03-02 23:11:20.187 [main] GenericDao - Searching for user with author = E. B. White
[DEBUG] 2018-03-02 23:11:20.224 [main] GenericDao - Searching for user with author = e
[DEBUG] 2018-03-02 23:11:20.497 [main] GenericDao - Searching for user with phone = 608-354-4453
[DEBUG] 2018-03-02 23:11:20.531 [main] GenericDao - Searching for user with phone = 608
[DEBUG] 2018-03-02 23:15:54.907 [main] GenericDao - Searching for user with lastName = Curry
[DEBUG] 2018-03-02 23:15:55.186 [main] GenericDao - Searching for user with firstName = e
[DEBUG] 2018-03-02 23:15:55.238 [main] GenericDao - Searching for: I
[DEBUG] 2018-03-02 23:15:55.656 [main] GenericDao - Searching for user with author = E. B. White
[DEBUG] 2018-03-02 23:15:55.721 [main] GenericDao - Searching for user with author = e
[DEBUG] 2018-03-02 23:15:55.915 [main] GenericDao - Searching for user with phone = 608-354-4453
[DEBUG] 2018-03-02 23:15:55.966 [main] GenericDao - Searching for user with phone = 608
[DEBUG] 2018-03-02 23:18:09.942 [main] GenericDao - Searching for user with lastName = Curry
[DEBUG] 2018-03-02 23:18:10.358 [main] GenericDao - Searching for user with firstName = e
[DEBUG] 2018-03-02 23:18:10.416 [main] GenericDao - Searching for: I
[DEBUG] 2018-03-02 23:18:10.908 [main] GenericDao - Searching for user with author = E. B. White
[DEBUG] 2018-03-02 23:18:10.946 [main] GenericDao - Searching for user with author = e
[DEBUG] 2018-03-02 23:18:11.246 [main] GenericDao - Searching for user with phone = 608-354-4453
[DEBUG] 2018-03-02 23:18:11.265 [main] GenericDao - Searching for user with phone = 608
[DEBUG] 2018-03-02 23:18:55.379 [main] GenericDao - Searching for user with lastName = Curry
[DEBUG] 2018-03-02 23:18:55.718 [main] GenericDao - Searching for user with firstName = e
[DEBUG] 2018-03-02 23:18:55.799 [main] GenericDao - Searching for: I
[DEBUG] 2018-03-02 23:18:56.120 [main] GenericDao - Searching for user with author = E. B. White
[DEBUG] 2018-03-02 23:18:56.151 [main] GenericDao - Searching for user with author = e
[DEBUG] 2018-03-02 23:18:56.449 [main] GenericDao - Searching for user with phone = 608-354-4453
[DEBUG] 2018-03-02 23:18:56.511 [main] GenericDao - Searching for user with phone = 608
[DEBUG] 2018-03-02 23:21:13.274 [main] GenericDao - Searching for user with lastName = Curry
[DEBUG] 2018-03-02 23:21:13.657 [main] GenericDao - Searching for user with firstName = e
[DEBUG] 2018-03-02 23:21:13.710 [main] GenericDao - Searching for: I
[DEBUG] 2018-03-02 23:21:14.109 [main] GenericDao - Searching for user with author = E. B. White
[DEBUG] 2018-03-02 23:21:14.182 [main] GenericDao - Searching for user with author = e
[DEBUG] 2018-03-02 23:21:14.462 [main] GenericDao - Searching for user with phone = 608-354-4453
[DEBUG] 2018-03-02 23:21:14.513 [main] GenericDao - Searching for user with phone = 608
[DEBUG] 2018-03-02 23:28:53.041 [main] GenericDao - Searching for user with lastName = Curry
[DEBUG] 2018-03-02 23:28:53.421 [main] GenericDao - Searching for user with firstName = e
[DEBUG] 2018-03-02 23:28:53.472 [main] GenericDao - Searching for: I
[DEBUG] 2018-03-02 23:28:53.808 [main] GenericDao - Searching for user with author = E. B. White
[DEBUG] 2018-03-02 23:28:53.833 [main] GenericDao - Searching for user with author = e
[DEBUG] 2018-03-02 23:28:54.073 [main] GenericDao - Searching for user with phone = 608-354-4453
[DEBUG] 2018-03-02 23:28:54.105 [main] GenericDao - Searching for user with phone = 608
[DEBUG] 2018-03-02 23:31:32.947 [main] GenericDao - Searching for user with lastName = Curry
[DEBUG] 2018-03-02 23:31:33.229 [main] GenericDao - Searching for user with firstName = e
[DEBUG] 2018-03-02 23:31:33.285 [main] GenericDao - Searching for: I
[DEBUG] 2018-03-02 23:31:33.617 [main] GenericDao - Searching for user with author = E. B. White
[DEBUG] 2018-03-02 23:31:33.647 [main] GenericDao - Searching for user with author = e
[DEBUG] 2018-03-02 23:31:33.942 [main] GenericDao - Searching for user with phone = 608-354-4453
[DEBUG] 2018-03-02 23:31:33.998 [main] GenericDao - Searching for user with phone = 608
[DEBUG] 2018-03-02 23:34:56.722 [main] GenericDao - Searching for user with lastName = Curry
[DEBUG] 2018-03-02 23:34:57.367 [main] GenericDao - Searching for user with firstName = e
[DEBUG] 2018-03-02 23:34:57.501 [main] GenericDao - Searching for: I
[DEBUG] 2018-03-02 23:34:57.991 [main] GenericDao - Searching for user with author = E. B. White
[DEBUG] 2018-03-02 23:34:58.040 [main] GenericDao - Searching for user with author = e
[DEBUG] 2018-03-02 23:34:58.548 [main] GenericDao - Searching for user with phone = 608-354-4453
[DEBUG] 2018-03-02 23:34:58.599 [main] GenericDao - Searching for user with phone = 608
[DEBUG] 2018-03-02 23:37:39.503 [main] GenericDao - Searching for user with lastName = Curry
[DEBUG] 2018-03-02 23:37:39.835 [main] GenericDao - Searching for user with firstName = e
[DEBUG] 2018-03-02 23:37:39.892 [main] GenericDao - Searching for: I
[DEBUG] 2018-03-02 23:37:40.254 [main] GenericDao - Searching for user with author = E. B. White
[DEBUG] 2018-03-02 23:37:40.292 [main] GenericDao - Searching for user with author = e
[DEBUG] 2018-03-02 23:37:40.567 [main] GenericDao - Searching for user with phone = 608-354-4453
[DEBUG] 2018-03-02 23:37:40.603 [main] GenericDao - Searching for user with phone = 608
[DEBUG] 2018-03-02 23:39:18.627 [main] GenericDao - Searching for user with lastName = Curry
[DEBUG] 2018-03-02 23:39:19.228 [main] GenericDao - Searching for user with firstName = e
[DEBUG] 2018-03-02 23:39:19.292 [main] GenericDao - Searching for: I
[DEBUG] 2018-03-02 23:39:19.638 [main] GenericDao - Searching for user with author = E. B. White
[DEBUG] 2018-03-02 23:39:19.790 [main] GenericDao - Searching for user with author = e
[DEBUG] 2018-03-02 23:39:20.097 [main] GenericDao - Searching for user with phone = 608-354-4453
[DEBUG] 2018-03-02 23:39:20.133 [main] GenericDao - Searching for user with phone = 608
[DEBUG] 2018-03-02 23:41:44.626 [main] GenericDao - Searching for user with lastName = Curry
[DEBUG] 2018-03-02 23:41:44.963 [main] GenericDao - Searching for user with firstName = e
[DEBUG] 2018-03-02 23:41:45.020 [main] GenericDao - Searching for: I
[DEBUG] 2018-03-02 23:41:45.327 [main] GenericDao - Searching for user with author = E. B. White
[DEBUG] 2018-03-02 23:41:45.366 [main] GenericDao - Searching for user with author = e
[DEBUG] 2018-03-02 23:41:45.636 [main] GenericDao - Searching for user with phone = 608-354-4453
[DEBUG] 2018-03-02 23:41:45.677 [main] GenericDao - Searching for user with phone = 608
[DEBUG] 2018-03-02 23:55:38.571 [main] GenericDao - Searching for user with lastName = Curry
[DEBUG] 2018-03-02 23:55:39.057 [main] GenericDao - Searching for user with firstName = e
[DEBUG] 2018-03-02 23:55:39.115 [main] GenericDao - Searching for: I
[DEBUG] 2018-03-02 23:55:39.483 [main] GenericDao - Searching for user with author = E. B. White
[DEBUG] 2018-03-02 23:55:39.532 [main] GenericDao - Searching for user with author = e
[DEBUG] 2018-03-02 23:55:39.802 [main] GenericDao - Searching for user with phone = 608-354-4453
[DEBUG] 2018-03-02 23:55:39.847 [main] GenericDao - Searching for user with phone = 608
[DEBUG] 2018-03-02 23:57:01.994 [main] GenericDao - Searching for user with lastName = Curry
[DEBUG] 2018-03-02 23:57:02.294 [main] GenericDao - Searching for user with firstName = e
[DEBUG] 2018-03-02 23:57:02.347 [main] GenericDao - Searching for: I
[DEBUG] 2018-03-02 23:57:02.689 [main] GenericDao - Searching for user with author = E. B. White
[DEBUG] 2018-03-02 23:57:02.714 [main] GenericDao - Searching for user with author = e
[DEBUG] 2018-03-02 23:57:03.023 [main] GenericDao - Searching for user with phone = 608-354-4453
[DEBUG] 2018-03-02 23:57:03.049 [main] GenericDao - Searching for user with phone = 608
[DEBUG] 2018-03-03 00:24:28.031 [main] GenericDao - Searching for user with lastName = Curry
[DEBUG] 2018-03-03 00:24:28.417 [main] GenericDao - Searching for user with firstName = e
[DEBUG] 2018-03-03 00:24:28.488 [main] GenericDao - Searching for: I
[DEBUG] 2018-03-03 00:24:28.980 [main] GenericDao - Searching for user with author = E. B. White
[DEBUG] 2018-03-03 00:24:29.049 [main] GenericDao - Searching for user with author = e
[DEBUG] 2018-03-03 00:24:29.408 [main] GenericDao - Searching for user with phone = 608-354-4453
[DEBUG] 2018-03-03 00:24:29.478 [main] GenericDao - Searching for user with phone = 608
[DEBUG] 2018-03-03 00:31:08.351 [main] GenericDao - Searching for user with lastName = Curry
[DEBUG] 2018-03-03 00:31:08.749 [main] GenericDao - Searching for user with firstName = e
[DEBUG] 2018-03-03 00:31:08.810 [main] GenericDao - Searching for: I
[DEBUG] 2018-03-03 00:31:09.232 [main] GenericDao - Searching for user with author = E. B. White
[DEBUG] 2018-03-03 00:31:09.284 [main] GenericDao - Searching for user with author = e
[DEBUG] 2018-03-03 00:31:09.599 [main] GenericDao - Searching for user with phone = 608-354-4453
[DEBUG] 2018-03-03 00:31:09.630 [main] GenericDao - Searching for user with phone = 608
[DEBUG] 2018-03-03 00:33:45.548 [main] GenericDao - Searching for user with lastName = Curry
[DEBUG] 2018-03-03 00:33:45.868 [main] GenericDao - Searching for user with firstName = e
[DEBUG] 2018-03-03 00:33:45.949 [main] GenericDao - Searching for: I
[DEBUG] 2018-03-03 00:33:46.260 [main] GenericDao - Searching for user with author = E. B. White
[DEBUG] 2018-03-03 00:33:46.290 [main] GenericDao - Searching for user with author = e
[DEBUG] 2018-03-03 00:33:46.560 [main] GenericDao - Searching for user with phone = 608-354-4453
[DEBUG] 2018-03-03 00:33:46.593 [main] GenericDao - Searching for user with phone = 608
[DEBUG] 2018-03-03 00:36:54.308 [main] GenericDao - Searching for user with lastName = Curry
[DEBUG] 2018-03-03 00:36:54.616 [main] GenericDao - Searching for user with firstName = e
[DEBUG] 2018-03-03 00:36:54.668 [main] GenericDao - Searching for: I
[DEBUG] 2018-03-03 00:36:55.043 [main] GenericDao - Searching for user with author = E. B. White
[DEBUG] 2018-03-03 00:36:55.075 [main] GenericDao - Searching for user with author = e
[DEBUG] 2018-03-03 00:36:55.309 [main] GenericDao - Searching for user with phone = 608-354-4453
[DEBUG] 2018-03-03 00:36:55.378 [main] GenericDao - Searching for user with phone = 608
[DEBUG] 2018-03-03 00:45:16.467 [main] GenericDao - Searching for user with lastName = Curry
[DEBUG] 2018-03-03 00:45:16.955 [main] GenericDao - Searching for user with firstName = e
[DEBUG] 2018-03-03 00:45:17.006 [main] GenericDao - Searching for: I
[DEBUG] 2018-03-03 00:45:17.389 [main] GenericDao - Searching for user with author = E. B. White
[DEBUG] 2018-03-03 00:45:17.433 [main] GenericDao - Searching for user with author = e
[DEBUG] 2018-03-03 00:45:17.650 [main] GenericDao - Searching for user with phone = 608-354-4453
[DEBUG] 2018-03-03 00:45:17.684 [main] GenericDao - Searching for user with phone = 608
[DEBUG] 2018-03-03 00:47:01.470 [main] GenericDao - Searching for user with lastName = Curry
[DEBUG] 2018-03-03 00:47:01.884 [main] GenericDao - Searching for user with firstName = e
[DEBUG] 2018-03-03 00:47:02.062 [main] GenericDao - Searching for: I
[DEBUG] 2018-03-03 00:47:02.527 [main] GenericDao - Searching for user with author = E. B. White
[DEBUG] 2018-03-03 00:47:02.583 [main] GenericDao - Searching for user with author = e
[DEBUG] 2018-03-03 00:47:02.949 [main] GenericDao - Searching for user with phone = 608-354-4453
[DEBUG] 2018-03-03 00:47:03.025 [main] GenericDao - Searching for user with phone = 608
[DEBUG] 2018-03-03 00:48:45.986 [main] GenericDao - Searching for user with lastName = Curry
[DEBUG] 2018-03-03 00:48:46.374 [main] GenericDao - Searching for user with firstName = e
[DEBUG] 2018-03-03 00:48:46.442 [main] GenericDao - Searching for: I
[DEBUG] 2018-03-03 00:48:46.916 [main] GenericDao - Searching for user with author = E. B. White
[DEBUG] 2018-03-03 00:48:46.968 [main] GenericDao - Searching for user with author = e
[DEBUG] 2018-03-03 00:48:47.238 [main] GenericDao - Searching for user with phone = 608-354-4453
[DEBUG] 2018-03-03 00:48:47.294 [main] GenericDao - Searching for user with phone = 608
